Atomnum Atom Direction Displacement
Cr 0 0 0
Reading berryphases born-0.01-0x--berryphases.json
Cr 0 0 1
Reading berryphases born-0.01-0x+-berryphases.json
Cr 0 1 0
Reading berryphases born-0.01-0y--berryphases.json
Cr 0 1 1
Reading berryphases born-0.01-0y+-berryphases.json
Cr 0 2 0
Reading berryphases born-0.01-0z--berryphases.json
Cr 0 2 1
Reading berryphases born-0.01-0z+-berryphases.json
Cr 1 0 0
Reading berryphases born-0.01-1x--berryphases.json
Cr 1 0 1
Reading berryphases born-0.01-1x+-berryphases.json
Cr 1 1 0
Reading berryphases born-0.01-1y--berryphases.json
Cr 1 1 1
Reading berryphases born-0.01-1y+-berryphases.json
Cr 1 2 0
Reading berryphases born-0.01-1z--berryphases.json
Cr 1 2 1
Reading berryphases born-0.01-1z+-berryphases.json
I 2 0 0
Reading berryphases born-0.01-2x--berryphases.json
I 2 0 1
Reading berryphases born-0.01-2x+-berryphases.json
I 2 1 0
Reading berryphases born-0.01-2y--berryphases.json
I 2 1 1
Reading berryphases born-0.01-2y+-berryphases.json
I 2 2 0
Reading berryphases born-0.01-2z--berryphases.json
I 2 2 1
Reading berryphases born-0.01-2z+-berryphases.json
I 3 0 0
Reading berryphases born-0.01-3x--berryphases.json
I 3 0 1
Reading berryphases born-0.01-3x+-berryphases.json
I 3 1 0
Reading berryphases born-0.01-3y--berryphases.json
I 3 1 1
Reading berryphases born-0.01-3y+-berryphases.json
I 3 2 0
Reading berryphases born-0.01-3z--berryphases.json
I 3 2 1
Reading berryphases born-0.01-3z+-berryphases.json
I 4 0 0
Reading berryphases born-0.01-4x--berryphases.json
I 4 0 1
Reading berryphases born-0.01-4x+-berryphases.json
I 4 1 0
Reading berryphases born-0.01-4y--berryphases.json
I 4 1 1
Reading berryphases born-0.01-4y+-berryphases.json
I 4 2 0
Reading berryphases born-0.01-4z--berryphases.json
I 4 2 1
Reading berryphases born-0.01-4z+-berryphases.json
I 5 0 0
Reading berryphases born-0.01-5x--berryphases.json
I 5 0 1
Reading berryphases born-0.01-5x+-berryphases.json
I 5 1 0
Reading berryphases born-0.01-5y--berryphases.json
I 5 1 1
Reading berryphases born-0.01-5y+-berryphases.json
I 5 2 0
Reading berryphases born-0.01-5z--berryphases.json
I 5 2 1
Reading berryphases born-0.01-5z+-berryphases.json
I 6 0 0
Reading berryphases born-0.01-6x--berryphases.json
I 6 0 1
Reading berryphases born-0.01-6x+-berryphases.json
I 6 1 0
Reading berryphases born-0.01-6y--berryphases.json
I 6 1 1
Reading berryphases born-0.01-6y+-berryphases.json
I 6 2 0
Reading berryphases born-0.01-6z--berryphases.json
I 6 2 1
Reading berryphases born-0.01-6z+-berryphases.json
I 7 0 0
Reading berryphases born-0.01-7x--berryphases.json
I 7 0 1
Reading berryphases born-0.01-7x+-berryphases.json
I 7 1 0
Reading berryphases born-0.01-7y--berryphases.json
I 7 1 1
Reading berryphases born-0.01-7y+-berryphases.json
I 7 2 0
Reading berryphases born-0.01-7z--berryphases.json
I 7 2 1
Reading berryphases born-0.01-7z+-berryphases.json
Cr 8 0 0
Reading berryphases born-0.01-8x--berryphases.json
Cr 8 0 1
Reading berryphases born-0.01-8x+-berryphases.json
Cr 8 1 0
Reading berryphases born-0.01-8y--berryphases.json
Cr 8 1 1
Reading berryphases born-0.01-8y+-berryphases.json
Cr 8 2 0
Reading berryphases born-0.01-8z--berryphases.json
Cr 8 2 1
Reading berryphases born-0.01-8z+-berryphases.json
Cr 9 0 0
