Atomnum Atom Direction Displacement
Cr 0 0 0
Reading berryphases born-0.01-0x--berryphases.json
Cr 0 0 1
Reading berryphases born-0.01-0x+-berryphases.json
Cr 0 1 0
Reading berryphases born-0.01-0y--berryphases.json
Cr 0 1 1
Reading berryphases born-0.01-0y+-berryphases.json
Cr 0 2 0
Reading berryphases born-0.01-0z--berryphases.json
Cr 0 2 1
Reading berryphases born-0.01-0z+-berryphases.json
Cr 1 0 0
Reading berryphases born-0.01-1x--berryphases.json
Cr 1 0 1
Reading berryphases born-0.01-1x+-berryphases.json
Cr 1 1 0
Reading berryphases born-0.01-1y--berryphases.json
Cr 1 1 1
Reading berryphases born-0.01-1y+-berryphases.json
Cr 1 2 0
Reading berryphases born-0.01-1z--berryphases.json
Cr 1 2 1
Reading berryphases born-0.01-1z+-berryphases.json
I 2 0 0
Reading berryphases born-0.01-2x--berryphases.json
I 2 0 1
Reading berryphases born-0.01-2x+-berryphases.json
I 2 1 0
Reading berryphases born-0.01-2y--berryphases.json
I 2 1 1
Reading berryphases born-0.01-2y+-berryphases.json
I 2 2 0
Reading berryphases born-0.01-2z--berryphases.json
I 2 2 1
Reading berryphases born-0.01-2z+-berryphases.json
I 3 0 0
Reading berryphases born-0.01-3x--berryphases.json
I 3 0 1
Reading berryphases born-0.01-3x+-berryphases.json
I 3 1 0
Reading berryphases born-0.01-3y--berryphases.json
I 3 1 1
Reading berryphases born-0.01-3y+-berryphases.json
I 3 2 0
Reading berryphases born-0.01-3z--berryphases.json
I 3 2 1
Reading berryphases born-0.01-3z+-berryphases.json
I 4 0 0
Reading berryphases born-0.01-4x--berryphases.json
I 4 0 1
Reading berryphases born-0.01-4x+-berryphases.json
I 4 1 0
Reading berryphases born-0.01-4y--berryphases.json
I 4 1 1
Reading berryphases born-0.01-4y+-berryphases.json
I 4 2 0
Reading berryphases born-0.01-4z--berryphases.json
I 4 2 1
Reading berryphases born-0.01-4z+-berryphases.json
I 5 0 0
Reading berryphases born-0.01-5x--berryphases.json
I 5 0 1
Reading berryphases born-0.01-5x+-berryphases.json
I 5 1 0
Reading berryphases born-0.01-5y--berryphases.json
I 5 1 1
Reading berryphases born-0.01-5y+-berryphases.json
I 5 2 0
Reading berryphases born-0.01-5z--berryphases.json
I 5 2 1
Reading berryphases born-0.01-5z+-berryphases.json
I 6 0 0
Reading berryphases born-0.01-6x--berryphases.json
I 6 0 1
Reading berryphases born-0.01-6x+-berryphases.json
I 6 1 0
Reading berryphases born-0.01-6y--berryphases.json
I 6 1 1
Reading berryphases born-0.01-6y+-berryphases.json
I 6 2 0
Reading berryphases born-0.01-6z--berryphases.json
I 6 2 1
Reading berryphases born-0.01-6z+-berryphases.json
I 7 0 0
Reading berryphases born-0.01-7x--berryphases.json
I 7 0 1
Reading berryphases born-0.01-7x+-berryphases.json
I 7 1 0
Reading berryphases born-0.01-7y--berryphases.json
I 7 1 1
Reading berryphases born-0.01-7y+-berryphases.json
I 7 2 0
Reading berryphases born-0.01-7z--berryphases.json
I 7 2 1
Reading berryphases born-0.01-7z+-berryphases.json
Cr 8 0 0
Reading berryphases born-0.01-8x--berryphases.json
Cr 8 0 1
Reading berryphases born-0.01-8x+-berryphases.json
Cr 8 1 0
Reading berryphases born-0.01-8y--berryphases.json
Cr 8 1 1
Reading berryphases born-0.01-8y+-berryphases.json
Cr 8 2 0
Reading berryphases born-0.01-8z--berryphases.json
Cr 8 2 1
Reading berryphases born-0.01-8z+-berryphases.json
Cr 9 0 0
Reading berryphases born-0.01-9x--berryphases.json
Cr 9 0 1
Reading berryphases born-0.01-9x+-berryphases.json
Cr 9 1 0
Reading berryphases born-0.01-9y--berryphases.json
Cr 9 1 1
Reading berryphases born-0.01-9y+-berryphases.json
Cr 9 2 0
Reading berryphases born-0.01-9z--berryphases.json
Cr 9 2 1
Reading berryphases born-0.01-9z+-berryphases.json
I 10 0 0
Reading berryphases born-0.01-10x--berryphases.json
I 10 0 1
Reading berryphases born-0.01-10x+-berryphases.json
I 10 1 0
Reading berryphases born-0.01-10y--berryphases.json
I 10 1 1
Reading berryphases born-0.01-10y+-berryphases.json
I 10 2 0
Reading berryphases born-0.01-10z--berryphases.json
I 10 2 1
Reading berryphases born-0.01-10z+-berryphases.json
I 11 0 0
Reading berryphases born-0.01-11x--berryphases.json
I 11 0 1
Reading berryphases born-0.01-11x+-berryphases.json
I 11 1 0
Reading berryphases born-0.01-11y--berryphases.json
I 11 1 1
Reading berryphases born-0.01-11y+-berryphases.json
I 11 2 0
Reading berryphases born-0.01-11z--berryphases.json
I 11 2 1
Reading berryphases born-0.01-11z+-berryphases.json
I 12 0 0
Reading berryphases born-0.01-12x--berryphases.json
I 12 0 1
Reading berryphases born-0.01-12x+-berryphases.json
I 12 1 0
Reading berryphases born-0.01-12y--berryphases.json
I 12 1 1
Reading berryphases born-0.01-12y+-berryphases.json
I 12 2 0
Reading berryphases born-0.01-12z--berryphases.json
I 12 2 1
Reading berryphases born-0.01-12z+-berryphases.json
I 13 0 0
Reading berryphases born-0.01-13x--berryphases.json
I 13 0 1
Reading berryphases born-0.01-13x+-berryphases.json
I 13 1 0
Reading berryphases born-0.01-13y--berryphases.json
I 13 1 1
Reading berryphases born-0.01-13y+-berryphases.json
I 13 2 0
Reading berryphases born-0.01-13z--berryphases.json
I 13 2 1
Reading berryphases born-0.01-13z+-berryphases.json
I 14 0 0
Reading berryphases born-0.01-14x--berryphases.json
I 14 0 1
Reading berryphases born-0.01-14x+-berryphases.json
I 14 1 0
Reading berryphases born-0.01-14y--berryphases.json
I 14 1 1
Reading berryphases born-0.01-14y+-berryphases.json
I 14 2 0
Reading berryphases born-0.01-14z--berryphases.json
I 14 2 1
Reading berryphases born-0.01-14z+-berryphases.json
I 15 0 0
Reading berryphases born-0.01-15x--berryphases.json
I 15 0 1
Reading berryphases born-0.01-15x+-berryphases.json
I 15 1 0
Reading berryphases born-0.01-15y--berryphases.json
I 15 1 1
Reading berryphases born-0.01-15y+-berryphases.json
I 15 2 0
Reading berryphases born-0.01-15z--berryphases.json
I 15 2 1
Reading berryphases born-0.01-15z+-berryphases.json
