rank=03 L00: Traceback (most recent call last):
rank=03 L01:   File "/home/niflheim/madkru/new_venv/bin/gpaw", line 33, in <module>
rank=03 L02:     sys.exit(load_entry_point('gpaw', 'console_scripts', 'gpaw')())
rank=03 L03:   File "/home/niflheim/madkru/new_venv/gpaw/gpaw/cli/main.py", line 80, in main
rank=03 L04:     ase_main('gpaw', 'GPAW command-line tool', __version__,
rank=03 L05:   File "/home/niflheim/madkru/new_venv/ase/ase/cli/main.py", line 103, in main
rank=03 L06:     f(args)
rank=03 L07:   File "/home/niflheim/madkru/new_venv/gpaw/gpaw/cli/python.py", line 34, in run
rank=03 L08:     runpy.run_path(args.arguments[0], run_name='__main__')
rank=03 L09:   File "/home/modules/software/Python/3.8.6-GCCcore-10.2.0/lib/python3.8/runpy.py", line 265, in run_path
rank=03 L10:     return _run_module_code(code, init_globals, run_name,
rank=03 L11:   File "/home/modules/software/Python/3.8.6-GCCcore-10.2.0/lib/python3.8/runpy.py", line 97, in _run_module_code
rank=03 L12:     _run_code(code, mod_globals, init_globals,
rank=03 L13:   File "/home/modules/software/Python/3.8.6-GCCcore-10.2.0/lib/python3.8/runpy.py", line 87, in _run_code
rank=03 L14:     exec(code, run_globals)
rank=03 L15:   File "get_me_coupling.py", line 92, in <module>
rank=03 L16:     structure.get_potential_energy()
rank=03 L17:   File "/home/niflheim/madkru/new_venv/ase/ase/atoms.py", line 731, in get_potential_energy
rank=03 L18:     energy = self._calc.get_potential_energy(self)
rank=03 L19:   File "/home/niflheim/madkru/new_venv/ase/ase/calculators/abc.py", line 24, in get_potential_energy
rank=03 L20:     return self.get_property(name, atoms)
rank=03 L21:   File "/home/niflheim/madkru/new_venv/ase/ase/calculators/calculator.py", line 509, in get_property
rank=03 L22:     self.calculate(atoms, [name], system_changes)
rank=03 L23:   File "/home/niflheim/madkru/new_venv/gpaw/gpaw/calculator.py", line 331, in calculate
rank=03 L24:     for _ in self.icalculate(atoms, properties, system_changes):
rank=03 L25:   File "/home/niflheim/madkru/new_venv/gpaw/gpaw/calculator.py", line 369, in icalculate
rank=03 L26:     yield from self.scf.irun(
rank=03 L27:   File "/home/niflheim/madkru/new_venv/gpaw/gpaw/scf.py", line 63, in irun
rank=03 L28:     wfs.eigensolver.iterate(ham, wfs)
rank=03 L29:   File "/home/niflheim/madkru/new_venv/gpaw/gpaw/eigensolvers/eigensolver.py", line 135, in iterate
rank=03 L30:     wfs.orthonormalize(kpt)
rank=03 L31:   File "/home/niflheim/madkru/new_venv/ase/ase/utils/timing.py", line 186, in new_method
rank=03 L32:     x = method(slf, *args, **kwargs)
rank=03 L33:   File "/home/niflheim/madkru/new_venv/gpaw/gpaw/wavefunctions/fdpw.py", line 412, in orthonormalize
rank=03 L34:     S.invcholesky()
rank=03 L35:   File "/home/niflheim/madkru/new_venv/gpaw/gpaw/matrix.py", line 246, in invcholesky
rank=03 L36:     L_nn = linalg.cholesky(S.array,
rank=03 L37:   File "/home/modules/software/SciPy-bundle/2020.11-foss-2020b/lib/python3.8/site-packages/scipy/linalg/decomp_cholesky.py", line 88, in cholesky
rank=03 L38:     c, lower = _cholesky(a, lower=lower, overwrite_a=overwrite_a, clean=True,
rank=03 L39:   File "/home/modules/software/SciPy-bundle/2020.11-foss-2020b/lib/python3.8/site-packages/scipy/linalg/decomp_cholesky.py", line 37, in _cholesky
rank=03 L40:     raise LinAlgError("%d-th leading minor of the array is not positive "
rank=03 L41: numpy.linalg.LinAlgError: 297-th leading minor of the array is not positive definite
GPAW CLEANUP (node 3): <class 'numpy.linalg.LinAlgError'> occurred.  Calling MPI_Abort!
rank=16 L00: Traceback (most recent call last):
rank=16 L01:   File "/home/niflheim/madkru/new_venv/bin/gpaw", line 33, in <module>
rank=16 L02:     sys.exit(load_entry_point('gpaw', 'console_scripts', 'gpaw')())
rank=16 L03:   File "/home/niflheim/madkru/new_venv/gpaw/gpaw/cli/main.py", line 80, in main
rank=16 L04:     ase_main('gpaw', 'GPAW command-line tool', __version__,
rank=16 L05:   File "/home/niflheim/madkru/new_venv/ase/ase/cli/main.py", line 103, in main
rank=16 L06:     f(args)
rank=16 L07:   File "/home/niflheim/madkru/new_venv/gpaw/gpaw/cli/python.py", line 34, in run
rank=16 L08:     runpy.run_path(args.arguments[0], run_name='__main__')
rank=16 L09:   File "/home/modules/software/Python/3.8.6-GCCcore-10.2.0/lib/python3.8/runpy.py", line 265, in run_path
rank=16 L10:     return _run_module_code(code, init_globals, run_name,
rank=16 L11:   File "/home/modules/software/Python/3.8.6-GCCcore-10.2.0/lib/python3.8/runpy.py", line 97, in _run_module_code
rank=16 L12:     _run_code(code, mod_globals, init_globals,
rank=16 L13:   File "/home/modules/software/Python/3.8.6-GCCcore-10.2.0/lib/python3.8/runpy.py", line 87, in _run_code
rank=16 L14:     exec(code, run_globals)
rank=16 L15:   File "get_me_coupling.py", line 92, in <module>
rank=16 L16:     structure.get_potential_energy()
rank=16 L17:   File "/home/niflheim/madkru/new_venv/ase/ase/atoms.py", line 731, in get_potential_energy
rank=16 L18:     energy = self._calc.get_potential_energy(self)
rank=16 L19:   File "/home/niflheim/madkru/new_venv/ase/ase/calculators/abc.py", line 24, in get_potential_energy
rank=16 L20:     return self.get_property(name, atoms)
rank=16 L21:   File "/home/niflheim/madkru/new_venv/ase/ase/calculators/calculator.py", line 509, in get_property
rank=16 L22:     self.calculate(atoms, [name], system_changes)
rank=16 L23:   File "/home/niflheim/madkru/new_venv/gpaw/gpaw/calculator.py", line 331, in calculate
rank=16 L24:     for _ in self.icalculate(atoms, properties, system_changes):
rank=16 L25:   File "/home/niflheim/madkru/new_venv/gpaw/gpaw/calculator.py", line 369, in icalculate
rank=16 L26:     yield from self.scf.irun(
rank=16 L27:   File "/home/niflheim/madkru/new_venv/gpaw/gpaw/scf.py", line 63, in irun
rank=16 L28:     wfs.eigensolver.iterate(ham, wfs)
rank=16 L29:   File "/home/niflheim/madkru/new_venv/gpaw/gpaw/eigensolvers/eigensolver.py", line 135, in iterate
rank=16 L30:     wfs.orthonormalize(kpt)
rank=16 L31:   File "/home/niflheim/madkru/new_venv/ase/ase/utils/timing.py", line 186, in new_method
rank=16 L32:     x = method(slf, *args, **kwargs)
rank=16 L33:   File "/home/niflheim/madkru/new_venv/gpaw/gpaw/wavefunctions/fdpw.py", line 412, in orthonormalize
rank=16 L34:     S.invcholesky()
rank=16 L35:   File "/home/niflheim/madkru/new_venv/gpaw/gpaw/matrix.py", line 246, in invcholesky
rank=16 L36:     L_nn = linalg.cholesky(S.array,
rank=16 L37:   File "/home/modules/software/SciPy-bundle/2020.11-foss-2020b/lib/python3.8/site-packages/scipy/linalg/decomp_cholesky.py", line 88, in cholesky
rank=16 L38:     c, lower = _cholesky(a, lower=lower, overwrite_a=overwrite_a, clean=True,
rank=16 L39:   File "/home/modules/software/SciPy-bundle/2020.11-foss-2020b/lib/python3.8/site-packages/scipy/linalg/decomp_cholesky.py", line 37, in _cholesky
rank=16 L40:     raise LinAlgError("%d-th leading minor of the array is not positive "
rank=16 L41: numpy.linalg.LinAlgError: 297-th leading minor of the array is not positive definite
GPAW CLEANUP (node 16): <class 'numpy.linalg.LinAlgError'> occurred.  Calling MPI_Abort!
rank=08 L00: Traceback (most recent call last):
rank=08 L01:   File "/home/niflheim/madkru/new_venv/bin/gpaw", line 33, in <module>
rank=08 L02:     sys.exit(load_entry_point('gpaw', 'console_scripts', 'gpaw')())
rank=08 L03:   File "/home/niflheim/madkru/new_venv/gpaw/gpaw/cli/main.py", line 80, in main
rank=08 L04:     ase_main('gpaw', 'GPAW command-line tool', __version__,
rank=08 L05:   File "/home/niflheim/madkru/new_venv/ase/ase/cli/main.py", line 103, in main
rank=08 L06:     f(args)
rank=08 L07:   File "/home/niflheim/madkru/new_venv/gpaw/gpaw/cli/python.py", line 34, in run
rank=08 L08:     runpy.run_path(args.arguments[0], run_name='__main__')
rank=08 L09:   File "/home/modules/software/Python/3.8.6-GCCcore-10.2.0/lib/python3.8/runpy.py", line 265, in run_path
rank=08 L10:     return _run_module_code(code, init_globals, run_name,
rank=08 L11:   File "/home/modules/software/Python/3.8.6-GCCcore-10.2.0/lib/python3.8/runpy.py", line 97, in _run_module_code
rank=08 L12:     _run_code(code, mod_globals, init_globals,
rank=08 L13:   File "/home/modules/software/Python/3.8.6-GCCcore-10.2.0/lib/python3.8/runpy.py", line 87, in _run_code
rank=08 L14:     exec(code, run_globals)
rank=08 L15:   File "get_me_coupling.py", line 92, in <module>
rank=08 L16:     structure.get_potential_energy()
rank=08 L17:   File "/home/niflheim/madkru/new_venv/ase/ase/atoms.py", line 731, in get_potential_energy
rank=08 L18:     energy = self._calc.get_potential_energy(self)
rank=08 L19:   File "/home/niflheim/madkru/new_venv/ase/ase/calculators/abc.py", line 24, in get_potential_energy
rank=08 L20:     return self.get_property(name, atoms)
rank=08 L21:   File "/home/niflheim/madkru/new_venv/ase/ase/calculators/calculator.py", line 509, in get_property
rank=08 L22:     self.calculate(atoms, [name], system_changes)
rank=08 L23:   File "/home/niflheim/madkru/new_venv/gpaw/gpaw/calculator.py", line 331, in calculate
rank=08 L24:     for _ in self.icalculate(atoms, properties, system_changes):
rank=08 L25:   File "/home/niflheim/madkru/new_venv/gpaw/gpaw/calculator.py", line 369, in icalculate
rank=08 L26:     yield from self.scf.irun(
rank=08 L27:   File "/home/niflheim/madkru/new_venv/gpaw/gpaw/scf.py", line 63, in irun
rank=08 L28:     wfs.eigensolver.iterate(ham, wfs)
rank=08 L29:   File "/home/niflheim/madkru/new_venv/gpaw/gpaw/eigensolvers/eigensolver.py", line 135, in iterate
rank=08 L30:     wfs.orthonormalize(kpt)
rank=08 L31:   File "/home/niflheim/madkru/new_venv/ase/ase/utils/timing.py", line 186, in new_method
rank=08 L32:     x = method(slf, *args, **kwargs)
rank=08 L33:   File "/home/niflheim/madkru/new_venv/gpaw/gpaw/wavefunctions/fdpw.py", line 412, in orthonormalize
rank=08 L34:     S.invcholesky()
rank=08 L35:   File "/home/niflheim/madkru/new_venv/gpaw/gpaw/matrix.py", line 246, in invcholesky
rank=08 L36:     L_nn = linalg.cholesky(S.array,
rank=08 L37:   File "/home/modules/software/SciPy-bundle/2020.11-foss-2020b/lib/python3.8/site-packages/scipy/linalg/decomp_cholesky.py", line 88, in cholesky
rank=08 L38:     c, lower = _cholesky(a, lower=lower, overwrite_a=overwrite_a, clean=True,
rank=08 L39:   File "/home/modules/software/SciPy-bundle/2020.11-foss-2020b/lib/python3.8/site-packages/scipy/linalg/decomp_cholesky.py", line 37, in _cholesky
rank=08 L40:     raise LinAlgError("%d-th leading minor of the array is not positive "
rank=08 L41: numpy.linalg.LinAlgError: 297-th leading minor of the array is not positive definite
GPAW CLEANUP (node 8): <class 'numpy.linalg.LinAlgError'> occurred.  Calling MPI_Abort!
rank=06 L00: Traceback (most recent call last):
rank=06 L01:   File "/home/niflheim/madkru/new_venv/bin/gpaw", line 33, in <module>
rank=06 L02:     sys.exit(load_entry_point('gpaw', 'console_scripts', 'gpaw')())
rank=06 L03:   File "/home/niflheim/madkru/new_venv/gpaw/gpaw/cli/main.py", line 80, in main
rank=06 L04:     ase_main('gpaw', 'GPAW command-line tool', __version__,
rank=06 L05:   File "/home/niflheim/madkru/new_venv/ase/ase/cli/main.py", line 103, in main
rank=06 L06:     f(args)
rank=06 L07:   File "/home/niflheim/madkru/new_venv/gpaw/gpaw/cli/python.py", line 34, in run
rank=06 L08:     runpy.run_path(args.arguments[0], run_name='__main__')
rank=06 L09:   File "/home/modules/software/Python/3.8.6-GCCcore-10.2.0/lib/python3.8/runpy.py", line 265, in run_path
rank=06 L10:     return _run_module_code(code, init_globals, run_name,
rank=06 L11:   File "/home/modules/software/Python/3.8.6-GCCcore-10.2.0/lib/python3.8/runpy.py", line 97, in _run_module_code
rank=06 L12:     _run_code(code, mod_globals, init_globals,
rank=06 L13:   File "/home/modules/software/Python/3.8.6-GCCcore-10.2.0/lib/python3.8/runpy.py", line 87, in _run_code
rank=06 L14:     exec(code, run_globals)
rank=06 L15:   File "get_me_coupling.py", line 92, in <module>
rank=06 L16:     structure.get_potential_energy()
rank=06 L17:   File "/home/niflheim/madkru/new_venv/ase/ase/atoms.py", line 731, in get_potential_energy
rank=06 L18:     energy = self._calc.get_potential_energy(self)
rank=06 L19:   File "/home/niflheim/madkru/new_venv/ase/ase/calculators/abc.py", line 24, in get_potential_energy
rank=06 L20:     return self.get_property(name, atoms)
rank=06 L21:   File "/home/niflheim/madkru/new_venv/ase/ase/calculators/calculator.py", line 509, in get_property
rank=06 L22:     self.calculate(atoms, [name], system_changes)
rank=06 L23:   File "/home/niflheim/madkru/new_venv/gpaw/gpaw/calculator.py", line 331, in calculate
rank=06 L24:     for _ in self.icalculate(atoms, properties, system_changes):
rank=06 L25:   File "/home/niflheim/madkru/new_venv/gpaw/gpaw/calculator.py", line 369, in icalculate
rank=06 L26:     yield from self.scf.irun(
rank=06 L27:   File "/home/niflheim/madkru/new_venv/gpaw/gpaw/scf.py", line 63, in irun
rank=06 L28:     wfs.eigensolver.iterate(ham, wfs)
rank=06 L29:   File "/home/niflheim/madkru/new_venv/gpaw/gpaw/eigensolvers/eigensolver.py", line 135, in iterate
rank=06 L30:     wfs.orthonormalize(kpt)
rank=06 L31:   File "/home/niflheim/madkru/new_venv/ase/ase/utils/timing.py", line 186, in new_method
rank=06 L32:     x = method(slf, *args, **kwargs)
rank=06 L33:   File "/home/niflheim/madkru/new_venv/gpaw/gpaw/wavefunctions/fdpw.py", line 412, in orthonormalize
rank=06 L34:     S.invcholesky()
rank=06 L35:   File "/home/niflheim/madkru/new_venv/gpaw/gpaw/matrix.py", line 246, in invcholesky
rank=06 L36:     L_nn = linalg.cholesky(S.array,
rank=06 L37:   File "/home/modules/software/SciPy-bundle/2020.11-foss-2020b/lib/python3.8/site-packages/scipy/linalg/decomp_cholesky.py", line 88, in cholesky
rank=06 L38:     c, lower = _cholesky(a, lower=lower, overwrite_a=overwrite_a, clean=True,
rank=06 L39:   File "/home/modules/software/SciPy-bundle/2020.11-foss-2020b/lib/python3.8/site-packages/scipy/linalg/decomp_cholesky.py", line 37, in _cholesky
rank=06 L40:     raise LinAlgError("%d-th leading minor of the array is not positive "
rank=06 L41: numpy.linalg.LinAlgError: 297-th leading minor of the array is not positive definite
GPAW CLEANUP (node 6): <class 'numpy.linalg.LinAlgError'> occurred.  Calling MPI_Abort!
rank=23 L00: Traceback (most recent call last):
rank=23 L01:   File "/home/niflheim/madkru/new_venv/bin/gpaw", line 33, in <module>
rank=23 L02:     sys.exit(load_entry_point('gpaw', 'console_scripts', 'gpaw')())
rank=23 L03:   File "/home/niflheim/madkru/new_venv/gpaw/gpaw/cli/main.py", line 80, in main
rank=23 L04:     ase_main('gpaw', 'GPAW command-line tool', __version__,
rank=23 L05:   File "/home/niflheim/madkru/new_venv/ase/ase/cli/main.py", line 103, in main
rank=23 L06:     f(args)
rank=23 L07:   File "/home/niflheim/madkru/new_venv/gpaw/gpaw/cli/python.py", line 34, in run
rank=23 L08:     runpy.run_path(args.arguments[0], run_name='__main__')
rank=23 L09:   File "/home/modules/software/Python/3.8.6-GCCcore-10.2.0/lib/python3.8/runpy.py", line 265, in run_path
rank=23 L10:     return _run_module_code(code, init_globals, run_name,
rank=23 L11:   File "/home/modules/software/Python/3.8.6-GCCcore-10.2.0/lib/python3.8/runpy.py", line 97, in _run_module_code
rank=23 L12:     _run_code(code, mod_globals, init_globals,
rank=23 L13:   File "/home/modules/software/Python/3.8.6-GCCcore-10.2.0/lib/python3.8/runpy.py", line 87, in _run_code
rank=23 L14:     exec(code, run_globals)
rank=23 L15:   File "get_me_coupling.py", line 92, in <module>
rank=23 L16:     structure.get_potential_energy()
rank=23 L17:   File "/home/niflheim/madkru/new_venv/ase/ase/atoms.py", line 731, in get_potential_energy
rank=23 L18:     energy = self._calc.get_potential_energy(self)
rank=23 L19:   File "/home/niflheim/madkru/new_venv/ase/ase/calculators/abc.py", line 24, in get_potential_energy
rank=23 L20:     return self.get_property(name, atoms)
rank=23 L21:   File "/home/niflheim/madkru/new_venv/ase/ase/calculators/calculator.py", line 509, in get_property
rank=23 L22:     self.calculate(atoms, [name], system_changes)
rank=23 L23:   File "/home/niflheim/madkru/new_venv/gpaw/gpaw/calculator.py", line 331, in calculate
rank=23 L24:     for _ in self.icalculate(atoms, properties, system_changes):
rank=23 L25:   File "/home/niflheim/madkru/new_venv/gpaw/gpaw/calculator.py", line 369, in icalculate
rank=23 L26:     yield from self.scf.irun(
rank=23 L27:   File "/home/niflheim/madkru/new_venv/gpaw/gpaw/scf.py", line 63, in irun
rank=23 L28:     wfs.eigensolver.iterate(ham, wfs)
rank=23 L29:   File "/home/niflheim/madkru/new_venv/gpaw/gpaw/eigensolvers/eigensolver.py", line 135, in iterate
rank=23 L30:     wfs.orthonormalize(kpt)
rank=23 L31:   File "/home/niflheim/madkru/new_venv/ase/ase/utils/timing.py", line 186, in new_method
rank=23 L32:     x = method(slf, *args, **kwargs)
rank=23 L33:   File "/home/niflheim/madkru/new_venv/gpaw/gpaw/wavefunctions/fdpw.py", line 412, in orthonormalize
rank=23 L34:     S.invcholesky()
rank=23 L35:   File "/home/niflheim/madkru/new_venv/gpaw/gpaw/matrix.py", line 246, in invcholesky
rank=23 L36:     L_nn = linalg.cholesky(S.array,
rank=23 L37:   File "/home/modules/software/SciPy-bundle/2020.11-foss-2020b/lib/python3.8/site-packages/scipy/linalg/decomp_cholesky.py", line 88, in cholesky
rank=23 L38:     c, lower = _cholesky(a, lower=lower, overwrite_a=overwrite_a, clean=True,
rank=23 L39:   File "/home/modules/software/SciPy-bundle/2020.11-foss-2020b/lib/python3.8/site-packages/scipy/linalg/decomp_cholesky.py", line 37, in _cholesky
rank=23 L40:     raise LinAlgError("%d-th leading minor of the array is not positive "
rank=23 L41: numpy.linalg.LinAlgError: 297-th leading minor of the array is not positive definite
GPAW CLEANUP (node 23): <class 'numpy.linalg.LinAlgError'> occurred.  Calling MPI_Abort!
rank=22 L00: Traceback (most recent call last):
rank=22 L01:   File "/home/niflheim/madkru/new_venv/bin/gpaw", line 33, in <module>
rank=22 L02:     sys.exit(load_entry_point('gpaw', 'console_scripts', 'gpaw')())
rank=22 L03:   File "/home/niflheim/madkru/new_venv/gpaw/gpaw/cli/main.py", line 80, in main
rank=22 L04:     ase_main('gpaw', 'GPAW command-line tool', __version__,
rank=22 L05:   File "/home/niflheim/madkru/new_venv/ase/ase/cli/main.py", line 103, in main
rank=22 L06:     f(args)
rank=22 L07:   File "/home/niflheim/madkru/new_venv/gpaw/gpaw/cli/python.py", line 34, in run
rank=22 L08:     runpy.run_path(args.arguments[0], run_name='__main__')
rank=22 L09:   File "/home/modules/software/Python/3.8.6-GCCcore-10.2.0/lib/python3.8/runpy.py", line 265, in run_path
rank=22 L10:     return _run_module_code(code, init_globals, run_name,
rank=22 L11:   File "/home/modules/software/Python/3.8.6-GCCcore-10.2.0/lib/python3.8/runpy.py", line 97, in _run_module_code
rank=22 L12:     _run_code(code, mod_globals, init_globals,
rank=22 L13:   File "/home/modules/software/Python/3.8.6-GCCcore-10.2.0/lib/python3.8/runpy.py", line 87, in _run_code
rank=22 L14:     exec(code, run_globals)
rank=22 L15:   File "get_me_coupling.py", line 92, in <module>
rank=22 L16:     structure.get_potential_energy()
rank=22 L17:   File "/home/niflheim/madkru/new_venv/ase/ase/atoms.py", line 731, in get_potential_energy
rank=22 L18:     energy = self._calc.get_potential_energy(self)
rank=22 L19:   File "/home/niflheim/madkru/new_venv/ase/ase/calculators/abc.py", line 24, in get_potential_energy
rank=22 L20:     return self.get_property(name, atoms)
rank=22 L21:   File "/home/niflheim/madkru/new_venv/ase/ase/calculators/calculator.py", line 509, in get_property
rank=22 L22:     self.calculate(atoms, [name], system_changes)
rank=22 L23:   File "/home/niflheim/madkru/new_venv/gpaw/gpaw/calculator.py", line 331, in calculate
rank=22 L24:     for _ in self.icalculate(atoms, properties, system_changes):
rank=22 L25:   File "/home/niflheim/madkru/new_venv/gpaw/gpaw/calculator.py", line 369, in icalculate
rank=22 L26:     yield from self.scf.irun(
rank=22 L27:   File "/home/niflheim/madkru/new_venv/gpaw/gpaw/scf.py", line 63, in irun
rank=22 L28:     wfs.eigensolver.iterate(ham, wfs)
rank=22 L29:   File "/home/niflheim/madkru/new_venv/gpaw/gpaw/eigensolvers/eigensolver.py", line 135, in iterate
rank=22 L30:     wfs.orthonormalize(kpt)
rank=22 L31:   File "/home/niflheim/madkru/new_venv/ase/ase/utils/timing.py", line 186, in new_method
rank=22 L32:     x = method(slf, *args, **kwargs)
rank=22 L33:   File "/home/niflheim/madkru/new_venv/gpaw/gpaw/wavefunctions/fdpw.py", line 412, in orthonormalize
rank=22 L34:     S.invcholesky()
rank=22 L35:   File "/home/niflheim/madkru/new_venv/gpaw/gpaw/matrix.py", line 246, in invcholesky
rank=22 L36:     L_nn = linalg.cholesky(S.array,
rank=22 L37:   File "/home/modules/software/SciPy-bundle/2020.11-foss-2020b/lib/python3.8/site-packages/scipy/linalg/decomp_cholesky.py", line 88, in cholesky
rank=22 L38:     c, lower = _cholesky(a, lower=lower, overwrite_a=overwrite_a, clean=True,
rank=22 L39:   File "/home/modules/software/SciPy-bundle/2020.11-foss-2020b/lib/python3.8/site-packages/scipy/linalg/decomp_cholesky.py", line 37, in _cholesky
rank=22 L40:     raise LinAlgError("%d-th leading minor of the array is not positive "
rank=22 L41: numpy.linalg.LinAlgError: 297-th leading minor of the array is not positive definite
GPAW CLEANUP (node 22): <class 'numpy.linalg.LinAlgError'> occurred.  Calling MPI_Abort!
rank=18 L00: Traceback (most recent call last):
rank=18 L01:   File "/home/niflheim/madkru/new_venv/bin/gpaw", line 33, in <module>
rank=18 L02:     sys.exit(load_entry_point('gpaw', 'console_scripts', 'gpaw')())
rank=18 L03:   File "/home/niflheim/madkru/new_venv/gpaw/gpaw/cli/main.py", line 80, in main
rank=18 L04:     ase_main('gpaw', 'GPAW command-line tool', __version__,
rank=18 L05:   File "/home/niflheim/madkru/new_venv/ase/ase/cli/main.py", line 103, in main
rank=18 L06:     f(args)
rank=18 L07:   File "/home/niflheim/madkru/new_venv/gpaw/gpaw/cli/python.py", line 34, in run
rank=18 L08:     runpy.run_path(args.arguments[0], run_name='__main__')
rank=18 L09:   File "/home/modules/software/Python/3.8.6-GCCcore-10.2.0/lib/python3.8/runpy.py", line 265, in run_path
rank=18 L10:     return _run_module_code(code, init_globals, run_name,
rank=18 L11:   File "/home/modules/software/Python/3.8.6-GCCcore-10.2.0/lib/python3.8/runpy.py", line 97, in _run_module_code
rank=18 L12:     _run_code(code, mod_globals, init_globals,
rank=18 L13:   File "/home/modules/software/Python/3.8.6-GCCcore-10.2.0/lib/python3.8/runpy.py", line 87, in _run_code
rank=18 L14:     exec(code, run_globals)
rank=18 L15:   File "get_me_coupling.py", line 92, in <module>
rank=18 L16:     structure.get_potential_energy()
rank=18 L17:   File "/home/niflheim/madkru/new_venv/ase/ase/atoms.py", line 731, in get_potential_energy
rank=18 L18:     energy = self._calc.get_potential_energy(self)
rank=18 L19:   File "/home/niflheim/madkru/new_venv/ase/ase/calculators/abc.py", line 24, in get_potential_energy
rank=18 L20:     return self.get_property(name, atoms)
rank=18 L21:   File "/home/niflheim/madkru/new_venv/ase/ase/calculators/calculator.py", line 509, in get_property
rank=18 L22:     self.calculate(atoms, [name], system_changes)
rank=18 L23:   File "/home/niflheim/madkru/new_venv/gpaw/gpaw/calculator.py", line 331, in calculate
rank=18 L24:     for _ in self.icalculate(atoms, properties, system_changes):
rank=18 L25:   File "/home/niflheim/madkru/new_venv/gpaw/gpaw/calculator.py", line 369, in icalculate
rank=18 L26:     yield from self.scf.irun(
rank=18 L27:   File "/home/niflheim/madkru/new_venv/gpaw/gpaw/scf.py", line 63, in irun
rank=18 L28:     wfs.eigensolver.iterate(ham, wfs)
rank=18 L29:   File "/home/niflheim/madkru/new_venv/gpaw/gpaw/eigensolvers/eigensolver.py", line 135, in iterate
rank=18 L30:     wfs.orthonormalize(kpt)
rank=18 L31:   File "/home/niflheim/madkru/new_venv/ase/ase/utils/timing.py", line 186, in new_method
rank=18 L32:     x = method(slf, *args, **kwargs)
rank=18 L33:   File "/home/niflheim/madkru/new_venv/gpaw/gpaw/wavefunctions/fdpw.py", line 412, in orthonormalize
rank=18 L34:     S.invcholesky()
rank=18 L35:   File "/home/niflheim/madkru/new_venv/gpaw/gpaw/matrix.py", line 246, in invcholesky
rank=18 L36:     L_nn = linalg.cholesky(S.array,
rank=18 L37:   File "/home/modules/software/SciPy-bundle/2020.11-foss-2020b/lib/python3.8/site-packages/scipy/linalg/decomp_cholesky.py", line 88, in cholesky
rank=18 L38:     c, lower = _cholesky(a, lower=lower, overwrite_a=overwrite_a, clean=True,
rank=18 L39:   File "/home/modules/software/SciPy-bundle/2020.11-foss-2020b/lib/python3.8/site-packages/scipy/linalg/decomp_cholesky.py", line 37, in _cholesky
rank=18 L40:     raise LinAlgError("%d-th leading minor of the array is not positive "
rank=18 L41: numpy.linalg.LinAlgError: 297-th leading minor of the array is not positive definite
GPAW CLEANUP (node 18): <class 'numpy.linalg.LinAlgError'> occurred.  Calling MPI_Abort!
rank=11 L00: Traceback (most recent call last):
rank=11 L01:   File "/home/niflheim/madkru/new_venv/bin/gpaw", line 33, in <module>
rank=11 L02:     sys.exit(load_entry_point('gpaw', 'console_scripts', 'gpaw')())
rank=11 L03:   File "/home/niflheim/madkru/new_venv/gpaw/gpaw/cli/main.py", line 80, in main
rank=11 L04:     ase_main('gpaw', 'GPAW command-line tool', __version__,
rank=11 L05:   File "/home/niflheim/madkru/new_venv/ase/ase/cli/main.py", line 103, in main
rank=11 L06:     f(args)
rank=11 L07:   File "/home/niflheim/madkru/new_venv/gpaw/gpaw/cli/python.py", line 34, in run
rank=11 L08:     runpy.run_path(args.arguments[0], run_name='__main__')
rank=11 L09:   File "/home/modules/software/Python/3.8.6-GCCcore-10.2.0/lib/python3.8/runpy.py", line 265, in run_path
rank=11 L10:     return _run_module_code(code, init_globals, run_name,
rank=11 L11:   File "/home/modules/software/Python/3.8.6-GCCcore-10.2.0/lib/python3.8/runpy.py", line 97, in _run_module_code
rank=11 L12:     _run_code(code, mod_globals, init_globals,
rank=11 L13:   File "/home/modules/software/Python/3.8.6-GCCcore-10.2.0/lib/python3.8/runpy.py", line 87, in _run_code
rank=11 L14:     exec(code, run_globals)
rank=11 L15:   File "get_me_coupling.py", line 92, in <module>
rank=11 L16:     structure.get_potential_energy()
rank=11 L17:   File "/home/niflheim/madkru/new_venv/ase/ase/atoms.py", line 731, in get_potential_energy
rank=11 L18:     energy = self._calc.get_potential_energy(self)
rank=11 L19:   File "/home/niflheim/madkru/new_venv/ase/ase/calculators/abc.py", line 24, in get_potential_energy
rank=11 L20:     return self.get_property(name, atoms)
rank=11 L21:   File "/home/niflheim/madkru/new_venv/ase/ase/calculators/calculator.py", line 509, in get_property
rank=11 L22:     self.calculate(atoms, [name], system_changes)
rank=11 L23:   File "/home/niflheim/madkru/new_venv/gpaw/gpaw/calculator.py", line 331, in calculate
rank=11 L24:     for _ in self.icalculate(atoms, properties, system_changes):
rank=11 L25:   File "/home/niflheim/madkru/new_venv/gpaw/gpaw/calculator.py", line 369, in icalculate
rank=11 L26:     yield from self.scf.irun(
rank=11 L27:   File "/home/niflheim/madkru/new_venv/gpaw/gpaw/scf.py", line 63, in irun
rank=11 L28:     wfs.eigensolver.iterate(ham, wfs)
rank=11 L29:   File "/home/niflheim/madkru/new_venv/gpaw/gpaw/eigensolvers/eigensolver.py", line 135, in iterate
rank=11 L30:     wfs.orthonormalize(kpt)
rank=11 L31:   File "/home/niflheim/madkru/new_venv/ase/ase/utils/timing.py", line 186, in new_method
rank=11 L32:     x = method(slf, *args, **kwargs)
rank=11 L33:   File "/home/niflheim/madkru/new_venv/gpaw/gpaw/wavefunctions/fdpw.py", line 412, in orthonormalize
rank=11 L34:     S.invcholesky()
rank=11 L35:   File "/home/niflheim/madkru/new_venv/gpaw/gpaw/matrix.py", line 246, in invcholesky
rank=11 L36:     L_nn = linalg.cholesky(S.array,
rank=11 L37:   File "/home/modules/software/SciPy-bundle/2020.11-foss-2020b/lib/python3.8/site-packages/scipy/linalg/decomp_cholesky.py", line 88, in cholesky
rank=11 L38:     c, lower = _cholesky(a, lower=lower, overwrite_a=overwrite_a, clean=True,
rank=11 L39:   File "/home/modules/software/SciPy-bundle/2020.11-foss-2020b/lib/python3.8/site-packages/scipy/linalg/decomp_cholesky.py", line 37, in _cholesky
rank=11 L40:     raise LinAlgError("%d-th leading minor of the array is not positive "
rank=11 L41: numpy.linalg.LinAlgError: 297-th leading minor of the array is not positive definite
GPAW CLEANUP (node 11): <class 'numpy.linalg.LinAlgError'> occurred.  Calling MPI_Abort!
rank=15 L00: Traceback (most recent call last):
rank=15 L01:   File "/home/niflheim/madkru/new_venv/bin/gpaw", line 33, in <module>
rank=15 L02:     sys.exit(load_entry_point('gpaw', 'console_scripts', 'gpaw')())
rank=15 L03:   File "/home/niflheim/madkru/new_venv/gpaw/gpaw/cli/main.py", line 80, in main
rank=15 L04:     ase_main('gpaw', 'GPAW command-line tool', __version__,
rank=15 L05:   File "/home/niflheim/madkru/new_venv/ase/ase/cli/main.py", line 103, in main
rank=15 L06:     f(args)
rank=15 L07:   File "/home/niflheim/madkru/new_venv/gpaw/gpaw/cli/python.py", line 34, in run
rank=15 L08:     runpy.run_path(args.arguments[0], run_name='__main__')
rank=15 L09:   File "/home/modules/software/Python/3.8.6-GCCcore-10.2.0/lib/python3.8/runpy.py", line 265, in run_path
rank=15 L10:     return _run_module_code(code, init_globals, run_name,
rank=15 L11:   File "/home/modules/software/Python/3.8.6-GCCcore-10.2.0/lib/python3.8/runpy.py", line 97, in _run_module_code
rank=15 L12:     _run_code(code, mod_globals, init_globals,
rank=15 L13:   File "/home/modules/software/Python/3.8.6-GCCcore-10.2.0/lib/python3.8/runpy.py", line 87, in _run_code
rank=15 L14:     exec(code, run_globals)
rank=15 L15:   File "get_me_coupling.py", line 92, in <module>
rank=15 L16:     structure.get_potential_energy()
rank=15 L17:   File "/home/niflheim/madkru/new_venv/ase/ase/atoms.py", line 731, in get_potential_energy
rank=15 L18:     energy = self._calc.get_potential_energy(self)
rank=15 L19:   File "/home/niflheim/madkru/new_venv/ase/ase/calculators/abc.py", line 24, in get_potential_energy
rank=15 L20:     return self.get_property(name, atoms)
rank=15 L21:   File "/home/niflheim/madkru/new_venv/ase/ase/calculators/calculator.py", line 509, in get_property
rank=15 L22:     self.calculate(atoms, [name], system_changes)
rank=15 L23:   File "/home/niflheim/madkru/new_venv/gpaw/gpaw/calculator.py", line 331, in calculate
rank=15 L24:     for _ in self.icalculate(atoms, properties, system_changes):
rank=15 L25:   File "/home/niflheim/madkru/new_venv/gpaw/gpaw/calculator.py", line 369, in icalculate
rank=15 L26:     yield from self.scf.irun(
rank=15 L27:   File "/home/niflheim/madkru/new_venv/gpaw/gpaw/scf.py", line 63, in irun
rank=15 L28:     wfs.eigensolver.iterate(ham, wfs)
rank=15 L29:   File "/home/niflheim/madkru/new_venv/gpaw/gpaw/eigensolvers/eigensolver.py", line 135, in iterate
rank=15 L30:     wfs.orthonormalize(kpt)
rank=15 L31:   File "/home/niflheim/madkru/new_venv/ase/ase/utils/timing.py", line 186, in new_method
rank=15 L32:     x = method(slf, *args, **kwargs)
rank=15 L33:   File "/home/niflheim/madkru/new_venv/gpaw/gpaw/wavefunctions/fdpw.py", line 412, in orthonormalize
rank=15 L34:     S.invcholesky()
rank=15 L35:   File "/home/niflheim/madkru/new_venv/gpaw/gpaw/matrix.py", line 246, in invcholesky
rank=15 L36:     L_nn = linalg.cholesky(S.array,
rank=15 L37:   File "/home/modules/software/SciPy-bundle/2020.11-foss-2020b/lib/python3.8/site-packages/scipy/linalg/decomp_cholesky.py", line 88, in cholesky
rank=15 L38:     c, lower = _cholesky(a, lower=lower, overwrite_a=overwrite_a, clean=True,
rank=15 L39:   File "/home/modules/software/SciPy-bundle/2020.11-foss-2020b/lib/python3.8/site-packages/scipy/linalg/decomp_cholesky.py", line 37, in _cholesky
rank=15 L40:     raise LinAlgError("%d-th leading minor of the array is not positive "
rank=15 L41: numpy.linalg.LinAlgError: 297-th leading minor of the array is not positive definite
GPAW CLEANUP (node 15): <class 'numpy.linalg.LinAlgError'> occurred.  Calling MPI_Abort!
rank=21 L00: Traceback (most recent call last):
rank=21 L01:   File "/home/niflheim/madkru/new_venv/bin/gpaw", line 33, in <module>
rank=21 L02:     sys.exit(load_entry_point('gpaw', 'console_scripts', 'gpaw')())
rank=21 L03:   File "/home/niflheim/madkru/new_venv/gpaw/gpaw/cli/main.py", line 80, in main
rank=21 L04:     ase_main('gpaw', 'GPAW command-line tool', __version__,
rank=21 L05:   File "/home/niflheim/madkru/new_venv/ase/ase/cli/main.py", line 103, in main
rank=21 L06:     f(args)
rank=21 L07:   File "/home/niflheim/madkru/new_venv/gpaw/gpaw/cli/python.py", line 34, in run
rank=21 L08:     runpy.run_path(args.arguments[0], run_name='__main__')
rank=21 L09:   File "/home/modules/software/Python/3.8.6-GCCcore-10.2.0/lib/python3.8/runpy.py", line 265, in run_path
rank=21 L10:     return _run_module_code(code, init_globals, run_name,
rank=21 L11:   File "/home/modules/software/Python/3.8.6-GCCcore-10.2.0/lib/python3.8/runpy.py", line 97, in _run_module_code
rank=21 L12:     _run_code(code, mod_globals, init_globals,
rank=21 L13:   File "/home/modules/software/Python/3.8.6-GCCcore-10.2.0/lib/python3.8/runpy.py", line 87, in _run_code
rank=21 L14:     exec(code, run_globals)
rank=21 L15:   File "get_me_coupling.py", line 92, in <module>
rank=21 L16:     structure.get_potential_energy()
rank=21 L17:   File "/home/niflheim/madkru/new_venv/ase/ase/atoms.py", line 731, in get_potential_energy
rank=21 L18:     energy = self._calc.get_potential_energy(self)
rank=21 L19:   File "/home/niflheim/madkru/new_venv/ase/ase/calculators/abc.py", line 24, in get_potential_energy
rank=21 L20:     return self.get_property(name, atoms)
rank=21 L21:   File "/home/niflheim/madkru/new_venv/ase/ase/calculators/calculator.py", line 509, in get_property
rank=21 L22:     self.calculate(atoms, [name], system_changes)
rank=21 L23:   File "/home/niflheim/madkru/new_venv/gpaw/gpaw/calculator.py", line 331, in calculate
rank=21 L24:     for _ in self.icalculate(atoms, properties, system_changes):
rank=21 L25:   File "/home/niflheim/madkru/new_venv/gpaw/gpaw/calculator.py", line 369, in icalculate
rank=21 L26:     yield from self.scf.irun(
rank=21 L27:   File "/home/niflheim/madkru/new_venv/gpaw/gpaw/scf.py", line 63, in irun
rank=21 L28:     wfs.eigensolver.iterate(ham, wfs)
rank=21 L29:   File "/home/niflheim/madkru/new_venv/gpaw/gpaw/eigensolvers/eigensolver.py", line 135, in iterate
rank=21 L30:     wfs.orthonormalize(kpt)
rank=21 L31:   File "/home/niflheim/madkru/new_venv/ase/ase/utils/timing.py", line 186, in new_method
rank=21 L32:     x = method(slf, *args, **kwargs)
rank=21 L33:   File "/home/niflheim/madkru/new_venv/gpaw/gpaw/wavefunctions/fdpw.py", line 412, in orthonormalize
rank=21 L34:     S.invcholesky()
rank=21 L35:   File "/home/niflheim/madkru/new_venv/gpaw/gpaw/matrix.py", line 246, in invcholesky
rank=21 L36:     L_nn = linalg.cholesky(S.array,
rank=21 L37:   File "/home/modules/software/SciPy-bundle/2020.11-foss-2020b/lib/python3.8/site-packages/scipy/linalg/decomp_cholesky.py", line 88, in cholesky
rank=21 L38:     c, lower = _cholesky(a, lower=lower, overwrite_a=overwrite_a, clean=True,
rank=21 L39:   File "/home/modules/software/SciPy-bundle/2020.11-foss-2020b/lib/python3.8/site-packages/scipy/linalg/decomp_cholesky.py", line 37, in _cholesky
rank=21 L40:     raise LinAlgError("%d-th leading minor of the array is not positive "
rank=21 L41: numpy.linalg.LinAlgError: 297-th leading minor of the array is not positive definite
GPAW CLEANUP (node 21): <class 'numpy.linalg.LinAlgError'> occurred.  Calling MPI_Abort!
rank=05 L00: Traceback (most recent call last):
rank=05 L01:   File "/home/niflheim/madkru/new_venv/bin/gpaw", line 33, in <module>
rank=05 L02:     sys.exit(load_entry_point('gpaw', 'console_scripts', 'gpaw')())
rank=05 L03:   File "/home/niflheim/madkru/new_venv/gpaw/gpaw/cli/main.py", line 80, in main
rank=05 L04:     ase_main('gpaw', 'GPAW command-line tool', __version__,
rank=05 L05:   File "/home/niflheim/madkru/new_venv/ase/ase/cli/main.py", line 103, in main
rank=05 L06:     f(args)
rank=05 L07:   File "/home/niflheim/madkru/new_venv/gpaw/gpaw/cli/python.py", line 34, in run
rank=05 L08:     runpy.run_path(args.arguments[0], run_name='__main__')
rank=05 L09:   File "/home/modules/software/Python/3.8.6-GCCcore-10.2.0/lib/python3.8/runpy.py", line 265, in run_path
rank=05 L10:     return _run_module_code(code, init_globals, run_name,
rank=05 L11:   File "/home/modules/software/Python/3.8.6-GCCcore-10.2.0/lib/python3.8/runpy.py", line 97, in _run_module_code
rank=05 L12:     _run_code(code, mod_globals, init_globals,
rank=05 L13:   File "/home/modules/software/Python/3.8.6-GCCcore-10.2.0/lib/python3.8/runpy.py", line 87, in _run_code
rank=05 L14:     exec(code, run_globals)
rank=05 L15:   File "get_me_coupling.py", line 92, in <module>
rank=05 L16:     structure.get_potential_energy()
rank=05 L17:   File "/home/niflheim/madkru/new_venv/ase/ase/atoms.py", line 731, in get_potential_energy
rank=05 L18:     energy = self._calc.get_potential_energy(self)
rank=05 L19:   File "/home/niflheim/madkru/new_venv/ase/ase/calculators/abc.py", line 24, in get_potential_energy
rank=05 L20:     return self.get_property(name, atoms)
rank=05 L21:   File "/home/niflheim/madkru/new_venv/ase/ase/calculators/calculator.py", line 509, in get_property
rank=05 L22:     self.calculate(atoms, [name], system_changes)
rank=05 L23:   File "/home/niflheim/madkru/new_venv/gpaw/gpaw/calculator.py", line 331, in calculate
rank=05 L24:     for _ in self.icalculate(atoms, properties, system_changes):
rank=05 L25:   File "/home/niflheim/madkru/new_venv/gpaw/gpaw/calculator.py", line 369, in icalculate
rank=05 L26:     yield from self.scf.irun(
rank=05 L27:   File "/home/niflheim/madkru/new_venv/gpaw/gpaw/scf.py", line 63, in irun
rank=05 L28:     wfs.eigensolver.iterate(ham, wfs)
rank=05 L29:   File "/home/niflheim/madkru/new_venv/gpaw/gpaw/eigensolvers/eigensolver.py", line 135, in iterate
rank=05 L30:     wfs.orthonormalize(kpt)
rank=05 L31:   File "/home/niflheim/madkru/new_venv/ase/ase/utils/timing.py", line 186, in new_method
rank=05 L32:     x = method(slf, *args, **kwargs)
rank=05 L33:   File "/home/niflheim/madkru/new_venv/gpaw/gpaw/wavefunctions/fdpw.py", line 412, in orthonormalize
rank=05 L34:     S.invcholesky()
rank=05 L35:   File "/home/niflheim/madkru/new_venv/gpaw/gpaw/matrix.py", line 246, in invcholesky
rank=05 L36:     L_nn = linalg.cholesky(S.array,
rank=05 L37:   File "/home/modules/software/SciPy-bundle/2020.11-foss-2020b/lib/python3.8/site-packages/scipy/linalg/decomp_cholesky.py", line 88, in cholesky
rank=05 L38:     c, lower = _cholesky(a, lower=lower, overwrite_a=overwrite_a, clean=True,
rank=05 L39:   File "/home/modules/software/SciPy-bundle/2020.11-foss-2020b/lib/python3.8/site-packages/scipy/linalg/decomp_cholesky.py", line 37, in _cholesky
rank=05 L40:     raise LinAlgError("%d-th leading minor of the array is not positive "
rank=05 L41: numpy.linalg.LinAlgError: 297-th leading minor of the array is not positive definite
GPAW CLEANUP (node 5): <class 'numpy.linalg.LinAlgError'> occurred.  Calling MPI_Abort!
rank=01 L00: Traceback (most recent call last):
rank=01 L01:   File "/home/niflheim/madkru/new_venv/bin/gpaw", line 33, in <module>
rank=01 L02:     sys.exit(load_entry_point('gpaw', 'console_scripts', 'gpaw')())
rank=01 L03:   File "/home/niflheim/madkru/new_venv/gpaw/gpaw/cli/main.py", line 80, in main
rank=01 L04:     ase_main('gpaw', 'GPAW command-line tool', __version__,
rank=01 L05:   File "/home/niflheim/madkru/new_venv/ase/ase/cli/main.py", line 103, in main
rank=01 L06:     f(args)
rank=01 L07:   File "/home/niflheim/madkru/new_venv/gpaw/gpaw/cli/python.py", line 34, in run
rank=01 L08:     runpy.run_path(args.arguments[0], run_name='__main__')
rank=01 L09:   File "/home/modules/software/Python/3.8.6-GCCcore-10.2.0/lib/python3.8/runpy.py", line 265, in run_path
rank=01 L10:     return _run_module_code(code, init_globals, run_name,
rank=01 L11:   File "/home/modules/software/Python/3.8.6-GCCcore-10.2.0/lib/python3.8/runpy.py", line 97, in _run_module_code
rank=01 L12:     _run_code(code, mod_globals, init_globals,
rank=01 L13:   File "/home/modules/software/Python/3.8.6-GCCcore-10.2.0/lib/python3.8/runpy.py", line 87, in _run_code
rank=01 L14:     exec(code, run_globals)
rank=01 L15:   File "get_me_coupling.py", line 92, in <module>
rank=01 L16:     structure.get_potential_energy()
rank=01 L17:   File "/home/niflheim/madkru/new_venv/ase/ase/atoms.py", line 731, in get_potential_energy
rank=01 L18:     energy = self._calc.get_potential_energy(self)
rank=01 L19:   File "/home/niflheim/madkru/new_venv/ase/ase/calculators/abc.py", line 24, in get_potential_energy
rank=01 L20:     return self.get_property(name, atoms)
rank=01 L21:   File "/home/niflheim/madkru/new_venv/ase/ase/calculators/calculator.py", line 509, in get_property
rank=01 L22:     self.calculate(atoms, [name], system_changes)
rank=01 L23:   File "/home/niflheim/madkru/new_venv/gpaw/gpaw/calculator.py", line 331, in calculate
rank=01 L24:     for _ in self.icalculate(atoms, properties, system_changes):
rank=01 L25:   File "/home/niflheim/madkru/new_venv/gpaw/gpaw/calculator.py", line 369, in icalculate
rank=01 L26:     yield from self.scf.irun(
rank=01 L27:   File "/home/niflheim/madkru/new_venv/gpaw/gpaw/scf.py", line 63, in irun
rank=01 L28:     wfs.eigensolver.iterate(ham, wfs)
rank=01 L29:   File "/home/niflheim/madkru/new_venv/gpaw/gpaw/eigensolvers/eigensolver.py", line 135, in iterate
rank=01 L30:     wfs.orthonormalize(kpt)
rank=01 L31:   File "/home/niflheim/madkru/new_venv/ase/ase/utils/timing.py", line 186, in new_method
rank=01 L32:     x = method(slf, *args, **kwargs)
rank=01 L33:   File "/home/niflheim/madkru/new_venv/gpaw/gpaw/wavefunctions/fdpw.py", line 412, in orthonormalize
rank=01 L34:     S.invcholesky()
rank=01 L35:   File "/home/niflheim/madkru/new_venv/gpaw/gpaw/matrix.py", line 246, in invcholesky
rank=01 L36:     L_nn = linalg.cholesky(S.array,
rank=01 L37:   File "/home/modules/software/SciPy-bundle/2020.11-foss-2020b/lib/python3.8/site-packages/scipy/linalg/decomp_cholesky.py", line 88, in cholesky
rank=01 L38:     c, lower = _cholesky(a, lower=lower, overwrite_a=overwrite_a, clean=True,
rank=01 L39:   File "/home/modules/software/SciPy-bundle/2020.11-foss-2020b/lib/python3.8/site-packages/scipy/linalg/decomp_cholesky.py", line 37, in _cholesky
rank=01 L40:     raise LinAlgError("%d-th leading minor of the array is not positive "
rank=01 L41: numpy.linalg.LinAlgError: 297-th leading minor of the array is not positive definite
GPAW CLEANUP (node 1): <class 'numpy.linalg.LinAlgError'> occurred.  Calling MPI_Abort!
rank=00 L00: Traceback (most recent call last):
rank=00 L01:   File "/home/niflheim/madkru/new_venv/bin/gpaw", line 33, in <module>
rank=00 L02:     sys.exit(load_entry_point('gpaw', 'console_scripts', 'gpaw')())
rank=00 L03:   File "/home/niflheim/madkru/new_venv/gpaw/gpaw/cli/main.py", line 80, in main
rank=00 L04:     ase_main('gpaw', 'GPAW command-line tool', __version__,
rank=00 L05:   File "/home/niflheim/madkru/new_venv/ase/ase/cli/main.py", line 103, in main
rank=00 L06:     f(args)
rank=00 L07:   File "/home/niflheim/madkru/new_venv/gpaw/gpaw/cli/python.py", line 34, in run
rank=00 L08:     runpy.run_path(args.arguments[0], run_name='__main__')
rank=00 L09:   File "/home/modules/software/Python/3.8.6-GCCcore-10.2.0/lib/python3.8/runpy.py", line 265, in run_path
rank=00 L10:     return _run_module_code(code, init_globals, run_name,
rank=00 L11:   File "/home/modules/software/Python/3.8.6-GCCcore-10.2.0/lib/python3.8/runpy.py", line 97, in _run_module_code
rank=00 L12:     _run_code(code, mod_globals, init_globals,
rank=00 L13:   File "/home/modules/software/Python/3.8.6-GCCcore-10.2.0/lib/python3.8/runpy.py", line 87, in _run_code
rank=00 L14:     exec(code, run_globals)
rank=00 L15:   File "get_me_coupling.py", line 92, in <module>
rank=00 L16:     structure.get_potential_energy()
rank=00 L17:   File "/home/niflheim/madkru/new_venv/ase/ase/atoms.py", line 731, in get_potential_energy
rank=00 L18:     energy = self._calc.get_potential_energy(self)
rank=00 L19:   File "/home/niflheim/madkru/new_venv/ase/ase/calculators/abc.py", line 24, in get_potential_energy
rank=00 L20:     return self.get_property(name, atoms)
rank=00 L21:   File "/home/niflheim/madkru/new_venv/ase/ase/calculators/calculator.py", line 509, in get_property
rank=00 L22:     self.calculate(atoms, [name], system_changes)
rank=00 L23:   File "/home/niflheim/madkru/new_venv/gpaw/gpaw/calculator.py", line 331, in calculate
rank=00 L24:     for _ in self.icalculate(atoms, properties, system_changes):
rank=00 L25:   File "/home/niflheim/madkru/new_venv/gpaw/gpaw/calculator.py", line 369, in icalculate
rank=00 L26:     yield from self.scf.irun(
rank=00 L27:   File "/home/niflheim/madkru/new_venv/gpaw/gpaw/scf.py", line 63, in irun
rank=00 L28:     wfs.eigensolver.iterate(ham, wfs)
rank=00 L29:   File "/home/niflheim/madkru/new_venv/gpaw/gpaw/eigensolvers/eigensolver.py", line 135, in iterate
rank=00 L30:     wfs.orthonormalize(kpt)
rank=00 L31:   File "/home/niflheim/madkru/new_venv/ase/ase/utils/timing.py", line 186, in new_method
rank=00 L32:     x = method(slf, *args, **kwargs)
rank=00 L33:   File "/home/niflheim/madkru/new_venv/gpaw/gpaw/wavefunctions/fdpw.py", line 412, in orthonormalize
rank=00 L34:     S.invcholesky()
rank=00 L35:   File "/home/niflheim/madkru/new_venv/gpaw/gpaw/matrix.py", line 246, in invcholesky
rank=00 L36:     L_nn = linalg.cholesky(S.array,
rank=00 L37:   File "/home/modules/software/SciPy-bundle/2020.11-foss-2020b/lib/python3.8/site-packages/scipy/linalg/decomp_cholesky.py", line 88, in cholesky
rank=00 L38:     c, lower = _cholesky(a, lower=lower, overwrite_a=overwrite_a, clean=True,
rank=00 L39:   File "/home/modules/software/SciPy-bundle/2020.11-foss-2020b/lib/python3.8/site-packages/scipy/linalg/decomp_cholesky.py", line 37, in _cholesky
rank=00 L40:     raise LinAlgError("%d-th leading minor of the array is not positive "
rank=00 L41: numpy.linalg.LinAlgError: 297-th leading minor of the array is not positive definite
GPAW CLEANUP (node 0): <class 'numpy.linalg.LinAlgError'> occurred.  Calling MPI_Abort!
rank=14 L00: Traceback (most recent call last):
rank=14 L01:   File "/home/niflheim/madkru/new_venv/bin/gpaw", line 33, in <module>
rank=14 L02:     sys.exit(load_entry_point('gpaw', 'console_scripts', 'gpaw')())
rank=14 L03:   File "/home/niflheim/madkru/new_venv/gpaw/gpaw/cli/main.py", line 80, in main
rank=14 L04:     ase_main('gpaw', 'GPAW command-line tool', __version__,
rank=14 L05:   File "/home/niflheim/madkru/new_venv/ase/ase/cli/main.py", line 103, in main
rank=14 L06:     f(args)
rank=14 L07:   File "/home/niflheim/madkru/new_venv/gpaw/gpaw/cli/python.py", line 34, in run
rank=14 L08:     runpy.run_path(args.arguments[0], run_name='__main__')
rank=14 L09:   File "/home/modules/software/Python/3.8.6-GCCcore-10.2.0/lib/python3.8/runpy.py", line 265, in run_path
rank=14 L10:     return _run_module_code(code, init_globals, run_name,
rank=14 L11:   File "/home/modules/software/Python/3.8.6-GCCcore-10.2.0/lib/python3.8/runpy.py", line 97, in _run_module_code
rank=14 L12:     _run_code(code, mod_globals, init_globals,
rank=14 L13:   File "/home/modules/software/Python/3.8.6-GCCcore-10.2.0/lib/python3.8/runpy.py", line 87, in _run_code
rank=14 L14:     exec(code, run_globals)
rank=14 L15:   File "get_me_coupling.py", line 92, in <module>
rank=14 L16:     structure.get_potential_energy()
rank=14 L17:   File "/home/niflheim/madkru/new_venv/ase/ase/atoms.py", line 731, in get_potential_energy
rank=14 L18:     energy = self._calc.get_potential_energy(self)
rank=14 L19:   File "/home/niflheim/madkru/new_venv/ase/ase/calculators/abc.py", line 24, in get_potential_energy
rank=14 L20:     return self.get_property(name, atoms)
rank=14 L21:   File "/home/niflheim/madkru/new_venv/ase/ase/calculators/calculator.py", line 509, in get_property
rank=14 L22:     self.calculate(atoms, [name], system_changes)
rank=14 L23:   File "/home/niflheim/madkru/new_venv/gpaw/gpaw/calculator.py", line 331, in calculate
rank=14 L24:     for _ in self.icalculate(atoms, properties, system_changes):
rank=14 L25:   File "/home/niflheim/madkru/new_venv/gpaw/gpaw/calculator.py", line 369, in icalculate
rank=14 L26:     yield from self.scf.irun(
rank=14 L27:   File "/home/niflheim/madkru/new_venv/gpaw/gpaw/scf.py", line 63, in irun
rank=14 L28:     wfs.eigensolver.iterate(ham, wfs)
rank=14 L29:   File "/home/niflheim/madkru/new_venv/gpaw/gpaw/eigensolvers/eigensolver.py", line 135, in iterate
rank=14 L30:     wfs.orthonormalize(kpt)
rank=14 L31:   File "/home/niflheim/madkru/new_venv/ase/ase/utils/timing.py", line 186, in new_method
rank=14 L32:     x = method(slf, *args, **kwargs)
rank=14 L33:   File "/home/niflheim/madkru/new_venv/gpaw/gpaw/wavefunctions/fdpw.py", line 412, in orthonormalize
rank=14 L34:     S.invcholesky()
rank=14 L35:   File "/home/niflheim/madkru/new_venv/gpaw/gpaw/matrix.py", line 246, in invcholesky
rank=14 L36:     L_nn = linalg.cholesky(S.array,
rank=14 L37:   File "/home/modules/software/SciPy-bundle/2020.11-foss-2020b/lib/python3.8/site-packages/scipy/linalg/decomp_cholesky.py", line 88, in cholesky
rank=14 L38:     c, lower = _cholesky(a, lower=lower, overwrite_a=overwrite_a, clean=True,
rank=14 L39:   File "/home/modules/software/SciPy-bundle/2020.11-foss-2020b/lib/python3.8/site-packages/scipy/linalg/decomp_cholesky.py", line 37, in _cholesky
rank=14 L40:     raise LinAlgError("%d-th leading minor of the array is not positive "
rank=14 L41: numpy.linalg.LinAlgError: 297-th leading minor of the array is not positive definite
GPAW CLEANUP (node 14): <class 'numpy.linalg.LinAlgError'> occurred.  Calling MPI_Abort!
rank=19 L00: Traceback (most recent call last):
rank=19 L01:   File "/home/niflheim/madkru/new_venv/bin/gpaw", line 33, in <module>
rank=19 L02:     sys.exit(load_entry_point('gpaw', 'console_scripts', 'gpaw')())
rank=19 L03:   File "/home/niflheim/madkru/new_venv/gpaw/gpaw/cli/main.py", line 80, in main
rank=19 L04:     ase_main('gpaw', 'GPAW command-line tool', __version__,
rank=19 L05:   File "/home/niflheim/madkru/new_venv/ase/ase/cli/main.py", line 103, in main
rank=19 L06:     f(args)
rank=19 L07:   File "/home/niflheim/madkru/new_venv/gpaw/gpaw/cli/python.py", line 34, in run
rank=19 L08:     runpy.run_path(args.arguments[0], run_name='__main__')
rank=19 L09:   File "/home/modules/software/Python/3.8.6-GCCcore-10.2.0/lib/python3.8/runpy.py", line 265, in run_path
rank=19 L10:     return _run_module_code(code, init_globals, run_name,
rank=19 L11:   File "/home/modules/software/Python/3.8.6-GCCcore-10.2.0/lib/python3.8/runpy.py", line 97, in _run_module_code
rank=19 L12:     _run_code(code, mod_globals, init_globals,
rank=19 L13:   File "/home/modules/software/Python/3.8.6-GCCcore-10.2.0/lib/python3.8/runpy.py", line 87, in _run_code
rank=19 L14:     exec(code, run_globals)
rank=19 L15:   File "get_me_coupling.py", line 92, in <module>
rank=19 L16:     structure.get_potential_energy()
rank=19 L17:   File "/home/niflheim/madkru/new_venv/ase/ase/atoms.py", line 731, in get_potential_energy
rank=19 L18:     energy = self._calc.get_potential_energy(self)
rank=19 L19:   File "/home/niflheim/madkru/new_venv/ase/ase/calculators/abc.py", line 24, in get_potential_energy
rank=19 L20:     return self.get_property(name, atoms)
rank=19 L21:   File "/home/niflheim/madkru/new_venv/ase/ase/calculators/calculator.py", line 509, in get_property
rank=19 L22:     self.calculate(atoms, [name], system_changes)
rank=19 L23:   File "/home/niflheim/madkru/new_venv/gpaw/gpaw/calculator.py", line 331, in calculate
rank=19 L24:     for _ in self.icalculate(atoms, properties, system_changes):
rank=19 L25:   File "/home/niflheim/madkru/new_venv/gpaw/gpaw/calculator.py", line 369, in icalculate
rank=19 L26:     yield from self.scf.irun(
rank=19 L27:   File "/home/niflheim/madkru/new_venv/gpaw/gpaw/scf.py", line 63, in irun
rank=19 L28:     wfs.eigensolver.iterate(ham, wfs)
rank=19 L29:   File "/home/niflheim/madkru/new_venv/gpaw/gpaw/eigensolvers/eigensolver.py", line 135, in iterate
rank=19 L30:     wfs.orthonormalize(kpt)
rank=19 L31:   File "/home/niflheim/madkru/new_venv/ase/ase/utils/timing.py", line 186, in new_method
rank=19 L32:     x = method(slf, *args, **kwargs)
rank=19 L33:   File "/home/niflheim/madkru/new_venv/gpaw/gpaw/wavefunctions/fdpw.py", line 412, in orthonormalize
rank=19 L34:     S.invcholesky()
rank=19 L35:   File "/home/niflheim/madkru/new_venv/gpaw/gpaw/matrix.py", line 246, in invcholesky
rank=19 L36:     L_nn = linalg.cholesky(S.array,
rank=19 L37:   File "/home/modules/software/SciPy-bundle/2020.11-foss-2020b/lib/python3.8/site-packages/scipy/linalg/decomp_cholesky.py", line 88, in cholesky
rank=19 L38:     c, lower = _cholesky(a, lower=lower, overwrite_a=overwrite_a, clean=True,
rank=19 L39:   File "/home/modules/software/SciPy-bundle/2020.11-foss-2020b/lib/python3.8/site-packages/scipy/linalg/decomp_cholesky.py", line 37, in _cholesky
rank=19 L40:     raise LinAlgError("%d-th leading minor of the array is not positive "
rank=19 L41: numpy.linalg.LinAlgError: 297-th leading minor of the array is not positive definite
GPAW CLEANUP (node 19): <class 'numpy.linalg.LinAlgError'> occurred.  Calling MPI_Abort!
rank=10 L00: Traceback (most recent call last):
rank=10 L01:   File "/home/niflheim/madkru/new_venv/bin/gpaw", line 33, in <module>
rank=10 L02:     sys.exit(load_entry_point('gpaw', 'console_scripts', 'gpaw')())
rank=10 L03:   File "/home/niflheim/madkru/new_venv/gpaw/gpaw/cli/main.py", line 80, in main
rank=10 L04:     ase_main('gpaw', 'GPAW command-line tool', __version__,
rank=10 L05:   File "/home/niflheim/madkru/new_venv/ase/ase/cli/main.py", line 103, in main
rank=10 L06:     f(args)
rank=10 L07:   File "/home/niflheim/madkru/new_venv/gpaw/gpaw/cli/python.py", line 34, in run
rank=10 L08:     runpy.run_path(args.arguments[0], run_name='__main__')
rank=10 L09:   File "/home/modules/software/Python/3.8.6-GCCcore-10.2.0/lib/python3.8/runpy.py", line 265, in run_path
rank=10 L10:     return _run_module_code(code, init_globals, run_name,
rank=10 L11:   File "/home/modules/software/Python/3.8.6-GCCcore-10.2.0/lib/python3.8/runpy.py", line 97, in _run_module_code
rank=10 L12:     _run_code(code, mod_globals, init_globals,
rank=10 L13:   File "/home/modules/software/Python/3.8.6-GCCcore-10.2.0/lib/python3.8/runpy.py", line 87, in _run_code
rank=10 L14:     exec(code, run_globals)
rank=10 L15:   File "get_me_coupling.py", line 92, in <module>
rank=10 L16:     structure.get_potential_energy()
rank=10 L17:   File "/home/niflheim/madkru/new_venv/ase/ase/atoms.py", line 731, in get_potential_energy
rank=10 L18:     energy = self._calc.get_potential_energy(self)
rank=10 L19:   File "/home/niflheim/madkru/new_venv/ase/ase/calculators/abc.py", line 24, in get_potential_energy
rank=10 L20:     return self.get_property(name, atoms)
rank=10 L21:   File "/home/niflheim/madkru/new_venv/ase/ase/calculators/calculator.py", line 509, in get_property
rank=10 L22:     self.calculate(atoms, [name], system_changes)
rank=10 L23:   File "/home/niflheim/madkru/new_venv/gpaw/gpaw/calculator.py", line 331, in calculate
rank=10 L24:     for _ in self.icalculate(atoms, properties, system_changes):
rank=10 L25:   File "/home/niflheim/madkru/new_venv/gpaw/gpaw/calculator.py", line 369, in icalculate
rank=10 L26:     yield from self.scf.irun(
rank=10 L27:   File "/home/niflheim/madkru/new_venv/gpaw/gpaw/scf.py", line 63, in irun
rank=10 L28:     wfs.eigensolver.iterate(ham, wfs)
rank=10 L29:   File "/home/niflheim/madkru/new_venv/gpaw/gpaw/eigensolvers/eigensolver.py", line 135, in iterate
rank=10 L30:     wfs.orthonormalize(kpt)
rank=10 L31:   File "/home/niflheim/madkru/new_venv/ase/ase/utils/timing.py", line 186, in new_method
rank=10 L32:     x = method(slf, *args, **kwargs)
rank=10 L33:   File "/home/niflheim/madkru/new_venv/gpaw/gpaw/wavefunctions/fdpw.py", line 412, in orthonormalize
rank=10 L34:     S.invcholesky()
rank=10 L35:   File "/home/niflheim/madkru/new_venv/gpaw/gpaw/matrix.py", line 246, in invcholesky
rank=10 L36:     L_nn = linalg.cholesky(S.array,
rank=10 L37:   File "/home/modules/software/SciPy-bundle/2020.11-foss-2020b/lib/python3.8/site-packages/scipy/linalg/decomp_cholesky.py", line 88, in cholesky
rank=10 L38:     c, lower = _cholesky(a, lower=lower, overwrite_a=overwrite_a, clean=True,
rank=10 L39:   File "/home/modules/software/SciPy-bundle/2020.11-foss-2020b/lib/python3.8/site-packages/scipy/linalg/decomp_cholesky.py", line 37, in _cholesky
rank=10 L40:     raise LinAlgError("%d-th leading minor of the array is not positive "
rank=10 L41: numpy.linalg.LinAlgError: 297-th leading minor of the array is not positive definite
GPAW CLEANUP (node 10): <class 'numpy.linalg.LinAlgError'> occurred.  Calling MPI_Abort!
rank=17 L00: Traceback (most recent call last):
rank=17 L01:   File "/home/niflheim/madkru/new_venv/bin/gpaw", line 33, in <module>
rank=17 L02:     sys.exit(load_entry_point('gpaw', 'console_scripts', 'gpaw')())
rank=17 L03:   File "/home/niflheim/madkru/new_venv/gpaw/gpaw/cli/main.py", line 80, in main
rank=17 L04:     ase_main('gpaw', 'GPAW command-line tool', __version__,
rank=17 L05:   File "/home/niflheim/madkru/new_venv/ase/ase/cli/main.py", line 103, in main
rank=17 L06:     f(args)
rank=17 L07:   File "/home/niflheim/madkru/new_venv/gpaw/gpaw/cli/python.py", line 34, in run
rank=17 L08:     runpy.run_path(args.arguments[0], run_name='__main__')
rank=17 L09:   File "/home/modules/software/Python/3.8.6-GCCcore-10.2.0/lib/python3.8/runpy.py", line 265, in run_path
rank=17 L10:     return _run_module_code(code, init_globals, run_name,
rank=17 L11:   File "/home/modules/software/Python/3.8.6-GCCcore-10.2.0/lib/python3.8/runpy.py", line 97, in _run_module_code
rank=17 L12:     _run_code(code, mod_globals, init_globals,
rank=17 L13:   File "/home/modules/software/Python/3.8.6-GCCcore-10.2.0/lib/python3.8/runpy.py", line 87, in _run_code
rank=17 L14:     exec(code, run_globals)
rank=17 L15:   File "get_me_coupling.py", line 92, in <module>
rank=17 L16:     structure.get_potential_energy()
rank=17 L17:   File "/home/niflheim/madkru/new_venv/ase/ase/atoms.py", line 731, in get_potential_energy
rank=17 L18:     energy = self._calc.get_potential_energy(self)
rank=17 L19:   File "/home/niflheim/madkru/new_venv/ase/ase/calculators/abc.py", line 24, in get_potential_energy
rank=17 L20:     return self.get_property(name, atoms)
rank=17 L21:   File "/home/niflheim/madkru/new_venv/ase/ase/calculators/calculator.py", line 509, in get_property
rank=17 L22:     self.calculate(atoms, [name], system_changes)
rank=17 L23:   File "/home/niflheim/madkru/new_venv/gpaw/gpaw/calculator.py", line 331, in calculate
rank=17 L24:     for _ in self.icalculate(atoms, properties, system_changes):
rank=17 L25:   File "/home/niflheim/madkru/new_venv/gpaw/gpaw/calculator.py", line 369, in icalculate
rank=17 L26:     yield from self.scf.irun(
rank=17 L27:   File "/home/niflheim/madkru/new_venv/gpaw/gpaw/scf.py", line 63, in irun
rank=17 L28:     wfs.eigensolver.iterate(ham, wfs)
rank=17 L29:   File "/home/niflheim/madkru/new_venv/gpaw/gpaw/eigensolvers/eigensolver.py", line 135, in iterate
rank=17 L30:     wfs.orthonormalize(kpt)
rank=17 L31:   File "/home/niflheim/madkru/new_venv/ase/ase/utils/timing.py", line 186, in new_method
rank=17 L32:     x = method(slf, *args, **kwargs)
rank=17 L33:   File "/home/niflheim/madkru/new_venv/gpaw/gpaw/wavefunctions/fdpw.py", line 412, in orthonormalize
rank=17 L34:     S.invcholesky()
rank=17 L35:   File "/home/niflheim/madkru/new_venv/gpaw/gpaw/matrix.py", line 246, in invcholesky
rank=17 L36:     L_nn = linalg.cholesky(S.array,
rank=17 L37:   File "/home/modules/software/SciPy-bundle/2020.11-foss-2020b/lib/python3.8/site-packages/scipy/linalg/decomp_cholesky.py", line 88, in cholesky
rank=17 L38:     c, lower = _cholesky(a, lower=lower, overwrite_a=overwrite_a, clean=True,
rank=17 L39:   File "/home/modules/software/SciPy-bundle/2020.11-foss-2020b/lib/python3.8/site-packages/scipy/linalg/decomp_cholesky.py", line 37, in _cholesky
rank=17 L40:     raise LinAlgError("%d-th leading minor of the array is not positive "
rank=17 L41: numpy.linalg.LinAlgError: 297-th leading minor of the array is not positive definite
GPAW CLEANUP (node 17): <class 'numpy.linalg.LinAlgError'> occurred.  Calling MPI_Abort!
rank=02 L00: Traceback (most recent call last):
rank=02 L01:   File "/home/niflheim/madkru/new_venv/bin/gpaw", line 33, in <module>
rank=02 L02:     sys.exit(load_entry_point('gpaw', 'console_scripts', 'gpaw')())
rank=02 L03:   File "/home/niflheim/madkru/new_venv/gpaw/gpaw/cli/main.py", line 80, in main
rank=02 L04:     ase_main('gpaw', 'GPAW command-line tool', __version__,
rank=02 L05:   File "/home/niflheim/madkru/new_venv/ase/ase/cli/main.py", line 103, in main
rank=02 L06:     f(args)
rank=02 L07:   File "/home/niflheim/madkru/new_venv/gpaw/gpaw/cli/python.py", line 34, in run
rank=02 L08:     runpy.run_path(args.arguments[0], run_name='__main__')
rank=02 L09:   File "/home/modules/software/Python/3.8.6-GCCcore-10.2.0/lib/python3.8/runpy.py", line 265, in run_path
rank=02 L10:     return _run_module_code(code, init_globals, run_name,
rank=02 L11:   File "/home/modules/software/Python/3.8.6-GCCcore-10.2.0/lib/python3.8/runpy.py", line 97, in _run_module_code
rank=02 L12:     _run_code(code, mod_globals, init_globals,
rank=02 L13:   File "/home/modules/software/Python/3.8.6-GCCcore-10.2.0/lib/python3.8/runpy.py", line 87, in _run_code
rank=02 L14:     exec(code, run_globals)
rank=02 L15:   File "get_me_coupling.py", line 92, in <module>
rank=02 L16:     structure.get_potential_energy()
rank=02 L17:   File "/home/niflheim/madkru/new_venv/ase/ase/atoms.py", line 731, in get_potential_energy
rank=02 L18:     energy = self._calc.get_potential_energy(self)
rank=02 L19:   File "/home/niflheim/madkru/new_venv/ase/ase/calculators/abc.py", line 24, in get_potential_energy
rank=02 L20:     return self.get_property(name, atoms)
rank=02 L21:   File "/home/niflheim/madkru/new_venv/ase/ase/calculators/calculator.py", line 509, in get_property
rank=02 L22:     self.calculate(atoms, [name], system_changes)
rank=02 L23:   File "/home/niflheim/madkru/new_venv/gpaw/gpaw/calculator.py", line 331, in calculate
rank=02 L24:     for _ in self.icalculate(atoms, properties, system_changes):
rank=02 L25:   File "/home/niflheim/madkru/new_venv/gpaw/gpaw/calculator.py", line 369, in icalculate
rank=02 L26:     yield from self.scf.irun(
rank=02 L27:   File "/home/niflheim/madkru/new_venv/gpaw/gpaw/scf.py", line 63, in irun
rank=02 L28:     wfs.eigensolver.iterate(ham, wfs)
rank=02 L29:   File "/home/niflheim/madkru/new_venv/gpaw/gpaw/eigensolvers/eigensolver.py", line 135, in iterate
rank=02 L30:     wfs.orthonormalize(kpt)
rank=02 L31:   File "/home/niflheim/madkru/new_venv/ase/ase/utils/timing.py", line 186, in new_method
rank=02 L32:     x = method(slf, *args, **kwargs)
rank=02 L33:   File "/home/niflheim/madkru/new_venv/gpaw/gpaw/wavefunctions/fdpw.py", line 412, in orthonormalize
rank=02 L34:     S.invcholesky()
rank=02 L35:   File "/home/niflheim/madkru/new_venv/gpaw/gpaw/matrix.py", line 246, in invcholesky
rank=02 L36:     L_nn = linalg.cholesky(S.array,
rank=02 L37:   File "/home/modules/software/SciPy-bundle/2020.11-foss-2020b/lib/python3.8/site-packages/scipy/linalg/decomp_cholesky.py", line 88, in cholesky
rank=02 L38:     c, lower = _cholesky(a, lower=lower, overwrite_a=overwrite_a, clean=True,
rank=02 L39:   File "/home/modules/software/SciPy-bundle/2020.11-foss-2020b/lib/python3.8/site-packages/scipy/linalg/decomp_cholesky.py", line 37, in _cholesky
rank=02 L40:     raise LinAlgError("%d-th leading minor of the array is not positive "
rank=02 L41: numpy.linalg.LinAlgError: 297-th leading minor of the array is not positive definite
GPAW CLEANUP (node 2): <class 'numpy.linalg.LinAlgError'> occurred.  Calling MPI_Abort!
rank=13 L00: Traceback (most recent call last):
rank=13 L01:   File "/home/niflheim/madkru/new_venv/bin/gpaw", line 33, in <module>
rank=13 L02:     sys.exit(load_entry_point('gpaw', 'console_scripts', 'gpaw')())
rank=13 L03:   File "/home/niflheim/madkru/new_venv/gpaw/gpaw/cli/main.py", line 80, in main
rank=13 L04:     ase_main('gpaw', 'GPAW command-line tool', __version__,
rank=13 L05:   File "/home/niflheim/madkru/new_venv/ase/ase/cli/main.py", line 103, in main
rank=13 L06:     f(args)
rank=13 L07:   File "/home/niflheim/madkru/new_venv/gpaw/gpaw/cli/python.py", line 34, in run
rank=13 L08:     runpy.run_path(args.arguments[0], run_name='__main__')
rank=13 L09:   File "/home/modules/software/Python/3.8.6-GCCcore-10.2.0/lib/python3.8/runpy.py", line 265, in run_path
rank=13 L10:     return _run_module_code(code, init_globals, run_name,
rank=13 L11:   File "/home/modules/software/Python/3.8.6-GCCcore-10.2.0/lib/python3.8/runpy.py", line 97, in _run_module_code
rank=13 L12:     _run_code(code, mod_globals, init_globals,
rank=13 L13:   File "/home/modules/software/Python/3.8.6-GCCcore-10.2.0/lib/python3.8/runpy.py", line 87, in _run_code
rank=13 L14:     exec(code, run_globals)
rank=13 L15:   File "get_me_coupling.py", line 92, in <module>
rank=13 L16:     structure.get_potential_energy()
rank=13 L17:   File "/home/niflheim/madkru/new_venv/ase/ase/atoms.py", line 731, in get_potential_energy
rank=13 L18:     energy = self._calc.get_potential_energy(self)
rank=13 L19:   File "/home/niflheim/madkru/new_venv/ase/ase/calculators/abc.py", line 24, in get_potential_energy
rank=13 L20:     return self.get_property(name, atoms)
rank=13 L21:   File "/home/niflheim/madkru/new_venv/ase/ase/calculators/calculator.py", line 509, in get_property
rank=13 L22:     self.calculate(atoms, [name], system_changes)
rank=13 L23:   File "/home/niflheim/madkru/new_venv/gpaw/gpaw/calculator.py", line 331, in calculate
rank=13 L24:     for _ in self.icalculate(atoms, properties, system_changes):
rank=13 L25:   File "/home/niflheim/madkru/new_venv/gpaw/gpaw/calculator.py", line 369, in icalculate
rank=13 L26:     yield from self.scf.irun(
rank=13 L27:   File "/home/niflheim/madkru/new_venv/gpaw/gpaw/scf.py", line 63, in irun
rank=13 L28:     wfs.eigensolver.iterate(ham, wfs)
rank=13 L29:   File "/home/niflheim/madkru/new_venv/gpaw/gpaw/eigensolvers/eigensolver.py", line 135, in iterate
rank=13 L30:     wfs.orthonormalize(kpt)
rank=13 L31:   File "/home/niflheim/madkru/new_venv/ase/ase/utils/timing.py", line 186, in new_method
rank=13 L32:     x = method(slf, *args, **kwargs)
rank=13 L33:   File "/home/niflheim/madkru/new_venv/gpaw/gpaw/wavefunctions/fdpw.py", line 412, in orthonormalize
rank=13 L34:     S.invcholesky()
rank=13 L35:   File "/home/niflheim/madkru/new_venv/gpaw/gpaw/matrix.py", line 246, in invcholesky
rank=13 L36:     L_nn = linalg.cholesky(S.array,
rank=13 L37:   File "/home/modules/software/SciPy-bundle/2020.11-foss-2020b/lib/python3.8/site-packages/scipy/linalg/decomp_cholesky.py", line 88, in cholesky
rank=13 L38:     c, lower = _cholesky(a, lower=lower, overwrite_a=overwrite_a, clean=True,
rank=13 L39:   File "/home/modules/software/SciPy-bundle/2020.11-foss-2020b/lib/python3.8/site-packages/scipy/linalg/decomp_cholesky.py", line 37, in _cholesky
rank=13 L40:     raise LinAlgError("%d-th leading minor of the array is not positive "
rank=13 L41: numpy.linalg.LinAlgError: 297-th leading minor of the array is not positive definite
GPAW CLEANUP (node 13): <class 'numpy.linalg.LinAlgError'> occurred.  Calling MPI_Abort!
rank=12 L00: Traceback (most recent call last):
rank=12 L01:   File "/home/niflheim/madkru/new_venv/bin/gpaw", line 33, in <module>
rank=12 L02:     sys.exit(load_entry_point('gpaw', 'console_scripts', 'gpaw')())
rank=12 L03:   File "/home/niflheim/madkru/new_venv/gpaw/gpaw/cli/main.py", line 80, in main
rank=12 L04:     ase_main('gpaw', 'GPAW command-line tool', __version__,
rank=12 L05:   File "/home/niflheim/madkru/new_venv/ase/ase/cli/main.py", line 103, in main
rank=12 L06:     f(args)
rank=12 L07:   File "/home/niflheim/madkru/new_venv/gpaw/gpaw/cli/python.py", line 34, in run
rank=12 L08:     runpy.run_path(args.arguments[0], run_name='__main__')
rank=12 L09:   File "/home/modules/software/Python/3.8.6-GCCcore-10.2.0/lib/python3.8/runpy.py", line 265, in run_path
rank=12 L10:     return _run_module_code(code, init_globals, run_name,
rank=12 L11:   File "/home/modules/software/Python/3.8.6-GCCcore-10.2.0/lib/python3.8/runpy.py", line 97, in _run_module_code
rank=12 L12:     _run_code(code, mod_globals, init_globals,
rank=12 L13:   File "/home/modules/software/Python/3.8.6-GCCcore-10.2.0/lib/python3.8/runpy.py", line 87, in _run_code
rank=12 L14:     exec(code, run_globals)
rank=12 L15:   File "get_me_coupling.py", line 92, in <module>
rank=12 L16:     structure.get_potential_energy()
rank=12 L17:   File "/home/niflheim/madkru/new_venv/ase/ase/atoms.py", line 731, in get_potential_energy
rank=12 L18:     energy = self._calc.get_potential_energy(self)
rank=12 L19:   File "/home/niflheim/madkru/new_venv/ase/ase/calculators/abc.py", line 24, in get_potential_energy
rank=12 L20:     return self.get_property(name, atoms)
rank=12 L21:   File "/home/niflheim/madkru/new_venv/ase/ase/calculators/calculator.py", line 509, in get_property
rank=12 L22:     self.calculate(atoms, [name], system_changes)
rank=12 L23:   File "/home/niflheim/madkru/new_venv/gpaw/gpaw/calculator.py", line 331, in calculate
rank=12 L24:     for _ in self.icalculate(atoms, properties, system_changes):
rank=12 L25:   File "/home/niflheim/madkru/new_venv/gpaw/gpaw/calculator.py", line 369, in icalculate
rank=12 L26:     yield from self.scf.irun(
rank=12 L27:   File "/home/niflheim/madkru/new_venv/gpaw/gpaw/scf.py", line 63, in irun
rank=12 L28:     wfs.eigensolver.iterate(ham, wfs)
rank=12 L29:   File "/home/niflheim/madkru/new_venv/gpaw/gpaw/eigensolvers/eigensolver.py", line 135, in iterate
rank=12 L30:     wfs.orthonormalize(kpt)
rank=12 L31:   File "/home/niflheim/madkru/new_venv/ase/ase/utils/timing.py", line 186, in new_method
rank=12 L32:     x = method(slf, *args, **kwargs)
rank=12 L33:   File "/home/niflheim/madkru/new_venv/gpaw/gpaw/wavefunctions/fdpw.py", line 412, in orthonormalize
rank=12 L34:     S.invcholesky()
rank=12 L35:   File "/home/niflheim/madkru/new_venv/gpaw/gpaw/matrix.py", line 246, in invcholesky
rank=12 L36:     L_nn = linalg.cholesky(S.array,
rank=12 L37:   File "/home/modules/software/SciPy-bundle/2020.11-foss-2020b/lib/python3.8/site-packages/scipy/linalg/decomp_cholesky.py", line 88, in cholesky
rank=12 L38:     c, lower = _cholesky(a, lower=lower, overwrite_a=overwrite_a, clean=True,
rank=12 L39:   File "/home/modules/software/SciPy-bundle/2020.11-foss-2020b/lib/python3.8/site-packages/scipy/linalg/decomp_cholesky.py", line 37, in _cholesky
rank=12 L40:     raise LinAlgError("%d-th leading minor of the array is not positive "
rank=12 L41: numpy.linalg.LinAlgError: 297-th leading minor of the array is not positive definite
GPAW CLEANUP (node 12): <class 'numpy.linalg.LinAlgError'> occurred.  Calling MPI_Abort!
rank=07 L00: Traceback (most recent call last):
rank=07 L01:   File "/home/niflheim/madkru/new_venv/bin/gpaw", line 33, in <module>
rank=07 L02:     sys.exit(load_entry_point('gpaw', 'console_scripts', 'gpaw')())
rank=07 L03:   File "/home/niflheim/madkru/new_venv/gpaw/gpaw/cli/main.py", line 80, in main
rank=07 L04:     ase_main('gpaw', 'GPAW command-line tool', __version__,
rank=07 L05:   File "/home/niflheim/madkru/new_venv/ase/ase/cli/main.py", line 103, in main
rank=07 L06:     f(args)
rank=07 L07:   File "/home/niflheim/madkru/new_venv/gpaw/gpaw/cli/python.py", line 34, in run
rank=07 L08:     runpy.run_path(args.arguments[0], run_name='__main__')
rank=07 L09:   File "/home/modules/software/Python/3.8.6-GCCcore-10.2.0/lib/python3.8/runpy.py", line 265, in run_path
rank=07 L10:     return _run_module_code(code, init_globals, run_name,
rank=07 L11:   File "/home/modules/software/Python/3.8.6-GCCcore-10.2.0/lib/python3.8/runpy.py", line 97, in _run_module_code
rank=07 L12:     _run_code(code, mod_globals, init_globals,
rank=07 L13:   File "/home/modules/software/Python/3.8.6-GCCcore-10.2.0/lib/python3.8/runpy.py", line 87, in _run_code
rank=07 L14:     exec(code, run_globals)
rank=07 L15:   File "get_me_coupling.py", line 92, in <module>
rank=07 L16:     structure.get_potential_energy()
rank=07 L17:   File "/home/niflheim/madkru/new_venv/ase/ase/atoms.py", line 731, in get_potential_energy
rank=07 L18:     energy = self._calc.get_potential_energy(self)
rank=07 L19:   File "/home/niflheim/madkru/new_venv/ase/ase/calculators/abc.py", line 24, in get_potential_energy
rank=07 L20:     return self.get_property(name, atoms)
rank=07 L21:   File "/home/niflheim/madkru/new_venv/ase/ase/calculators/calculator.py", line 509, in get_property
rank=07 L22:     self.calculate(atoms, [name], system_changes)
rank=07 L23:   File "/home/niflheim/madkru/new_venv/gpaw/gpaw/calculator.py", line 331, in calculate
rank=07 L24:     for _ in self.icalculate(atoms, properties, system_changes):
rank=07 L25:   File "/home/niflheim/madkru/new_venv/gpaw/gpaw/calculator.py", line 369, in icalculate
rank=07 L26:     yield from self.scf.irun(
rank=07 L27:   File "/home/niflheim/madkru/new_venv/gpaw/gpaw/scf.py", line 63, in irun
rank=07 L28:     wfs.eigensolver.iterate(ham, wfs)
rank=07 L29:   File "/home/niflheim/madkru/new_venv/gpaw/gpaw/eigensolvers/eigensolver.py", line 135, in iterate
rank=07 L30:     wfs.orthonormalize(kpt)
rank=07 L31:   File "/home/niflheim/madkru/new_venv/ase/ase/utils/timing.py", line 186, in new_method
rank=07 L32:     x = method(slf, *args, **kwargs)
rank=07 L33:   File "/home/niflheim/madkru/new_venv/gpaw/gpaw/wavefunctions/fdpw.py", line 412, in orthonormalize
rank=07 L34:     S.invcholesky()
rank=07 L35:   File "/home/niflheim/madkru/new_venv/gpaw/gpaw/matrix.py", line 246, in invcholesky
rank=07 L36:     L_nn = linalg.cholesky(S.array,
rank=07 L37:   File "/home/modules/software/SciPy-bundle/2020.11-foss-2020b/lib/python3.8/site-packages/scipy/linalg/decomp_cholesky.py", line 88, in cholesky
rank=07 L38:     c, lower = _cholesky(a, lower=lower, overwrite_a=overwrite_a, clean=True,
rank=07 L39:   File "/home/modules/software/SciPy-bundle/2020.11-foss-2020b/lib/python3.8/site-packages/scipy/linalg/decomp_cholesky.py", line 37, in _cholesky
rank=07 L40:     raise LinAlgError("%d-th leading minor of the array is not positive "
rank=07 L41: numpy.linalg.LinAlgError: 297-th leading minor of the array is not positive definite
GPAW CLEANUP (node 7): <class 'numpy.linalg.LinAlgError'> occurred.  Calling MPI_Abort!
rank=09 L00: Traceback (most recent call last):
rank=09 L01:   File "/home/niflheim/madkru/new_venv/bin/gpaw", line 33, in <module>
rank=09 L02:     sys.exit(load_entry_point('gpaw', 'console_scripts', 'gpaw')())
rank=09 L03:   File "/home/niflheim/madkru/new_venv/gpaw/gpaw/cli/main.py", line 80, in main
rank=09 L04:     ase_main('gpaw', 'GPAW command-line tool', __version__,
rank=09 L05:   File "/home/niflheim/madkru/new_venv/ase/ase/cli/main.py", line 103, in main
rank=09 L06:     f(args)
rank=09 L07:   File "/home/niflheim/madkru/new_venv/gpaw/gpaw/cli/python.py", line 34, in run
rank=09 L08:     runpy.run_path(args.arguments[0], run_name='__main__')
rank=09 L09:   File "/home/modules/software/Python/3.8.6-GCCcore-10.2.0/lib/python3.8/runpy.py", line 265, in run_path
rank=09 L10:     return _run_module_code(code, init_globals, run_name,
rank=09 L11:   File "/home/modules/software/Python/3.8.6-GCCcore-10.2.0/lib/python3.8/runpy.py", line 97, in _run_module_code
rank=09 L12:     _run_code(code, mod_globals, init_globals,
rank=09 L13:   File "/home/modules/software/Python/3.8.6-GCCcore-10.2.0/lib/python3.8/runpy.py", line 87, in _run_code
rank=09 L14:     exec(code, run_globals)
rank=09 L15:   File "get_me_coupling.py", line 92, in <module>
rank=09 L16:     structure.get_potential_energy()
rank=09 L17:   File "/home/niflheim/madkru/new_venv/ase/ase/atoms.py", line 731, in get_potential_energy
rank=09 L18:     energy = self._calc.get_potential_energy(self)
rank=09 L19:   File "/home/niflheim/madkru/new_venv/ase/ase/calculators/abc.py", line 24, in get_potential_energy
rank=09 L20:     return self.get_property(name, atoms)
rank=09 L21:   File "/home/niflheim/madkru/new_venv/ase/ase/calculators/calculator.py", line 509, in get_property
rank=09 L22:     self.calculate(atoms, [name], system_changes)
rank=09 L23:   File "/home/niflheim/madkru/new_venv/gpaw/gpaw/calculator.py", line 331, in calculate
rank=09 L24:     for _ in self.icalculate(atoms, properties, system_changes):
rank=09 L25:   File "/home/niflheim/madkru/new_venv/gpaw/gpaw/calculator.py", line 369, in icalculate
rank=09 L26:     yield from self.scf.irun(
rank=09 L27:   File "/home/niflheim/madkru/new_venv/gpaw/gpaw/scf.py", line 63, in irun
rank=09 L28:     wfs.eigensolver.iterate(ham, wfs)
rank=09 L29:   File "/home/niflheim/madkru/new_venv/gpaw/gpaw/eigensolvers/eigensolver.py", line 135, in iterate
rank=09 L30:     wfs.orthonormalize(kpt)
rank=09 L31:   File "/home/niflheim/madkru/new_venv/ase/ase/utils/timing.py", line 186, in new_method
rank=09 L32:     x = method(slf, *args, **kwargs)
rank=09 L33:   File "/home/niflheim/madkru/new_venv/gpaw/gpaw/wavefunctions/fdpw.py", line 412, in orthonormalize
rank=09 L34:     S.invcholesky()
rank=09 L35:   File "/home/niflheim/madkru/new_venv/gpaw/gpaw/matrix.py", line 246, in invcholesky
rank=09 L36:     L_nn = linalg.cholesky(S.array,
rank=09 L37:   File "/home/modules/software/SciPy-bundle/2020.11-foss-2020b/lib/python3.8/site-packages/scipy/linalg/decomp_cholesky.py", line 88, in cholesky
rank=09 L38:     c, lower = _cholesky(a, lower=lower, overwrite_a=overwrite_a, clean=True,
rank=09 L39:   File "/home/modules/software/SciPy-bundle/2020.11-foss-2020b/lib/python3.8/site-packages/scipy/linalg/decomp_cholesky.py", line 37, in _cholesky
rank=09 L40:     raise LinAlgError("%d-th leading minor of the array is not positive "
rank=09 L41: numpy.linalg.LinAlgError: 297-th leading minor of the array is not positive definite
GPAW CLEANUP (node 9): <class 'numpy.linalg.LinAlgError'> occurred.  Calling MPI_Abort!
rank=04 L00: Traceback (most recent call last):
rank=04 L01:   File "/home/niflheim/madkru/new_venv/bin/gpaw", line 33, in <module>
rank=04 L02:     sys.exit(load_entry_point('gpaw', 'console_scripts', 'gpaw')())
rank=04 L03:   File "/home/niflheim/madkru/new_venv/gpaw/gpaw/cli/main.py", line 80, in main
rank=04 L04:     ase_main('gpaw', 'GPAW command-line tool', __version__,
rank=04 L05:   File "/home/niflheim/madkru/new_venv/ase/ase/cli/main.py", line 103, in main
rank=04 L06:     f(args)
rank=04 L07:   File "/home/niflheim/madkru/new_venv/gpaw/gpaw/cli/python.py", line 34, in run
rank=04 L08:     runpy.run_path(args.arguments[0], run_name='__main__')
rank=04 L09:   File "/home/modules/software/Python/3.8.6-GCCcore-10.2.0/lib/python3.8/runpy.py", line 265, in run_path
rank=04 L10:     return _run_module_code(code, init_globals, run_name,
rank=04 L11:   File "/home/modules/software/Python/3.8.6-GCCcore-10.2.0/lib/python3.8/runpy.py", line 97, in _run_module_code
rank=04 L12:     _run_code(code, mod_globals, init_globals,
rank=04 L13:   File "/home/modules/software/Python/3.8.6-GCCcore-10.2.0/lib/python3.8/runpy.py", line 87, in _run_code
rank=04 L14:     exec(code, run_globals)
rank=04 L15:   File "get_me_coupling.py", line 92, in <module>
rank=04 L16:     structure.get_potential_energy()
rank=04 L17:   File "/home/niflheim/madkru/new_venv/ase/ase/atoms.py", line 731, in get_potential_energy
rank=04 L18:     energy = self._calc.get_potential_energy(self)
rank=04 L19:   File "/home/niflheim/madkru/new_venv/ase/ase/calculators/abc.py", line 24, in get_potential_energy
rank=04 L20:     return self.get_property(name, atoms)
rank=04 L21:   File "/home/niflheim/madkru/new_venv/ase/ase/calculators/calculator.py", line 509, in get_property
rank=04 L22:     self.calculate(atoms, [name], system_changes)
rank=04 L23:   File "/home/niflheim/madkru/new_venv/gpaw/gpaw/calculator.py", line 331, in calculate
rank=04 L24:     for _ in self.icalculate(atoms, properties, system_changes):
rank=04 L25:   File "/home/niflheim/madkru/new_venv/gpaw/gpaw/calculator.py", line 369, in icalculate
rank=04 L26:     yield from self.scf.irun(
rank=04 L27:   File "/home/niflheim/madkru/new_venv/gpaw/gpaw/scf.py", line 63, in irun
rank=04 L28:     wfs.eigensolver.iterate(ham, wfs)
rank=04 L29:   File "/home/niflheim/madkru/new_venv/gpaw/gpaw/eigensolvers/eigensolver.py", line 135, in iterate
rank=04 L30:     wfs.orthonormalize(kpt)
rank=04 L31:   File "/home/niflheim/madkru/new_venv/ase/ase/utils/timing.py", line 186, in new_method
rank=04 L32:     x = method(slf, *args, **kwargs)
rank=04 L33:   File "/home/niflheim/madkru/new_venv/gpaw/gpaw/wavefunctions/fdpw.py", line 412, in orthonormalize
rank=04 L34:     S.invcholesky()
rank=04 L35:   File "/home/niflheim/madkru/new_venv/gpaw/gpaw/matrix.py", line 246, in invcholesky
rank=04 L36:     L_nn = linalg.cholesky(S.array,
rank=04 L37:   File "/home/modules/software/SciPy-bundle/2020.11-foss-2020b/lib/python3.8/site-packages/scipy/linalg/decomp_cholesky.py", line 88, in cholesky
rank=04 L38:     c, lower = _cholesky(a, lower=lower, overwrite_a=overwrite_a, clean=True,
rank=04 L39:   File "/home/modules/software/SciPy-bundle/2020.11-foss-2020b/lib/python3.8/site-packages/scipy/linalg/decomp_cholesky.py", line 37, in _cholesky
rank=04 L40:     raise LinAlgError("%d-th leading minor of the array is not positive "
rank=04 L41: numpy.linalg.LinAlgError: 297-th leading minor of the array is not positive definite
GPAW CLEANUP (node 4): <class 'numpy.linalg.LinAlgError'> occurred.  Calling MPI_Abort!
rank=20 L00: Traceback (most recent call last):
rank=20 L01:   File "/home/niflheim/madkru/new_venv/bin/gpaw", line 33, in <module>
rank=20 L02:     sys.exit(load_entry_point('gpaw', 'console_scripts', 'gpaw')())
rank=20 L03:   File "/home/niflheim/madkru/new_venv/gpaw/gpaw/cli/main.py", line 80, in main
rank=20 L04:     ase_main('gpaw', 'GPAW command-line tool', __version__,
rank=20 L05:   File "/home/niflheim/madkru/new_venv/ase/ase/cli/main.py", line 103, in main
rank=20 L06:     f(args)
rank=20 L07:   File "/home/niflheim/madkru/new_venv/gpaw/gpaw/cli/python.py", line 34, in run
rank=20 L08:     runpy.run_path(args.arguments[0], run_name='__main__')
rank=20 L09:   File "/home/modules/software/Python/3.8.6-GCCcore-10.2.0/lib/python3.8/runpy.py", line 265, in run_path
rank=20 L10:     return _run_module_code(code, init_globals, run_name,
rank=20 L11:   File "/home/modules/software/Python/3.8.6-GCCcore-10.2.0/lib/python3.8/runpy.py", line 97, in _run_module_code
rank=20 L12:     _run_code(code, mod_globals, init_globals,
rank=20 L13:   File "/home/modules/software/Python/3.8.6-GCCcore-10.2.0/lib/python3.8/runpy.py", line 87, in _run_code
rank=20 L14:     exec(code, run_globals)
rank=20 L15:   File "get_me_coupling.py", line 92, in <module>
rank=20 L16:     structure.get_potential_energy()
rank=20 L17:   File "/home/niflheim/madkru/new_venv/ase/ase/atoms.py", line 731, in get_potential_energy
rank=20 L18:     energy = self._calc.get_potential_energy(self)
rank=20 L19:   File "/home/niflheim/madkru/new_venv/ase/ase/calculators/abc.py", line 24, in get_potential_energy
rank=20 L20:     return self.get_property(name, atoms)
rank=20 L21:   File "/home/niflheim/madkru/new_venv/ase/ase/calculators/calculator.py", line 509, in get_property
rank=20 L22:     self.calculate(atoms, [name], system_changes)
rank=20 L23:   File "/home/niflheim/madkru/new_venv/gpaw/gpaw/calculator.py", line 331, in calculate
rank=20 L24:     for _ in self.icalculate(atoms, properties, system_changes):
rank=20 L25:   File "/home/niflheim/madkru/new_venv/gpaw/gpaw/calculator.py", line 369, in icalculate
rank=20 L26:     yield from self.scf.irun(
rank=20 L27:   File "/home/niflheim/madkru/new_venv/gpaw/gpaw/scf.py", line 63, in irun
rank=20 L28:     wfs.eigensolver.iterate(ham, wfs)
rank=20 L29:   File "/home/niflheim/madkru/new_venv/gpaw/gpaw/eigensolvers/eigensolver.py", line 135, in iterate
rank=20 L30:     wfs.orthonormalize(kpt)
rank=20 L31:   File "/home/niflheim/madkru/new_venv/ase/ase/utils/timing.py", line 186, in new_method
rank=20 L32:     x = method(slf, *args, **kwargs)
rank=20 L33:   File "/home/niflheim/madkru/new_venv/gpaw/gpaw/wavefunctions/fdpw.py", line 412, in orthonormalize
rank=20 L34:     S.invcholesky()
rank=20 L35:   File "/home/niflheim/madkru/new_venv/gpaw/gpaw/matrix.py", line 246, in invcholesky
rank=20 L36:     L_nn = linalg.cholesky(S.array,
rank=20 L37:   File "/home/modules/software/SciPy-bundle/2020.11-foss-2020b/lib/python3.8/site-packages/scipy/linalg/decomp_cholesky.py", line 88, in cholesky
rank=20 L38:     c, lower = _cholesky(a, lower=lower, overwrite_a=overwrite_a, clean=True,
rank=20 L39:   File "/home/modules/software/SciPy-bundle/2020.11-foss-2020b/lib/python3.8/site-packages/scipy/linalg/decomp_cholesky.py", line 37, in _cholesky
rank=20 L40:     raise LinAlgError("%d-th leading minor of the array is not positive "
rank=20 L41: numpy.linalg.LinAlgError: 297-th leading minor of the array is not positive definite
GPAW CLEANUP (node 20): <class 'numpy.linalg.LinAlgError'> occurred.  Calling MPI_Abort!
--------------------------------------------------------------------------
MPI_ABORT was invoked on rank 3 in communicator MPI_COMM_WORLD
with errorcode 42.

NOTE: invoking MPI_ABORT causes Open MPI to kill all MPI processes.
You may or may not see output from other processes, depending on
exactly when Open MPI kills them.
--------------------------------------------------------------------------
