Writing phonon.eq.pckl
Writing phonon.0x-.pckl
Writing phonon.0x+.pckl
Writing phonon.0y-.pckl
Writing phonon.0y+.pckl
Writing phonon.0z-.pckl
Writing phonon.0z+.pckl
Writing phonon.1x-.pckl
Writing phonon.1x+.pckl
Writing phonon.1y-.pckl
Writing phonon.1y+.pckl
Writing phonon.1z-.pckl
Writing phonon.1z+.pckl
Writing phonon.2x-.pckl
Writing phonon.2x+.pckl
Writing phonon.2y-.pckl
Writing phonon.2y+.pckl
Writing phonon.2z-.pckl
Writing phonon.2z+.pckl
Writing phonon.3x-.pckl
Writing phonon.3x+.pckl
Writing phonon.3y-.pckl
Writing phonon.3y+.pckl
Writing phonon.3z-.pckl
Writing phonon.3z+.pckl
Writing phonon.4x-.pckl
Writing phonon.4x+.pckl
Writing phonon.4y-.pckl
Writing phonon.4y+.pckl
Writing phonon.4z-.pckl
Writing phonon.4z+.pckl
Writing phonon.5x-.pckl
Writing phonon.5x+.pckl
Writing phonon.5y-.pckl
Writing phonon.5y+.pckl
Writing phonon.5z-.pckl
Writing phonon.5z+.pckl
Writing phonon.6x-.pckl
Writing phonon.6x+.pckl
Writing phonon.6y-.pckl
Writing phonon.6y+.pckl
Writing phonon.6z-.pckl
Writing phonon.6z+.pckl
Writing phonon.7x-.pckl
