3
3
3
3
3
3
3
3
3
3
3
3
3
3
3
3
3
3
3
3
3
3
[-5.99758056e+00 -5.87090653e-05 -7.48978207e-02]
[-5.99758056e+00 -5.87090653e-05 -7.48978207e-02]
[-5.99758056e+00 -5.87090653e-05 -7.48978207e-02]
[-5.99758056e+00 -5.87090653e-05 -7.48978207e-02]
[-5.99758056e+00 -5.87090653e-05 -7.48978207e-02]
[-5.99758056e+00 -5.87090653e-05 -7.48978207e-02]
[-5.99758056e+00 -5.87090653e-05 -7.48978207e-02]
[-5.99758056e+00 -5.87090653e-05 -7.48978207e-02]
[-5.99758056e+00 -5.87090653e-05 -7.48978207e-02]
[-5.99758056e+00 -5.87090653e-05 -7.48978207e-02]
[-5.99758056e+00 -5.87090653e-05 -7.48978207e-02]
[-5.99758056e+00 -5.87090653e-05 -7.48978207e-02]
3
[-5.99758056e+00 -5.87090653e-05 -7.48978207e-02]
3
[-5.99758056e+00 -5.87090653e-05 -7.48978207e-02]
[-5.99758056e+00 -5.87090653e-05 -7.48978207e-02]
[-5.99758056e+00 -5.87090653e-05 -7.48978207e-02]
[-5.99758056e+00 -5.87090653e-05 -7.48978207e-02]
[-5.99758056e+00 -5.87090653e-05 -7.48978207e-02]
[-5.99758056e+00 -5.87090653e-05 -7.48978207e-02]
[-5.99758056e+00 -5.87090653e-05 -7.48978207e-02]
[-5.99758056e+00 -5.87090653e-05 -7.48978207e-02]
[-5.99758056e+00 -5.87090653e-05 -7.48978207e-02]
[-5.99758056e+00 -5.87090653e-05 -7.48978207e-02]
3
3
3
3
3
3
[-5.99758056e+00 -5.87090653e-05 -7.48978207e-02]
3
3
3
3
3
3
3
3
3
3
3
3
3
3
3
3
3
[-5.99758056e+00 -5.87090653e-05 -7.48978207e-02]
[-5.99758056e+00 -5.87090653e-05 -7.48978207e-02]
[-5.99758056e+00 -5.87090653e-05 -7.48978207e-02]
[-5.99758056e+00 -5.87090653e-05 -7.48978207e-02]
[-5.99758056e+00 -5.87090653e-05 -7.48978207e-02]
[-5.99758056e+00 -5.87090653e-05 -7.48978207e-02]
[-5.99758056e+00 -5.87090653e-05 -7.48978207e-02]
[-5.99758056e+00 -5.87090653e-05 -7.48978207e-02]
[-5.99758056e+00 -5.87090653e-05 -7.48978207e-02]
[-5.99758056e+00 -5.87090653e-05 -7.48978207e-02]
[-5.99758056e+00 -5.87090653e-05 -7.48978207e-02]
[-5.99758056e+00 -5.87090653e-05 -7.48978207e-02]
[-5.99758056e+00 -5.87090653e-05 -7.48978207e-02]
[-5.99758056e+00 -5.87090653e-05 -7.48978207e-02]
[-5.99758056e+00 -5.87090653e-05 -7.48978207e-02]
[-5.99758056e+00 -5.87090653e-05 -7.48978207e-02]
[-5.99758056e+00 -5.87090653e-05 -7.48978207e-02]
[-5.99758056e+00 -5.87090653e-05 -7.48978207e-02]
[-5.99758056e+00 -5.87090653e-05 -7.48978207e-02]
[-5.99758056e+00 -5.87090653e-05 -7.48978207e-02]
[-5.99758056e+00 -5.87090653e-05 -7.48978207e-02]
[-5.99758056e+00 -5.87090653e-05 -7.48978207e-02]
[-5.99758056e+00 -5.87090653e-05 -7.48978207e-02]
3
[-5.99758056e+00 -5.87090653e-05 -7.48978207e-02]
