[i018.nifl.fysik.dtu.dk:26855] mca_base_component_repository_open: unable to open mca_oob_ud: libosmcomp.so.3: cannot open shared object file: No such file or directory (ignored)
[i018.nifl.fysik.dtu.dk:26877] mca_base_component_repository_open: unable to open mca_oob_ud: libosmcomp.so.3: cannot open shared object file: No such file or directory (ignored)
[i018.nifl.fysik.dtu.dk:26879] mca_base_component_repository_open: unable to open mca_oob_ud: libosmcomp.so.3: cannot open shared object file: No such file or directory (ignored)
[i018.nifl.fysik.dtu.dk:26881] mca_base_component_repository_open: unable to open mca_oob_ud: libosmcomp.so.3: cannot open shared object file: No such file or directory (ignored)
[i018.nifl.fysik.dtu.dk:26882] mca_base_component_repository_open: unable to open mca_oob_ud: libosmcomp.so.3: cannot open shared object file: No such file or directory (ignored)
[i018.nifl.fysik.dtu.dk:26887] mca_base_component_repository_open: unable to open mca_oob_ud: libosmcomp.so.3: cannot open shared object file: No such file or directory (ignored)
[i018.nifl.fysik.dtu.dk:26873] mca_base_component_repository_open: unable to open mca_oob_ud: libosmcomp.so.3: cannot open shared object file: No such file or directory (ignored)
[i018.nifl.fysik.dtu.dk:26876] mca_base_component_repository_open: unable to open mca_oob_ud: libosmcomp.so.3: cannot open shared object file: No such file or directory (ignored)
[i018.nifl.fysik.dtu.dk:26878] mca_base_component_repository_open: unable to open mca_oob_ud: libosmcomp.so.3: cannot open shared object file: No such file or directory (ignored)
[i018.nifl.fysik.dtu.dk:26880] mca_base_component_repository_open: unable to open mca_oob_ud: libosmcomp.so.3: cannot open shared object file: No such file or directory (ignored)
[i018.nifl.fysik.dtu.dk:26884] mca_base_component_repository_open: unable to open mca_oob_ud: libosmcomp.so.3: cannot open shared object file: No such file or directory (ignored)
[i018.nifl.fysik.dtu.dk:26885] mca_base_component_repository_open: unable to open mca_oob_ud: libosmcomp.so.3: cannot open shared object file: No such file or directory (ignored)
[i018.nifl.fysik.dtu.dk:26874] mca_base_component_repository_open: unable to open mca_oob_ud: libosmcomp.so.3: cannot open shared object file: No such file or directory (ignored)
[i018.nifl.fysik.dtu.dk:26889] mca_base_component_repository_open: unable to open mca_oob_ud: libosmcomp.so.3: cannot open shared object file: No such file or directory (ignored)
[i018.nifl.fysik.dtu.dk:26888] mca_base_component_repository_open: unable to open mca_oob_ud: libosmcomp.so.3: cannot open shared object file: No such file or directory (ignored)
[i018.nifl.fysik.dtu.dk:26886] mca_base_component_repository_open: unable to open mca_oob_ud: libosmcomp.so.3: cannot open shared object file: No such file or directory (ignored)
[i018.nifl.fysik.dtu.dk:26875] mca_base_component_repository_open: unable to open mca_oob_ud: libosmcomp.so.3: cannot open shared object file: No such file or directory (ignored)
[i046.nifl.fysik.dtu.dk:12837] mca_base_component_repository_open: unable to open mca_oob_ud: libosmcomp.so.3: cannot open shared object file: No such file or directory (ignored)
[i046.nifl.fysik.dtu.dk:12841] mca_base_component_repository_open: unable to open mca_oob_ud: libosmcomp.so.3: cannot open shared object file: No such file or directory (ignored)
[i046.nifl.fysik.dtu.dk:12844] mca_base_component_repository_open: unable to open mca_oob_ud: libosmcomp.so.3: cannot open shared object file: No such file or directory (ignored)
[i046.nifl.fysik.dtu.dk:12846] mca_base_component_repository_open: unable to open mca_oob_ud: libosmcomp.so.3: cannot open shared object file: No such file or directory (ignored)
[i046.nifl.fysik.dtu.dk:12838] mca_base_component_repository_open: unable to open mca_oob_ud: libosmcomp.so.3: cannot open shared object file: No such file or directory (ignored)
[i046.nifl.fysik.dtu.dk:12842] mca_base_component_repository_open: unable to open mca_oob_ud: libosmcomp.so.3: cannot open shared object file: No such file or directory (ignored)
[i046.nifl.fysik.dtu.dk:12850] mca_base_component_repository_open: unable to open mca_oob_ud: libosmcomp.so.3: cannot open shared object file: No such file or directory (ignored)
[i046.nifl.fysik.dtu.dk:12851] mca_base_component_repository_open: unable to open mca_oob_ud: libosmcomp.so.3: cannot open shared object file: No such file or directory (ignored)
[i046.nifl.fysik.dtu.dk:12852] mca_base_component_repository_open: unable to open mca_oob_ud: libosmcomp.so.3: cannot open shared object file: No such file or directory (ignored)
[i046.nifl.fysik.dtu.dk:12840] mca_base_component_repository_open: unable to open mca_oob_ud: libosmcomp.so.3: cannot open shared object file: No such file or directory (ignored)
[i046.nifl.fysik.dtu.dk:12835] mca_base_component_repository_open: unable to open mca_oob_ud: libosmcomp.so.3: cannot open shared object file: No such file or directory (ignored)
[i046.nifl.fysik.dtu.dk:12845] mca_base_component_repository_open: unable to open mca_oob_ud: libosmcomp.so.3: cannot open shared object file: No such file or directory (ignored)
[i046.nifl.fysik.dtu.dk:12847] mca_base_component_repository_open: unable to open mca_oob_ud: libosmcomp.so.3: cannot open shared object file: No such file or directory (ignored)
[i046.nifl.fysik.dtu.dk:12848] mca_base_component_repository_open: unable to open mca_oob_ud: libosmcomp.so.3: cannot open shared object file: No such file or directory (ignored)
[i046.nifl.fysik.dtu.dk:12836] mca_base_component_repository_open: unable to open mca_oob_ud: libosmcomp.so.3: cannot open shared object file: No such file or directory (ignored)
[i046.nifl.fysik.dtu.dk:12839] mca_base_component_repository_open: unable to open mca_oob_ud: libosmcomp.so.3: cannot open shared object file: No such file or directory (ignored)
[i020.nifl.fysik.dtu.dk:26623] mca_base_component_repository_open: unable to open mca_oob_ud: libosmcomp.so.3: cannot open shared object file: No such file or directory (ignored)
[i020.nifl.fysik.dtu.dk:26616] mca_base_component_repository_open: unable to open mca_oob_ud: libosmcomp.so.3: cannot open shared object file: No such file or directory (ignored)
[i020.nifl.fysik.dtu.dk:26626] mca_base_component_repository_open: unable to open mca_oob_ud: libosmcomp.so.3: cannot open shared object file: No such file or directory (ignored)
[i020.nifl.fysik.dtu.dk:26625] mca_base_component_repository_open: unable to open mca_oob_ud: libosmcomp.so.3: cannot open shared object file: No such file or directory (ignored)
[i020.nifl.fysik.dtu.dk:26620] mca_base_component_repository_open: unable to open mca_oob_ud: libosmcomp.so.3: cannot open shared object file: No such file or directory (ignored)
[i020.nifl.fysik.dtu.dk:26629] mca_base_component_repository_open: unable to open mca_oob_ud: libosmcomp.so.3: cannot open shared object file: No such file or directory (ignored)
[i020.nifl.fysik.dtu.dk:26628] mca_base_component_repository_open: unable to open mca_oob_ud: libosmcomp.so.3: cannot open shared object file: No such file or directory (ignored)
[i020.nifl.fysik.dtu.dk:26612] mca_base_component_repository_open: unable to open mca_oob_ud: libosmcomp.so.3: cannot open shared object file: No such file or directory (ignored)
[i020.nifl.fysik.dtu.dk:26613] mca_base_component_repository_open: unable to open mca_oob_ud: libosmcomp.so.3: cannot open shared object file: No such file or directory (ignored)
[i020.nifl.fysik.dtu.dk:26618] mca_base_component_repository_open: unable to open mca_oob_ud: libosmcomp.so.3: cannot open shared object file: No such file or directory (ignored)
[i020.nifl.fysik.dtu.dk:26627] mca_base_component_repository_open: unable to open mca_oob_ud: libosmcomp.so.3: cannot open shared object file: No such file or directory (ignored)
[i020.nifl.fysik.dtu.dk:26614] mca_base_component_repository_open: unable to open mca_oob_ud: libosmcomp.so.3: cannot open shared object file: No such file or directory (ignored)
[i020.nifl.fysik.dtu.dk:26624] mca_base_component_repository_open: unable to open mca_oob_ud: libosmcomp.so.3: cannot open shared object file: No such file or directory (ignored)
[i020.nifl.fysik.dtu.dk:26617] mca_base_component_repository_open: unable to open mca_oob_ud: libosmcomp.so.3: cannot open shared object file: No such file or directory (ignored)
[i020.nifl.fysik.dtu.dk:26622] mca_base_component_repository_open: unable to open mca_oob_ud: libosmcomp.so.3: cannot open shared object file: No such file or directory (ignored)
[i047.nifl.fysik.dtu.dk:01831] mca_base_component_repository_open: unable to open mca_oob_ud: libosmcomp.so.3: cannot open shared object file: No such file or directory (ignored)
[i047.nifl.fysik.dtu.dk:01833] mca_base_component_repository_open: unable to open mca_oob_ud: libosmcomp.so.3: cannot open shared object file: No such file or directory (ignored)
[i020.nifl.fysik.dtu.dk:26619] mca_base_component_repository_open: unable to open mca_oob_ud: libosmcomp.so.3: cannot open shared object file: No such file or directory (ignored)
[i047.nifl.fysik.dtu.dk:01836] mca_base_component_repository_open: unable to open mca_oob_ud: libosmcomp.so.3: cannot open shared object file: No such file or directory (ignored)
[i047.nifl.fysik.dtu.dk:01842] mca_base_component_repository_open: unable to open mca_oob_ud: libosmcomp.so.3: cannot open shared object file: No such file or directory (ignored)
[i047.nifl.fysik.dtu.dk:01835] mca_base_component_repository_open: unable to open mca_oob_ud: libosmcomp.so.3: cannot open shared object file: No such file or directory (ignored)
[i047.nifl.fysik.dtu.dk:01838] mca_base_component_repository_open: unable to open mca_oob_ud: libosmcomp.so.3: cannot open shared object file: No such file or directory (ignored)
[i047.nifl.fysik.dtu.dk:01839] mca_base_component_repository_open: unable to open mca_oob_ud: libosmcomp.so.3: cannot open shared object file: No such file or directory (ignored)
[i047.nifl.fysik.dtu.dk:01845] mca_base_component_repository_open: unable to open mca_oob_ud: libosmcomp.so.3: cannot open shared object file: No such file or directory (ignored)
[i047.nifl.fysik.dtu.dk:01843] mca_base_component_repository_open: unable to open mca_oob_ud: libosmcomp.so.3: cannot open shared object file: No such file or directory (ignored)
[i047.nifl.fysik.dtu.dk:01846] mca_base_component_repository_open: unable to open mca_oob_ud: libosmcomp.so.3: cannot open shared object file: No such file or directory (ignored)
[i047.nifl.fysik.dtu.dk:01834] mca_base_component_repository_open: unable to open mca_oob_ud: libosmcomp.so.3: cannot open shared object file: No such file or directory (ignored)
[i047.nifl.fysik.dtu.dk:01844] mca_base_component_repository_open: unable to open mca_oob_ud: libosmcomp.so.3: cannot open shared object file: No such file or directory (ignored)
[i047.nifl.fysik.dtu.dk:01847] mca_base_component_repository_open: unable to open mca_oob_ud: libosmcomp.so.3: cannot open shared object file: No such file or directory (ignored)
[i047.nifl.fysik.dtu.dk:01832] mca_base_component_repository_open: unable to open mca_oob_ud: libosmcomp.so.3: cannot open shared object file: No such file or directory (ignored)
[i047.nifl.fysik.dtu.dk:01841] mca_base_component_repository_open: unable to open mca_oob_ud: libosmcomp.so.3: cannot open shared object file: No such file or directory (ignored)
[i047.nifl.fysik.dtu.dk:01837] mca_base_component_repository_open: unable to open mca_oob_ud: libosmcomp.so.3: cannot open shared object file: No such file or directory (ignored)
[i018.nifl.fysik.dtu.dk:26887] mca_base_component_repository_open: unable to open mca_btl_openib: libosmcomp.so.3: cannot open shared object file: No such file or directory (ignored)
[i018.nifl.fysik.dtu.dk:26885] mca_base_component_repository_open: unable to open mca_btl_openib: libosmcomp.so.3: cannot open shared object file: No such file or directory (ignored)
[i018.nifl.fysik.dtu.dk:26888] mca_base_component_repository_open: unable to open mca_btl_openib: libosmcomp.so.3: cannot open shared object file: No such file or directory (ignored)
[i018.nifl.fysik.dtu.dk:26874] mca_base_component_repository_open: unable to open mca_btl_openib: libosmcomp.so.3: cannot open shared object file: No such file or directory (ignored)
[i018.nifl.fysik.dtu.dk:26879] mca_base_component_repository_open: unable to open mca_btl_openib: libosmcomp.so.3: cannot open shared object file: No such file or directory (ignored)
[i018.nifl.fysik.dtu.dk:26881] mca_base_component_repository_open: unable to open mca_btl_openib: libosmcomp.so.3: cannot open shared object file: No such file or directory (ignored)
[i018.nifl.fysik.dtu.dk:26878] mca_base_component_repository_open: unable to open mca_btl_openib: libosmcomp.so.3: cannot open shared object file: No such file or directory (ignored)
[i018.nifl.fysik.dtu.dk:26875] mca_base_component_repository_open: unable to open mca_btl_openib: libosmcomp.so.3: cannot open shared object file: No such file or directory (ignored)
[i018.nifl.fysik.dtu.dk:26886] mca_base_component_repository_open: unable to open mca_btl_openib: libosmcomp.so.3: cannot open shared object file: No such file or directory (ignored)
[i018.nifl.fysik.dtu.dk:26880] mca_base_component_repository_open: unable to open mca_btl_openib: libosmcomp.so.3: cannot open shared object file: No such file or directory (ignored)
[i018.nifl.fysik.dtu.dk:26882] mca_base_component_repository_open: unable to open mca_btl_openib: libosmcomp.so.3: cannot open shared object file: No such file or directory (ignored)
[i018.nifl.fysik.dtu.dk:26877] mca_base_component_repository_open: unable to open mca_btl_openib: libosmcomp.so.3: cannot open shared object file: No such file or directory (ignored)
[i018.nifl.fysik.dtu.dk:26889] mca_base_component_repository_open: unable to open mca_btl_openib: libosmcomp.so.3: cannot open shared object file: No such file or directory (ignored)
[i018.nifl.fysik.dtu.dk:26876] mca_base_component_repository_open: unable to open mca_btl_openib: libosmcomp.so.3: cannot open shared object file: No such file or directory (ignored)
[i018.nifl.fysik.dtu.dk:26873] mca_base_component_repository_open: unable to open mca_btl_openib: libosmcomp.so.3: cannot open shared object file: No such file or directory (ignored)
[i018.nifl.fysik.dtu.dk:26884] mca_base_component_repository_open: unable to open mca_btl_openib: libosmcomp.so.3: cannot open shared object file: No such file or directory (ignored)
[i046.nifl.fysik.dtu.dk:12836] mca_base_component_repository_open: unable to open mca_btl_openib: libosmcomp.so.3: cannot open shared object file: No such file or directory (ignored)
[i046.nifl.fysik.dtu.dk:12845] mca_base_component_repository_open: unable to open mca_btl_openib: libosmcomp.so.3: cannot open shared object file: No such file or directory (ignored)
[i046.nifl.fysik.dtu.dk:12839] mca_base_component_repository_open: unable to open mca_btl_openib: libosmcomp.so.3: cannot open shared object file: No such file or directory (ignored)
[i046.nifl.fysik.dtu.dk:12837] mca_base_component_repository_open: unable to open mca_btl_openib: libosmcomp.so.3: cannot open shared object file: No such file or directory (ignored)
[i046.nifl.fysik.dtu.dk:12847] mca_base_component_repository_open: unable to open mca_btl_openib: libosmcomp.so.3: cannot open shared object file: No such file or directory (ignored)
[i046.nifl.fysik.dtu.dk:12835] mca_base_component_repository_open: unable to open mca_btl_openib: libosmcomp.so.3: cannot open shared object file: No such file or directory (ignored)
[i046.nifl.fysik.dtu.dk:12852] mca_base_component_repository_open: unable to open mca_btl_openib: libosmcomp.so.3: cannot open shared object file: No such file or directory (ignored)
[i046.nifl.fysik.dtu.dk:12842] mca_base_component_repository_open: unable to open mca_btl_openib: libosmcomp.so.3: cannot open shared object file: No such file or directory (ignored)
[i046.nifl.fysik.dtu.dk:12848] mca_base_component_repository_open: unable to open mca_btl_openib: libosmcomp.so.3: cannot open shared object file: No such file or directory (ignored)
[i046.nifl.fysik.dtu.dk:12838] mca_base_component_repository_open: unable to open mca_btl_openib: libosmcomp.so.3: cannot open shared object file: No such file or directory (ignored)
[i046.nifl.fysik.dtu.dk:12850] mca_base_component_repository_open: unable to open mca_btl_openib: libosmcomp.so.3: cannot open shared object file: No such file or directory (ignored)
[i046.nifl.fysik.dtu.dk:12851] mca_base_component_repository_open: unable to open mca_btl_openib: libosmcomp.so.3: cannot open shared object file: No such file or directory (ignored)
[i046.nifl.fysik.dtu.dk:12841] mca_base_component_repository_open: unable to open mca_btl_openib: libosmcomp.so.3: cannot open shared object file: No such file or directory (ignored)
[i046.nifl.fysik.dtu.dk:12840] mca_base_component_repository_open: unable to open mca_btl_openib: libosmcomp.so.3: cannot open shared object file: No such file or directory (ignored)
[i046.nifl.fysik.dtu.dk:12844] mca_base_component_repository_open: unable to open mca_btl_openib: libosmcomp.so.3: cannot open shared object file: No such file or directory (ignored)
[i046.nifl.fysik.dtu.dk:12846] mca_base_component_repository_open: unable to open mca_btl_openib: libosmcomp.so.3: cannot open shared object file: No such file or directory (ignored)
[i047.nifl.fysik.dtu.dk:01839] mca_base_component_repository_open: unable to open mca_btl_openib: libosmcomp.so.3: cannot open shared object file: No such file or directory (ignored)
[i047.nifl.fysik.dtu.dk:01844] mca_base_component_repository_open: unable to open mca_btl_openib: libosmcomp.so.3: cannot open shared object file: No such file or directory (ignored)
[i047.nifl.fysik.dtu.dk:01842] mca_base_component_repository_open: unable to open mca_btl_openib: libosmcomp.so.3: cannot open shared object file: No such file or directory (ignored)
[i047.nifl.fysik.dtu.dk:01833] mca_base_component_repository_open: unable to open mca_btl_openib: libosmcomp.so.3: cannot open shared object file: No such file or directory (ignored)
[i047.nifl.fysik.dtu.dk:01841] mca_base_component_repository_open: unable to open mca_btl_openib: libosmcomp.so.3: cannot open shared object file: No such file or directory (ignored)
[i047.nifl.fysik.dtu.dk:01843] mca_base_component_repository_open: unable to open mca_btl_openib: libosmcomp.so.3: cannot open shared object file: No such file or directory (ignored)
[i047.nifl.fysik.dtu.dk:01835] mca_base_component_repository_open: unable to open mca_btl_openib: libosmcomp.so.3: cannot open shared object file: No such file or directory (ignored)
[i047.nifl.fysik.dtu.dk:01831] mca_base_component_repository_open: unable to open mca_btl_openib: libosmcomp.so.3: cannot open shared object file: No such file or directory (ignored)
[i047.nifl.fysik.dtu.dk:01847] mca_base_component_repository_open: unable to open mca_btl_openib: libosmcomp.so.3: cannot open shared object file: No such file or directory (ignored)
[i047.nifl.fysik.dtu.dk:01846] mca_base_component_repository_open: unable to open mca_btl_openib: libosmcomp.so.3: cannot open shared object file: No such file or directory (ignored)
[i047.nifl.fysik.dtu.dk:01832] mca_base_component_repository_open: unable to open mca_btl_openib: libosmcomp.so.3: cannot open shared object file: No such file or directory (ignored)
[i047.nifl.fysik.dtu.dk:01845] mca_base_component_repository_open: unable to open mca_btl_openib: libosmcomp.so.3: cannot open shared object file: No such file or directory (ignored)
[i047.nifl.fysik.dtu.dk:01834] mca_base_component_repository_open: unable to open mca_btl_openib: libosmcomp.so.3: cannot open shared object file: No such file or directory (ignored)
[i047.nifl.fysik.dtu.dk:01838] mca_base_component_repository_open: unable to open mca_btl_openib: libosmcomp.so.3: cannot open shared object file: No such file or directory (ignored)
[i047.nifl.fysik.dtu.dk:01836] mca_base_component_repository_open: unable to open mca_btl_openib: libosmcomp.so.3: cannot open shared object file: No such file or directory (ignored)
[i047.nifl.fysik.dtu.dk:01837] mca_base_component_repository_open: unable to open mca_btl_openib: libosmcomp.so.3: cannot open shared object file: No such file or directory (ignored)
[i020.nifl.fysik.dtu.dk:26614] mca_base_component_repository_open: unable to open mca_btl_openib: libosmcomp.so.3: cannot open shared object file: No such file or directory (ignored)
[i020.nifl.fysik.dtu.dk:26626] mca_base_component_repository_open: unable to open mca_btl_openib: libosmcomp.so.3: cannot open shared object file: No such file or directory (ignored)
[i020.nifl.fysik.dtu.dk:26619] mca_base_component_repository_open: unable to open mca_btl_openib: libosmcomp.so.3: cannot open shared object file: No such file or directory (ignored)
[i020.nifl.fysik.dtu.dk:26627] mca_base_component_repository_open: unable to open mca_btl_openib: libosmcomp.so.3: cannot open shared object file: No such file or directory (ignored)
[i020.nifl.fysik.dtu.dk:26620] mca_base_component_repository_open: unable to open mca_btl_openib: libosmcomp.so.3: cannot open shared object file: No such file or directory (ignored)
[i020.nifl.fysik.dtu.dk:26625] mca_base_component_repository_open: unable to open mca_btl_openib: libosmcomp.so.3: cannot open shared object file: No such file or directory (ignored)
[i020.nifl.fysik.dtu.dk:26628] mca_base_component_repository_open: unable to open mca_btl_openib: libosmcomp.so.3: cannot open shared object file: No such file or directory (ignored)
[i020.nifl.fysik.dtu.dk:26612] mca_base_component_repository_open: unable to open mca_btl_openib: libosmcomp.so.3: cannot open shared object file: No such file or directory (ignored)
[i020.nifl.fysik.dtu.dk:26613] mca_base_component_repository_open: unable to open mca_btl_openib: libosmcomp.so.3: cannot open shared object file: No such file or directory (ignored)
[i020.nifl.fysik.dtu.dk:26623] mca_base_component_repository_open: unable to open mca_btl_openib: libosmcomp.so.3: cannot open shared object file: No such file or directory (ignored)
[i020.nifl.fysik.dtu.dk:26622] mca_base_component_repository_open: unable to open mca_btl_openib: libosmcomp.so.3: cannot open shared object file: No such file or directory (ignored)
[i020.nifl.fysik.dtu.dk:26616] mca_base_component_repository_open: unable to open mca_btl_openib: libosmcomp.so.3: cannot open shared object file: No such file or directory (ignored)
[i020.nifl.fysik.dtu.dk:26618] mca_base_component_repository_open: unable to open mca_btl_openib: libosmcomp.so.3: cannot open shared object file: No such file or directory (ignored)
[i020.nifl.fysik.dtu.dk:26624] mca_base_component_repository_open: unable to open mca_btl_openib: libosmcomp.so.3: cannot open shared object file: No such file or directory (ignored)
[i020.nifl.fysik.dtu.dk:26617] mca_base_component_repository_open: unable to open mca_btl_openib: libosmcomp.so.3: cannot open shared object file: No such file or directory (ignored)
[i020.nifl.fysik.dtu.dk:26629] mca_base_component_repository_open: unable to open mca_btl_openib: libosmcomp.so.3: cannot open shared object file: No such file or directory (ignored)
--------------------------------------------------------------------------
ORTE has lost communication with a remote daemon.

  HNP daemon   : [[48041,0],0] on node i018
  Remote daemon: [[48041,0],2] on node i046

This is usually due to either a failure of the TCP network
connection to the node, or possibly an internal failure of
the daemon itself. We cannot recover from this failure, and
therefore will terminate the job.
--------------------------------------------------------------------------
slurmstepd: error: *** JOB 3515360 ON i018 CANCELLED AT 2021-03-25T09:12:51 DUE TO TIME LIMIT ***
