Writing phonon.eq.pckl
Writing phonon.0x-.pckl
Writing phonon.0x+.pckl
Writing phonon.0y-.pckl
Writing phonon.0y+.pckl
Writing phonon.0z-.pckl
Writing phonon.0z+.pckl
Writing phonon.1x-.pckl
Writing phonon.1x+.pckl
Writing phonon.1y-.pckl
Writing phonon.1y+.pckl
Writing phonon.1z-.pckl
Writing phonon.1z+.pckl
Writing phonon.2x-.pckl
Writing phonon.2x+.pckl
Writing phonon.2y-.pckl
Writing phonon.2y+.pckl
Writing phonon.2z-.pckl
Writing phonon.2z+.pckl
Writing phonon.3x-.pckl
Writing phonon.3x+.pckl
Writing phonon.3y-.pckl
Writing phonon.3y+.pckl
Writing phonon.3z-.pckl
Writing phonon.3z+.pckl
Writing phonon.4x-.pckl
Writing phonon.4x+.pckl
Writing phonon.4y-.pckl
Writing phonon.4y+.pckl
Writing phonon.4z-.pckl
Writing phonon.4z+.pckl
Writing phonon.5x-.pckl
Writing phonon.5x+.pckl
Writing phonon.5y-.pckl
Writing phonon.5y+.pckl
Writing phonon.5z-.pckl
Writing phonon.5z+.pckl
Writing phonon.6x-.pckl
Writing phonon.6x+.pckl
Writing phonon.6y-.pckl
Writing phonon.6y+.pckl
Writing phonon.6z-.pckl
Writing phonon.6z+.pckl
Writing phonon.7x-.pckl
Writing phonon.7x+.pckl
Writing phonon.7y-.pckl
Writing phonon.7y+.pckl
Writing phonon.7z-.pckl
Writing phonon.7z+.pckl
Writing phonon.8x-.pckl
Writing phonon.8x+.pckl
Writing phonon.8y-.pckl
Writing phonon.8y+.pckl
Writing phonon.8z-.pckl
Writing phonon.8z+.pckl
Writing phonon.9x-.pckl
Writing phonon.9x+.pckl
Writing phonon.9y-.pckl
Writing phonon.9y+.pckl
Writing phonon.9z-.pckl
Writing phonon.9z+.pckl
Writing phonon.10x-.pckl
Writing phonon.10x+.pckl
Writing phonon.10y-.pckl
Writing phonon.10y+.pckl
Writing phonon.10z-.pckl
Writing phonon.10z+.pckl
Writing phonon.11x-.pckl
Writing phonon.11x+.pckl
Writing phonon.11y-.pckl
Writing phonon.11y+.pckl
Writing phonon.11z-.pckl
Writing phonon.11z+.pckl
Writing phonon.12x-.pckl
Writing phonon.12x+.pckl
Writing phonon.12y-.pckl
Writing phonon.12y+.pckl
Writing phonon.12z-.pckl
Writing phonon.12z+.pckl
Writing phonon.13x-.pckl
Writing phonon.13x+.pckl
Writing phonon.13y-.pckl
Writing phonon.13y+.pckl
Writing phonon.13z-.pckl
Writing phonon.13z+.pckl
Writing phonon.14x-.pckl
Writing phonon.14x+.pckl
Writing phonon.14y-.pckl
Writing phonon.14y+.pckl
Writing phonon.14z-.pckl
Writing phonon.14z+.pckl
Writing phonon.15x-.pckl
Writing phonon.15x+.pckl
Writing phonon.15y-.pckl
Writing phonon.15y+.pckl
Writing phonon.15z-.pckl
Writing phonon.15z+.pckl
Writing phonon.16x-.pckl
Writing phonon.16x+.pckl
Writing phonon.16y-.pckl
Writing phonon.16y+.pckl
Writing phonon.16z-.pckl
Writing phonon.16z+.pckl
Writing phonon.17x-.pckl
Writing phonon.17x+.pckl
Writing phonon.17y-.pckl
Writing phonon.17y+.pckl
Writing phonon.17z-.pckl
Writing phonon.17z+.pckl
Writing phonon.18x-.pckl
Writing phonon.18x+.pckl
Writing phonon.18y-.pckl
Writing phonon.18y+.pckl
Writing phonon.18z-.pckl
Writing phonon.18z+.pckl
Writing phonon.19x-.pckl
Writing phonon.19x+.pckl
Writing phonon.19y-.pckl
Writing phonon.19y+.pckl
Writing phonon.19z-.pckl
Writing phonon.19z+.pckl
Writing phonon.20x-.pckl
Writing phonon.20x+.pckl
Writing phonon.20y-.pckl
Writing phonon.20y+.pckl
Writing phonon.20z-.pckl
Writing phonon.20z+.pckl
Writing phonon.21x-.pckl
Writing phonon.21x+.pckl
Writing phonon.21y-.pckl
Writing phonon.21y+.pckl
Writing phonon.21z-.pckl
Writing phonon.21z+.pckl
Writing phonon.22x-.pckl
Writing phonon.22x+.pckl
Writing phonon.22y-.pckl
Writing phonon.22y+.pckl
Writing phonon.22z-.pckl
Writing phonon.22z+.pckl
Writing phonon.23x-.pckl
Writing phonon.23x+.pckl
Writing phonon.23y-.pckl
Writing phonon.23y+.pckl
Writing phonon.23z-.pckl
Writing phonon.23z+.pckl
Writing phonon.24x-.pckl
Writing phonon.24x+.pckl
Writing phonon.24y-.pckl
Writing phonon.24y+.pckl
Writing phonon.24z-.pckl
Writing phonon.24z+.pckl
