[g069.nifl.fysik.dtu.dk:65495] mca_base_component_repository_open: unable to open mca_oob_ud: libosmcomp.so.3: cannot open shared object file: No such file or directory (ignored)
[g069.nifl.fysik.dtu.dk:65519] mca_base_component_repository_open: unable to open mca_oob_ud: libosmcomp.so.3: cannot open shared object file: No such file or directory (ignored)
[g069.nifl.fysik.dtu.dk:65514] mca_base_component_repository_open: unable to open mca_oob_ud: libosmcomp.so.3: cannot open shared object file: No such file or directory (ignored)
[g069.nifl.fysik.dtu.dk:65520] mca_base_component_repository_open: unable to open mca_oob_ud: libosmcomp.so.3: cannot open shared object file: No such file or directory (ignored)
[g069.nifl.fysik.dtu.dk:65513] mca_base_component_repository_open: unable to open mca_oob_ud: libosmcomp.so.3: cannot open shared object file: No such file or directory (ignored)
[g069.nifl.fysik.dtu.dk:65511] mca_base_component_repository_open: unable to open mca_oob_ud: libosmcomp.so.3: cannot open shared object file: No such file or directory (ignored)
[g069.nifl.fysik.dtu.dk:65510] mca_base_component_repository_open: unable to open mca_oob_ud: libosmcomp.so.3: cannot open shared object file: No such file or directory (ignored)
[g069.nifl.fysik.dtu.dk:65518] mca_base_component_repository_open: unable to open mca_oob_ud: libosmcomp.so.3: cannot open shared object file: No such file or directory (ignored)
[g069.nifl.fysik.dtu.dk:65512] mca_base_component_repository_open: unable to open mca_oob_ud: libosmcomp.so.3: cannot open shared object file: No such file or directory (ignored)
[g069.nifl.fysik.dtu.dk:65527] mca_base_component_repository_open: unable to open mca_oob_ud: libosmcomp.so.3: cannot open shared object file: No such file or directory (ignored)
[g069.nifl.fysik.dtu.dk:65525] mca_base_component_repository_open: unable to open mca_oob_ud: libosmcomp.so.3: cannot open shared object file: No such file or directory (ignored)
[g069.nifl.fysik.dtu.dk:65516] mca_base_component_repository_open: unable to open mca_oob_ud: libosmcomp.so.3: cannot open shared object file: No such file or directory (ignored)
[g069.nifl.fysik.dtu.dk:65509] mca_base_component_repository_open: unable to open mca_oob_ud: libosmcomp.so.3: cannot open shared object file: No such file or directory (ignored)
[g069.nifl.fysik.dtu.dk:65524] mca_base_component_repository_open: unable to open mca_oob_ud: libosmcomp.so.3: cannot open shared object file: No such file or directory (ignored)
[g069.nifl.fysik.dtu.dk:65517] mca_base_component_repository_open: unable to open mca_oob_ud: libosmcomp.so.3: cannot open shared object file: No such file or directory (ignored)
[g069.nifl.fysik.dtu.dk:65523] mca_base_component_repository_open: unable to open mca_oob_ud: libosmcomp.so.3: cannot open shared object file: No such file or directory (ignored)
[g069.nifl.fysik.dtu.dk:65515] mca_base_component_repository_open: unable to open mca_oob_ud: libosmcomp.so.3: cannot open shared object file: No such file or directory (ignored)
[g069.nifl.fysik.dtu.dk:65511] mca_base_component_repository_open: unable to open mca_btl_openib: libosmcomp.so.3: cannot open shared object file: No such file or directory (ignored)
[g069.nifl.fysik.dtu.dk:65523] mca_base_component_repository_open: unable to open mca_btl_openib: libosmcomp.so.3: cannot open shared object file: No such file or directory (ignored)
[g069.nifl.fysik.dtu.dk:65525] mca_base_component_repository_open: unable to open mca_btl_openib: libosmcomp.so.3: cannot open shared object file: No such file or directory (ignored)
[g069.nifl.fysik.dtu.dk:65515] mca_base_component_repository_open: unable to open mca_btl_openib: libosmcomp.so.3: cannot open shared object file: No such file or directory (ignored)
[g069.nifl.fysik.dtu.dk:65524] mca_base_component_repository_open: unable to open mca_btl_openib: libosmcomp.so.3: cannot open shared object file: No such file or directory (ignored)
[g069.nifl.fysik.dtu.dk:65510] mca_base_component_repository_open: unable to open mca_btl_openib: libosmcomp.so.3: cannot open shared object file: No such file or directory (ignored)
[g069.nifl.fysik.dtu.dk:65514] mca_base_component_repository_open: unable to open mca_btl_openib: libosmcomp.so.3: cannot open shared object file: No such file or directory (ignored)
[g069.nifl.fysik.dtu.dk:65516] mca_base_component_repository_open: unable to open mca_btl_openib: libosmcomp.so.3: cannot open shared object file: No such file or directory (ignored)
[g069.nifl.fysik.dtu.dk:65512] mca_base_component_repository_open: unable to open mca_btl_openib: libosmcomp.so.3: cannot open shared object file: No such file or directory (ignored)
[g069.nifl.fysik.dtu.dk:65513] mca_base_component_repository_open: unable to open mca_btl_openib: libosmcomp.so.3: cannot open shared object file: No such file or directory (ignored)
[g069.nifl.fysik.dtu.dk:65517] mca_base_component_repository_open: unable to open mca_btl_openib: libosmcomp.so.3: cannot open shared object file: No such file or directory (ignored)
[g069.nifl.fysik.dtu.dk:65527] mca_base_component_repository_open: unable to open mca_btl_openib: libosmcomp.so.3: cannot open shared object file: No such file or directory (ignored)
[g069.nifl.fysik.dtu.dk:65518] mca_base_component_repository_open: unable to open mca_btl_openib: libosmcomp.so.3: cannot open shared object file: No such file or directory (ignored)
[g069.nifl.fysik.dtu.dk:65509] mca_base_component_repository_open: unable to open mca_btl_openib: libosmcomp.so.3: cannot open shared object file: No such file or directory (ignored)
[g069.nifl.fysik.dtu.dk:65519] mca_base_component_repository_open: unable to open mca_btl_openib: libosmcomp.so.3: cannot open shared object file: No such file or directory (ignored)
[g069.nifl.fysik.dtu.dk:65520] mca_base_component_repository_open: unable to open mca_btl_openib: libosmcomp.so.3: cannot open shared object file: No such file or directory (ignored)
[g072.nifl.fysik.dtu.dk:07837] mca_base_component_repository_open: unable to open mca_oob_ud: libosmcomp.so.3: cannot open shared object file: No such file or directory (ignored)
[g072.nifl.fysik.dtu.dk:07825] mca_base_component_repository_open: unable to open mca_oob_ud: libosmcomp.so.3: cannot open shared object file: No such file or directory (ignored)
[g072.nifl.fysik.dtu.dk:07832] mca_base_component_repository_open: unable to open mca_oob_ud: libosmcomp.so.3: cannot open shared object file: No such file or directory (ignored)
[g072.nifl.fysik.dtu.dk:07826] mca_base_component_repository_open: unable to open mca_oob_ud: libosmcomp.so.3: cannot open shared object file: No such file or directory (ignored)
[g072.nifl.fysik.dtu.dk:07821] mca_base_component_repository_open: unable to open mca_oob_ud: libosmcomp.so.3: cannot open shared object file: No such file or directory (ignored)
[g072.nifl.fysik.dtu.dk:07822] mca_base_component_repository_open: unable to open mca_oob_ud: libosmcomp.so.3: cannot open shared object file: No such file or directory (ignored)
[g072.nifl.fysik.dtu.dk:07823] mca_base_component_repository_open: unable to open mca_oob_ud: libosmcomp.so.3: cannot open shared object file: No such file or directory (ignored)
[g072.nifl.fysik.dtu.dk:07828] mca_base_component_repository_open: unable to open mca_oob_ud: libosmcomp.so.3: cannot open shared object file: No such file or directory (ignored)
[g072.nifl.fysik.dtu.dk:07833] mca_base_component_repository_open: unable to open mca_oob_ud: libosmcomp.so.3: cannot open shared object file: No such file or directory (ignored)
[g072.nifl.fysik.dtu.dk:07834] mca_base_component_repository_open: unable to open mca_oob_ud: libosmcomp.so.3: cannot open shared object file: No such file or directory (ignored)
[g072.nifl.fysik.dtu.dk:07824] mca_base_component_repository_open: unable to open mca_oob_ud: libosmcomp.so.3: cannot open shared object file: No such file or directory (ignored)
[g072.nifl.fysik.dtu.dk:07827] mca_base_component_repository_open: unable to open mca_oob_ud: libosmcomp.so.3: cannot open shared object file: No such file or directory (ignored)
[g072.nifl.fysik.dtu.dk:07830] mca_base_component_repository_open: unable to open mca_oob_ud: libosmcomp.so.3: cannot open shared object file: No such file or directory (ignored)
[g072.nifl.fysik.dtu.dk:07836] mca_base_component_repository_open: unable to open mca_oob_ud: libosmcomp.so.3: cannot open shared object file: No such file or directory (ignored)
[g072.nifl.fysik.dtu.dk:07829] mca_base_component_repository_open: unable to open mca_oob_ud: libosmcomp.so.3: cannot open shared object file: No such file or directory (ignored)
[g072.nifl.fysik.dtu.dk:07831] mca_base_component_repository_open: unable to open mca_oob_ud: libosmcomp.so.3: cannot open shared object file: No such file or directory (ignored)
[g072.nifl.fysik.dtu.dk:07837] mca_base_component_repository_open: unable to open mca_btl_openib: libosmcomp.so.3: cannot open shared object file: No such file or directory (ignored)
[g072.nifl.fysik.dtu.dk:07821] mca_base_component_repository_open: unable to open mca_btl_openib: libosmcomp.so.3: cannot open shared object file: No such file or directory (ignored)
[g072.nifl.fysik.dtu.dk:07836] mca_base_component_repository_open: unable to open mca_btl_openib: libosmcomp.so.3: cannot open shared object file: No such file or directory (ignored)
[g072.nifl.fysik.dtu.dk:07827] mca_base_component_repository_open: unable to open mca_btl_openib: libosmcomp.so.3: cannot open shared object file: No such file or directory (ignored)
[g072.nifl.fysik.dtu.dk:07833] mca_base_component_repository_open: unable to open mca_btl_openib: libosmcomp.so.3: cannot open shared object file: No such file or directory (ignored)
[g072.nifl.fysik.dtu.dk:07834] mca_base_component_repository_open: unable to open mca_btl_openib: libosmcomp.so.3: cannot open shared object file: No such file or directory (ignored)
[g072.nifl.fysik.dtu.dk:07832] mca_base_component_repository_open: unable to open mca_btl_openib: libosmcomp.so.3: cannot open shared object file: No such file or directory (ignored)
[g072.nifl.fysik.dtu.dk:07824] mca_base_component_repository_open: unable to open mca_btl_openib: libosmcomp.so.3: cannot open shared object file: No such file or directory (ignored)
[g072.nifl.fysik.dtu.dk:07830] mca_base_component_repository_open: unable to open mca_btl_openib: libosmcomp.so.3: cannot open shared object file: No such file or directory (ignored)
[g072.nifl.fysik.dtu.dk:07823] mca_base_component_repository_open: unable to open mca_btl_openib: libosmcomp.so.3: cannot open shared object file: No such file or directory (ignored)
[g072.nifl.fysik.dtu.dk:07825] mca_base_component_repository_open: unable to open mca_btl_openib: libosmcomp.so.3: cannot open shared object file: No such file or directory (ignored)
[g072.nifl.fysik.dtu.dk:07828] mca_base_component_repository_open: unable to open mca_btl_openib: libosmcomp.so.3: cannot open shared object file: No such file or directory (ignored)
[g072.nifl.fysik.dtu.dk:07822] mca_base_component_repository_open: unable to open mca_btl_openib: libosmcomp.so.3: cannot open shared object file: No such file or directory (ignored)
[g072.nifl.fysik.dtu.dk:07831] mca_base_component_repository_open: unable to open mca_btl_openib: libosmcomp.so.3: cannot open shared object file: No such file or directory (ignored)
[g072.nifl.fysik.dtu.dk:07826] mca_base_component_repository_open: unable to open mca_btl_openib: libosmcomp.so.3: cannot open shared object file: No such file or directory (ignored)
[g072.nifl.fysik.dtu.dk:07829] mca_base_component_repository_open: unable to open mca_btl_openib: libosmcomp.so.3: cannot open shared object file: No such file or directory (ignored)
rank=24 L00: Traceback (most recent call last):
rank=24 L01:   File "/home/niflheim/madkru/venv_folder/bin/gpaw", line 11, in <module>
rank=24 L02:     load_entry_point('gpaw', 'console_scripts', 'gpaw')()
rank=24 L03:   File "/home/niflheim/madkru/venv_folder/gpaw/gpaw/cli/main.py", line 81, in main
rank=24 L04:     commands, hook, args)
rank=24 L05:   File "/home/niflheim/madkru/venv_folder/ase/ase/cli/main.py", line 102, in main
rank=24 L06:     f(args)
rank=24 L07:   File "/home/niflheim/madkru/venv_folder/gpaw/gpaw/cli/python.py", line 31, in run
rank=24 L08:     runpy.run_module(args.module, run_name='__main__', alter_sys=True)
rank=24 L09:   File "/home/modules/software/Python/3.7.4-GCCcore-8.3.0/lib/python3.7/runpy.py", line 205, in run_module
rank=24 L10:     return _run_module_code(code, init_globals, run_name, mod_spec)
rank=24 L11:   File "/home/modules/software/Python/3.7.4-GCCcore-8.3.0/lib/python3.7/runpy.py", line 96, in _run_module_code
rank=24 L12:     mod_name, mod_spec, pkg_name, script_name)
rank=24 L13:   File "/home/modules/software/Python/3.7.4-GCCcore-8.3.0/lib/python3.7/runpy.py", line 85, in _run_code
rank=24 L14:     exec(code, run_globals)
rank=24 L15:   File "/home/niflheim/madkru/asr/asr/stiffness.py", line 298, in <module>
rank=24 L16:     main.cli()
rank=24 L17:   File "/home/niflheim/madkru/asr/asr/core/command.py", line 326, in cli
rank=24 L18:     prog_name=f'asr run {self.name}', args=args)
rank=24 L19:   File "/home/niflheim/madkru/venv_folder/lib/python3.7/site-packages/click/core.py", line 829, in __call__
rank=24 L20:     return self.main(*args, **kwargs)
rank=24 L21:   File "/home/niflheim/madkru/venv_folder/lib/python3.7/site-packages/click/core.py", line 782, in main
rank=24 L22:     rv = self.invoke(ctx)
rank=24 L23:   File "/home/niflheim/madkru/venv_folder/lib/python3.7/site-packages/click/core.py", line 1066, in invoke
rank=24 L24:     return ctx.invoke(self.callback, **ctx.params)
rank=24 L25:   File "/home/niflheim/madkru/venv_folder/lib/python3.7/site-packages/click/core.py", line 610, in invoke
rank=24 L26:     return callback(*args, **kwargs)
rank=24 L27:   File "/home/niflheim/madkru/asr/asr/core/command.py", line 372, in main
rank=24 L28:     result = self._main(**copy.deepcopy(params)) or {}
rank=24 L29:   File "/home/niflheim/madkru/asr/asr/stiffness.py", line 207, in main
rank=24 L30:     setupstrains(strain_percent=strain_percent)
rank=24 L31:   File "/home/niflheim/madkru/asr/asr/core/command.py", line 334, in __call__
rank=24 L32:     return self.main(*args, **kwargs)
rank=24 L33:   File "/home/niflheim/madkru/asr/asr/core/command.py", line 372, in main
rank=24 L34:     result = self._main(**copy.deepcopy(params)) or {}
rank=24 L35:   File "/home/niflheim/madkru/asr/asr/setup/strains.py", line 110, in main
rank=24 L36:     copyparams=copyparams, clamp_atoms=False)
rank=24 L37:   File "/home/niflheim/madkru/asr/asr/setup/strains.py", line 68, in setup_strains
rank=24 L38:     with chdir(folder):
rank=24 L39:   File "/home/modules/software/Python/3.7.4-GCCcore-8.3.0/lib/python3.7/contextlib.py", line 112, in __enter__
rank=24 L40:     return next(self.gen)
rank=24 L41:   File "/home/niflheim/madkru/asr/asr/core/utils.py", line 71, in chdir
rank=24 L42:     os.chdir(str(folder))
rank=24 L43: FileNotFoundError: [Errno 2] No such file or directory: 'strains-+1.0%-xx'
GPAW CLEANUP (node 24): <class 'FileNotFoundError'> occurred.  Calling MPI_Abort!
rank=29 L00: Traceback (most recent call last):
rank=29 L01:   File "/home/niflheim/madkru/venv_folder/bin/gpaw", line 11, in <module>
rank=29 L02:     load_entry_point('gpaw', 'console_scripts', 'gpaw')()
rank=29 L03:   File "/home/niflheim/madkru/venv_folder/gpaw/gpaw/cli/main.py", line 81, in main
rank=29 L04:     commands, hook, args)
rank=29 L05:   File "/home/niflheim/madkru/venv_folder/ase/ase/cli/main.py", line 102, in main
rank=29 L06:     f(args)
rank=29 L07:   File "/home/niflheim/madkru/venv_folder/gpaw/gpaw/cli/python.py", line 31, in run
rank=29 L08:     runpy.run_module(args.module, run_name='__main__', alter_sys=True)
rank=29 L09:   File "/home/modules/software/Python/3.7.4-GCCcore-8.3.0/lib/python3.7/runpy.py", line 205, in run_module
rank=29 L10:     return _run_module_code(code, init_globals, run_name, mod_spec)
rank=29 L11:   File "/home/modules/software/Python/3.7.4-GCCcore-8.3.0/lib/python3.7/runpy.py", line 96, in _run_module_code
rank=29 L12:     mod_name, mod_spec, pkg_name, script_name)
rank=29 L13:   File "/home/modules/software/Python/3.7.4-GCCcore-8.3.0/lib/python3.7/runpy.py", line 85, in _run_code
rank=29 L14:     exec(code, run_globals)
rank=29 L15:   File "/home/niflheim/madkru/asr/asr/stiffness.py", line 298, in <module>
rank=29 L16:     main.cli()
rank=29 L17:   File "/home/niflheim/madkru/asr/asr/core/command.py", line 326, in cli
rank=29 L18:     prog_name=f'asr run {self.name}', args=args)
rank=29 L19:   File "/home/niflheim/madkru/venv_folder/lib/python3.7/site-packages/click/core.py", line 829, in __call__
rank=29 L20:     return self.main(*args, **kwargs)
rank=29 L21:   File "/home/niflheim/madkru/venv_folder/lib/python3.7/site-packages/click/core.py", line 782, in main
rank=29 L22:     rv = self.invoke(ctx)
rank=29 L23:   File "/home/niflheim/madkru/venv_folder/lib/python3.7/site-packages/click/core.py", line 1066, in invoke
rank=29 L24:     return ctx.invoke(self.callback, **ctx.params)
rank=29 L25:   File "/home/niflheim/madkru/venv_folder/lib/python3.7/site-packages/click/core.py", line 610, in invoke
rank=29 L26:     return callback(*args, **kwargs)
rank=29 L27:   File "/home/niflheim/madkru/asr/asr/core/command.py", line 372, in main
rank=29 L28:     result = self._main(**copy.deepcopy(params)) or {}
rank=29 L29:   File "/home/niflheim/madkru/asr/asr/stiffness.py", line 207, in main
rank=29 L30:     setupstrains(strain_percent=strain_percent)
rank=29 L31:   File "/home/niflheim/madkru/asr/asr/core/command.py", line 334, in __call__
rank=29 L32:     return self.main(*args, **kwargs)
rank=29 L33:   File "/home/niflheim/madkru/asr/asr/core/command.py", line 372, in main
rank=29 L34:     result = self._main(**copy.deepcopy(params)) or {}
rank=29 L35:   File "/home/niflheim/madkru/asr/asr/setup/strains.py", line 110, in main
rank=29 L36:     copyparams=copyparams, clamp_atoms=False)
rank=29 L37:   File "/home/niflheim/madkru/asr/asr/setup/strains.py", line 68, in setup_strains
rank=29 L38:     with chdir(folder):
rank=29 L39:   File "/home/modules/software/Python/3.7.4-GCCcore-8.3.0/lib/python3.7/contextlib.py", line 112, in __enter__
rank=29 L40:     return next(self.gen)
rank=29 L41:   File "/home/niflheim/madkru/asr/asr/core/utils.py", line 71, in chdir
rank=29 L42:     os.chdir(str(folder))
rank=29 L43: FileNotFoundError: [Errno 2] No such file or directory: 'strains-+1.0%-xx'
GPAW CLEANUP (node 29): <class 'FileNotFoundError'> occurred.  Calling MPI_Abort!
rank=27 L00: Traceback (most recent call last):
rank=27 L01:   File "/home/niflheim/madkru/venv_folder/bin/gpaw", line 11, in <module>
rank=27 L02:     load_entry_point('gpaw', 'console_scripts', 'gpaw')()
rank=27 L03:   File "/home/niflheim/madkru/venv_folder/gpaw/gpaw/cli/main.py", line 81, in main
rank=27 L04:     commands, hook, args)
rank=27 L05:   File "/home/niflheim/madkru/venv_folder/ase/ase/cli/main.py", line 102, in main
rank=27 L06:     f(args)
rank=27 L07:   File "/home/niflheim/madkru/venv_folder/gpaw/gpaw/cli/python.py", line 31, in run
rank=27 L08:     runpy.run_module(args.module, run_name='__main__', alter_sys=True)
rank=27 L09:   File "/home/modules/software/Python/3.7.4-GCCcore-8.3.0/lib/python3.7/runpy.py", line 205, in run_module
rank=27 L10:     return _run_module_code(code, init_globals, run_name, mod_spec)
rank=27 L11:   File "/home/modules/software/Python/3.7.4-GCCcore-8.3.0/lib/python3.7/runpy.py", line 96, in _run_module_code
rank=27 L12:     mod_name, mod_spec, pkg_name, script_name)
rank=27 L13:   File "/home/modules/software/Python/3.7.4-GCCcore-8.3.0/lib/python3.7/runpy.py", line 85, in _run_code
rank=27 L14:     exec(code, run_globals)
rank=27 L15:   File "/home/niflheim/madkru/asr/asr/stiffness.py", line 298, in <module>
rank=27 L16:     main.cli()
rank=27 L17:   File "/home/niflheim/madkru/asr/asr/core/command.py", line 326, in cli
rank=27 L18:     prog_name=f'asr run {self.name}', args=args)
rank=27 L19:   File "/home/niflheim/madkru/venv_folder/lib/python3.7/site-packages/click/core.py", line 829, in __call__
rank=27 L20:     return self.main(*args, **kwargs)
rank=27 L21:   File "/home/niflheim/madkru/venv_folder/lib/python3.7/site-packages/click/core.py", line 782, in main
rank=27 L22:     rv = self.invoke(ctx)
rank=27 L23:   File "/home/niflheim/madkru/venv_folder/lib/python3.7/site-packages/click/core.py", line 1066, in invoke
rank=27 L24:     return ctx.invoke(self.callback, **ctx.params)
rank=27 L25:   File "/home/niflheim/madkru/venv_folder/lib/python3.7/site-packages/click/core.py", line 610, in invoke
rank=27 L26:     return callback(*args, **kwargs)
rank=27 L27:   File "/home/niflheim/madkru/asr/asr/core/command.py", line 372, in main
rank=27 L28:     result = self._main(**copy.deepcopy(params)) or {}
rank=27 L29:   File "/home/niflheim/madkru/asr/asr/stiffness.py", line 207, in main
rank=27 L30:     setupstrains(strain_percent=strain_percent)
rank=27 L31:   File "/home/niflheim/madkru/asr/asr/core/command.py", line 334, in __call__
rank=27 L32:     return self.main(*args, **kwargs)
rank=27 L33:   File "/home/niflheim/madkru/asr/asr/core/command.py", line 372, in main
rank=27 L34:     result = self._main(**copy.deepcopy(params)) or {}
rank=27 L35:   File "/home/niflheim/madkru/asr/asr/setup/strains.py", line 110, in main
rank=27 L36:     copyparams=copyparams, clamp_atoms=False)
rank=27 L37:   File "/home/niflheim/madkru/asr/asr/setup/strains.py", line 68, in setup_strains
rank=27 L38:     with chdir(folder):
rank=27 L39:   File "/home/modules/software/Python/3.7.4-GCCcore-8.3.0/lib/python3.7/contextlib.py", line 112, in __enter__
rank=27 L40:     return next(self.gen)
rank=27 L41:   File "/home/niflheim/madkru/asr/asr/core/utils.py", line 71, in chdir
rank=27 L42:     os.chdir(str(folder))
rank=27 L43: FileNotFoundError: [Errno 2] No such file or directory: 'strains-+1.0%-xx'
GPAW CLEANUP (node 27): <class 'FileNotFoundError'> occurred.  Calling MPI_Abort!
rank=25 L00: Traceback (most recent call last):
rank=25 L01:   File "/home/niflheim/madkru/venv_folder/bin/gpaw", line 11, in <module>
rank=25 L02:     load_entry_point('gpaw', 'console_scripts', 'gpaw')()
rank=25 L03:   File "/home/niflheim/madkru/venv_folder/gpaw/gpaw/cli/main.py", line 81, in main
rank=25 L04:     commands, hook, args)
rank=25 L05:   File "/home/niflheim/madkru/venv_folder/ase/ase/cli/main.py", line 102, in main
rank=25 L06:     f(args)
rank=25 L07:   File "/home/niflheim/madkru/venv_folder/gpaw/gpaw/cli/python.py", line 31, in run
rank=25 L08:     runpy.run_module(args.module, run_name='__main__', alter_sys=True)
rank=25 L09:   File "/home/modules/software/Python/3.7.4-GCCcore-8.3.0/lib/python3.7/runpy.py", line 205, in run_module
rank=25 L10:     return _run_module_code(code, init_globals, run_name, mod_spec)
rank=25 L11:   File "/home/modules/software/Python/3.7.4-GCCcore-8.3.0/lib/python3.7/runpy.py", line 96, in _run_module_code
rank=25 L12:     mod_name, mod_spec, pkg_name, script_name)
rank=25 L13:   File "/home/modules/software/Python/3.7.4-GCCcore-8.3.0/lib/python3.7/runpy.py", line 85, in _run_code
rank=25 L14:     exec(code, run_globals)
rank=25 L15:   File "/home/niflheim/madkru/asr/asr/stiffness.py", line 298, in <module>
rank=25 L16:     main.cli()
rank=25 L17:   File "/home/niflheim/madkru/asr/asr/core/command.py", line 326, in cli
rank=25 L18:     prog_name=f'asr run {self.name}', args=args)
rank=25 L19:   File "/home/niflheim/madkru/venv_folder/lib/python3.7/site-packages/click/core.py", line 829, in __call__
rank=25 L20:     return self.main(*args, **kwargs)
rank=25 L21:   File "/home/niflheim/madkru/venv_folder/lib/python3.7/site-packages/click/core.py", line 782, in main
rank=25 L22:     rv = self.invoke(ctx)
rank=25 L23:   File "/home/niflheim/madkru/venv_folder/lib/python3.7/site-packages/click/core.py", line 1066, in invoke
rank=25 L24:     return ctx.invoke(self.callback, **ctx.params)
rank=25 L25:   File "/home/niflheim/madkru/venv_folder/lib/python3.7/site-packages/click/core.py", line 610, in invoke
rank=25 L26:     return callback(*args, **kwargs)
rank=25 L27:   File "/home/niflheim/madkru/asr/asr/core/command.py", line 372, in main
rank=25 L28:     result = self._main(**copy.deepcopy(params)) or {}
rank=25 L29:   File "/home/niflheim/madkru/asr/asr/stiffness.py", line 207, in main
rank=25 L30:     setupstrains(strain_percent=strain_percent)
rank=25 L31:   File "/home/niflheim/madkru/asr/asr/core/command.py", line 334, in __call__
rank=25 L32:     return self.main(*args, **kwargs)
rank=25 L33:   File "/home/niflheim/madkru/asr/asr/core/command.py", line 372, in main
rank=25 L34:     result = self._main(**copy.deepcopy(params)) or {}
rank=25 L35:   File "/home/niflheim/madkru/asr/asr/setup/strains.py", line 110, in main
rank=25 L36:     copyparams=copyparams, clamp_atoms=False)
rank=25 L37:   File "/home/niflheim/madkru/asr/asr/setup/strains.py", line 68, in setup_strains
rank=25 L38:     with chdir(folder):
rank=25 L39:   File "/home/modules/software/Python/3.7.4-GCCcore-8.3.0/lib/python3.7/contextlib.py", line 112, in __enter__
rank=25 L40:     return next(self.gen)
rank=25 L41:   File "/home/niflheim/madkru/asr/asr/core/utils.py", line 71, in chdir
rank=25 L42:     os.chdir(str(folder))
rank=25 L43: FileNotFoundError: [Errno 2] No such file or directory: 'strains-+1.0%-xx'
GPAW CLEANUP (node 25): <class 'FileNotFoundError'> occurred.  Calling MPI_Abort!
rank=16 L00: Traceback (most recent call last):
rank=16 L01:   File "/home/niflheim/madkru/venv_folder/bin/gpaw", line 11, in <module>
rank=16 L02:     load_entry_point('gpaw', 'console_scripts', 'gpaw')()
rank=16 L03:   File "/home/niflheim/madkru/venv_folder/gpaw/gpaw/cli/main.py", line 81, in main
rank=16 L04:     commands, hook, args)
rank=16 L05:   File "/home/niflheim/madkru/venv_folder/ase/ase/cli/main.py", line 102, in main
rank=16 L06:     f(args)
rank=16 L07:   File "/home/niflheim/madkru/venv_folder/gpaw/gpaw/cli/python.py", line 31, in run
rank=16 L08:     runpy.run_module(args.module, run_name='__main__', alter_sys=True)
rank=16 L09:   File "/home/modules/software/Python/3.7.4-GCCcore-8.3.0/lib/python3.7/runpy.py", line 205, in run_module
rank=16 L10:     return _run_module_code(code, init_globals, run_name, mod_spec)
rank=16 L11:   File "/home/modules/software/Python/3.7.4-GCCcore-8.3.0/lib/python3.7/runpy.py", line 96, in _run_module_code
rank=16 L12:     mod_name, mod_spec, pkg_name, script_name)
rank=16 L13:   File "/home/modules/software/Python/3.7.4-GCCcore-8.3.0/lib/python3.7/runpy.py", line 85, in _run_code
rank=16 L14:     exec(code, run_globals)
rank=16 L15:   File "/home/niflheim/madkru/asr/asr/stiffness.py", line 298, in <module>
rank=16 L16:     main.cli()
rank=16 L17:   File "/home/niflheim/madkru/asr/asr/core/command.py", line 326, in cli
rank=16 L18:     prog_name=f'asr run {self.name}', args=args)
rank=16 L19:   File "/home/niflheim/madkru/venv_folder/lib/python3.7/site-packages/click/core.py", line 829, in __call__
rank=16 L20:     return self.main(*args, **kwargs)
rank=16 L21:   File "/home/niflheim/madkru/venv_folder/lib/python3.7/site-packages/click/core.py", line 782, in main
rank=16 L22:     rv = self.invoke(ctx)
rank=16 L23:   File "/home/niflheim/madkru/venv_folder/lib/python3.7/site-packages/click/core.py", line 1066, in invoke
rank=16 L24:     return ctx.invoke(self.callback, **ctx.params)
rank=16 L25:   File "/home/niflheim/madkru/venv_folder/lib/python3.7/site-packages/click/core.py", line 610, in invoke
rank=16 L26:     return callback(*args, **kwargs)
rank=16 L27:   File "/home/niflheim/madkru/asr/asr/core/command.py", line 372, in main
rank=16 L28:     result = self._main(**copy.deepcopy(params)) or {}
rank=16 L29:   File "/home/niflheim/madkru/asr/asr/stiffness.py", line 207, in main
rank=16 L30:     setupstrains(strain_percent=strain_percent)
rank=16 L31:   File "/home/niflheim/madkru/asr/asr/core/command.py", line 334, in __call__
rank=16 L32:     return self.main(*args, **kwargs)
rank=16 L33:   File "/home/niflheim/madkru/asr/asr/core/command.py", line 372, in main
rank=16 L34:     result = self._main(**copy.deepcopy(params)) or {}
rank=16 L35:   File "/home/niflheim/madkru/asr/asr/setup/strains.py", line 110, in main
rank=16 L36:     copyparams=copyparams, clamp_atoms=False)
rank=16 L37:   File "/home/niflheim/madkru/asr/asr/setup/strains.py", line 68, in setup_strains
rank=16 L38:     with chdir(folder):
rank=16 L39:   File "/home/modules/software/Python/3.7.4-GCCcore-8.3.0/lib/python3.7/contextlib.py", line 112, in __enter__
rank=16 L40:     return next(self.gen)
rank=16 L41:   File "/home/niflheim/madkru/asr/asr/core/utils.py", line 71, in chdir
rank=16 L42:     os.chdir(str(folder))
rank=16 L43: FileNotFoundError: [Errno 2] No such file or directory: 'strains-+1.0%-xx'
GPAW CLEANUP (node 16): <class 'FileNotFoundError'> occurred.  Calling MPI_Abort!
rank=30 L00: Traceback (most recent call last):
rank=30 L01:   File "/home/niflheim/madkru/venv_folder/bin/gpaw", line 11, in <module>
rank=30 L02:     load_entry_point('gpaw', 'console_scripts', 'gpaw')()
rank=30 L03:   File "/home/niflheim/madkru/venv_folder/gpaw/gpaw/cli/main.py", line 81, in main
rank=30 L04:     commands, hook, args)
rank=30 L05:   File "/home/niflheim/madkru/venv_folder/ase/ase/cli/main.py", line 102, in main
rank=30 L06:     f(args)
rank=30 L07:   File "/home/niflheim/madkru/venv_folder/gpaw/gpaw/cli/python.py", line 31, in run
rank=30 L08:     runpy.run_module(args.module, run_name='__main__', alter_sys=True)
rank=30 L09:   File "/home/modules/software/Python/3.7.4-GCCcore-8.3.0/lib/python3.7/runpy.py", line 205, in run_module
rank=30 L10:     return _run_module_code(code, init_globals, run_name, mod_spec)
rank=30 L11:   File "/home/modules/software/Python/3.7.4-GCCcore-8.3.0/lib/python3.7/runpy.py", line 96, in _run_module_code
rank=30 L12:     mod_name, mod_spec, pkg_name, script_name)
rank=30 L13:   File "/home/modules/software/Python/3.7.4-GCCcore-8.3.0/lib/python3.7/runpy.py", line 85, in _run_code
rank=30 L14:     exec(code, run_globals)
rank=30 L15:   File "/home/niflheim/madkru/asr/asr/stiffness.py", line 298, in <module>
rank=30 L16:     main.cli()
rank=30 L17:   File "/home/niflheim/madkru/asr/asr/core/command.py", line 326, in cli
rank=30 L18:     prog_name=f'asr run {self.name}', args=args)
rank=30 L19:   File "/home/niflheim/madkru/venv_folder/lib/python3.7/site-packages/click/core.py", line 829, in __call__
rank=30 L20:     return self.main(*args, **kwargs)
rank=30 L21:   File "/home/niflheim/madkru/venv_folder/lib/python3.7/site-packages/click/core.py", line 782, in main
rank=30 L22:     rv = self.invoke(ctx)
rank=30 L23:   File "/home/niflheim/madkru/venv_folder/lib/python3.7/site-packages/click/core.py", line 1066, in invoke
rank=30 L24:     return ctx.invoke(self.callback, **ctx.params)
rank=30 L25:   File "/home/niflheim/madkru/venv_folder/lib/python3.7/site-packages/click/core.py", line 610, in invoke
rank=30 L26:     return callback(*args, **kwargs)
rank=30 L27:   File "/home/niflheim/madkru/asr/asr/core/command.py", line 372, in main
rank=30 L28:     result = self._main(**copy.deepcopy(params)) or {}
rank=30 L29:   File "/home/niflheim/madkru/asr/asr/stiffness.py", line 207, in main
rank=30 L30:     setupstrains(strain_percent=strain_percent)
rank=30 L31:   File "/home/niflheim/madkru/asr/asr/core/command.py", line 334, in __call__
rank=30 L32:     return self.main(*args, **kwargs)
rank=30 L33:   File "/home/niflheim/madkru/asr/asr/core/command.py", line 372, in main
rank=30 L34:     result = self._main(**copy.deepcopy(params)) or {}
rank=30 L35:   File "/home/niflheim/madkru/asr/asr/setup/strains.py", line 110, in main
rank=30 L36:     copyparams=copyparams, clamp_atoms=False)
rank=30 L37:   File "/home/niflheim/madkru/asr/asr/setup/strains.py", line 68, in setup_strains
rank=30 L38:     with chdir(folder):
rank=30 L39:   File "/home/modules/software/Python/3.7.4-GCCcore-8.3.0/lib/python3.7/contextlib.py", line 112, in __enter__
rank=30 L40:     return next(self.gen)
rank=30 L41:   File "/home/niflheim/madkru/asr/asr/core/utils.py", line 71, in chdir
rank=30 L42:     os.chdir(str(folder))
rank=30 L43: FileNotFoundError: [Errno 2] No such file or directory: 'strains-+1.0%-xx'
GPAW CLEANUP (node 30): <class 'FileNotFoundError'> occurred.  Calling MPI_Abort!
rank=21 L00: Traceback (most recent call last):
rank=21 L01:   File "/home/niflheim/madkru/venv_folder/bin/gpaw", line 11, in <module>
rank=21 L02:     load_entry_point('gpaw', 'console_scripts', 'gpaw')()
rank=21 L03:   File "/home/niflheim/madkru/venv_folder/gpaw/gpaw/cli/main.py", line 81, in main
rank=21 L04:     commands, hook, args)
rank=21 L05:   File "/home/niflheim/madkru/venv_folder/ase/ase/cli/main.py", line 102, in main
rank=21 L06:     f(args)
rank=21 L07:   File "/home/niflheim/madkru/venv_folder/gpaw/gpaw/cli/python.py", line 31, in run
rank=21 L08:     runpy.run_module(args.module, run_name='__main__', alter_sys=True)
rank=21 L09:   File "/home/modules/software/Python/3.7.4-GCCcore-8.3.0/lib/python3.7/runpy.py", line 205, in run_module
rank=21 L10:     return _run_module_code(code, init_globals, run_name, mod_spec)
rank=21 L11:   File "/home/modules/software/Python/3.7.4-GCCcore-8.3.0/lib/python3.7/runpy.py", line 96, in _run_module_code
rank=21 L12:     mod_name, mod_spec, pkg_name, script_name)
rank=21 L13:   File "/home/modules/software/Python/3.7.4-GCCcore-8.3.0/lib/python3.7/runpy.py", line 85, in _run_code
rank=21 L14:     exec(code, run_globals)
rank=21 L15:   File "/home/niflheim/madkru/asr/asr/stiffness.py", line 298, in <module>
rank=21 L16:     main.cli()
rank=21 L17:   File "/home/niflheim/madkru/asr/asr/core/command.py", line 326, in cli
rank=21 L18:     prog_name=f'asr run {self.name}', args=args)
rank=21 L19:   File "/home/niflheim/madkru/venv_folder/lib/python3.7/site-packages/click/core.py", line 829, in __call__
rank=21 L20:     return self.main(*args, **kwargs)
rank=21 L21:   File "/home/niflheim/madkru/venv_folder/lib/python3.7/site-packages/click/core.py", line 782, in main
rank=21 L22:     rv = self.invoke(ctx)
rank=21 L23:   File "/home/niflheim/madkru/venv_folder/lib/python3.7/site-packages/click/core.py", line 1066, in invoke
rank=21 L24:     return ctx.invoke(self.callback, **ctx.params)
rank=21 L25:   File "/home/niflheim/madkru/venv_folder/lib/python3.7/site-packages/click/core.py", line 610, in invoke
rank=21 L26:     return callback(*args, **kwargs)
rank=21 L27:   File "/home/niflheim/madkru/asr/asr/core/command.py", line 372, in main
rank=21 L28:     result = self._main(**copy.deepcopy(params)) or {}
rank=21 L29:   File "/home/niflheim/madkru/asr/asr/stiffness.py", line 207, in main
rank=21 L30:     setupstrains(strain_percent=strain_percent)
rank=21 L31:   File "/home/niflheim/madkru/asr/asr/core/command.py", line 334, in __call__
rank=21 L32:     return self.main(*args, **kwargs)
rank=21 L33:   File "/home/niflheim/madkru/asr/asr/core/command.py", line 372, in main
rank=21 L34:     result = self._main(**copy.deepcopy(params)) or {}
rank=21 L35:   File "/home/niflheim/madkru/asr/asr/setup/strains.py", line 110, in main
rank=21 L36:     copyparams=copyparams, clamp_atoms=False)
rank=21 L37:   File "/home/niflheim/madkru/asr/asr/setup/strains.py", line 68, in setup_strains
rank=21 L38:     with chdir(folder):
rank=21 L39:   File "/home/modules/software/Python/3.7.4-GCCcore-8.3.0/lib/python3.7/contextlib.py", line 112, in __enter__
rank=21 L40:     return next(self.gen)
rank=21 L41:   File "/home/niflheim/madkru/asr/asr/core/utils.py", line 71, in chdir
rank=21 L42:     os.chdir(str(folder))
rank=21 L43: FileNotFoundError: [Errno 2] No such file or directory: 'strains-+1.0%-xx'
GPAW CLEANUP (node 21): <class 'FileNotFoundError'> occurred.  Calling MPI_Abort!
rank=18 L00: Traceback (most recent call last):
rank=18 L01:   File "/home/niflheim/madkru/venv_folder/bin/gpaw", line 11, in <module>
rank=18 L02:     load_entry_point('gpaw', 'console_scripts', 'gpaw')()
rank=18 L03:   File "/home/niflheim/madkru/venv_folder/gpaw/gpaw/cli/main.py", line 81, in main
rank=18 L04:     commands, hook, args)
rank=18 L05:   File "/home/niflheim/madkru/venv_folder/ase/ase/cli/main.py", line 102, in main
rank=18 L06:     f(args)
rank=18 L07:   File "/home/niflheim/madkru/venv_folder/gpaw/gpaw/cli/python.py", line 31, in run
rank=18 L08:     runpy.run_module(args.module, run_name='__main__', alter_sys=True)
rank=18 L09:   File "/home/modules/software/Python/3.7.4-GCCcore-8.3.0/lib/python3.7/runpy.py", line 205, in run_module
rank=18 L10:     return _run_module_code(code, init_globals, run_name, mod_spec)
rank=18 L11:   File "/home/modules/software/Python/3.7.4-GCCcore-8.3.0/lib/python3.7/runpy.py", line 96, in _run_module_code
rank=18 L12:     mod_name, mod_spec, pkg_name, script_name)
rank=18 L13:   File "/home/modules/software/Python/3.7.4-GCCcore-8.3.0/lib/python3.7/runpy.py", line 85, in _run_code
rank=18 L14:     exec(code, run_globals)
rank=18 L15:   File "/home/niflheim/madkru/asr/asr/stiffness.py", line 298, in <module>
rank=18 L16:     main.cli()
rank=18 L17:   File "/home/niflheim/madkru/asr/asr/core/command.py", line 326, in cli
rank=18 L18:     prog_name=f'asr run {self.name}', args=args)
rank=18 L19:   File "/home/niflheim/madkru/venv_folder/lib/python3.7/site-packages/click/core.py", line 829, in __call__
rank=18 L20:     return self.main(*args, **kwargs)
rank=18 L21:   File "/home/niflheim/madkru/venv_folder/lib/python3.7/site-packages/click/core.py", line 782, in main
rank=18 L22:     rv = self.invoke(ctx)
rank=18 L23:   File "/home/niflheim/madkru/venv_folder/lib/python3.7/site-packages/click/core.py", line 1066, in invoke
rank=18 L24:     return ctx.invoke(self.callback, **ctx.params)
rank=18 L25:   File "/home/niflheim/madkru/venv_folder/lib/python3.7/site-packages/click/core.py", line 610, in invoke
rank=18 L26:     return callback(*args, **kwargs)
rank=18 L27:   File "/home/niflheim/madkru/asr/asr/core/command.py", line 372, in main
rank=18 L28:     result = self._main(**copy.deepcopy(params)) or {}
rank=18 L29:   File "/home/niflheim/madkru/asr/asr/stiffness.py", line 207, in main
rank=18 L30:     setupstrains(strain_percent=strain_percent)
rank=18 L31:   File "/home/niflheim/madkru/asr/asr/core/command.py", line 334, in __call__
rank=18 L32:     return self.main(*args, **kwargs)
rank=18 L33:   File "/home/niflheim/madkru/asr/asr/core/command.py", line 372, in main
rank=18 L34:     result = self._main(**copy.deepcopy(params)) or {}
rank=18 L35:   File "/home/niflheim/madkru/asr/asr/setup/strains.py", line 110, in main
rank=18 L36:     copyparams=copyparams, clamp_atoms=False)
rank=18 L37:   File "/home/niflheim/madkru/asr/asr/setup/strains.py", line 68, in setup_strains
rank=18 L38:     with chdir(folder):
rank=18 L39:   File "/home/modules/software/Python/3.7.4-GCCcore-8.3.0/lib/python3.7/contextlib.py", line 112, in __enter__
rank=18 L40:     return next(self.gen)
rank=18 L41:   File "/home/niflheim/madkru/asr/asr/core/utils.py", line 71, in chdir
rank=18 L42:     os.chdir(str(folder))
rank=18 L43: FileNotFoundError: [Errno 2] No such file or directory: 'strains-+1.0%-xx'
GPAW CLEANUP (node 18): <class 'FileNotFoundError'> occurred.  Calling MPI_Abort!
rank=19 L00: Traceback (most recent call last):
rank=19 L01:   File "/home/niflheim/madkru/venv_folder/bin/gpaw", line 11, in <module>
rank=19 L02:     load_entry_point('gpaw', 'console_scripts', 'gpaw')()
rank=19 L03:   File "/home/niflheim/madkru/venv_folder/gpaw/gpaw/cli/main.py", line 81, in main
rank=19 L04:     commands, hook, args)
rank=19 L05:   File "/home/niflheim/madkru/venv_folder/ase/ase/cli/main.py", line 102, in main
rank=19 L06:     f(args)
rank=19 L07:   File "/home/niflheim/madkru/venv_folder/gpaw/gpaw/cli/python.py", line 31, in run
rank=19 L08:     runpy.run_module(args.module, run_name='__main__', alter_sys=True)
rank=19 L09:   File "/home/modules/software/Python/3.7.4-GCCcore-8.3.0/lib/python3.7/runpy.py", line 205, in run_module
rank=19 L10:     return _run_module_code(code, init_globals, run_name, mod_spec)
rank=19 L11:   File "/home/modules/software/Python/3.7.4-GCCcore-8.3.0/lib/python3.7/runpy.py", line 96, in _run_module_code
rank=19 L12:     mod_name, mod_spec, pkg_name, script_name)
rank=19 L13:   File "/home/modules/software/Python/3.7.4-GCCcore-8.3.0/lib/python3.7/runpy.py", line 85, in _run_code
rank=19 L14:     exec(code, run_globals)
rank=19 L15:   File "/home/niflheim/madkru/asr/asr/stiffness.py", line 298, in <module>
rank=19 L16:     main.cli()
rank=19 L17:   File "/home/niflheim/madkru/asr/asr/core/command.py", line 326, in cli
rank=19 L18:     prog_name=f'asr run {self.name}', args=args)
rank=19 L19:   File "/home/niflheim/madkru/venv_folder/lib/python3.7/site-packages/click/core.py", line 829, in __call__
rank=19 L20:     return self.main(*args, **kwargs)
rank=19 L21:   File "/home/niflheim/madkru/venv_folder/lib/python3.7/site-packages/click/core.py", line 782, in main
rank=19 L22:     rv = self.invoke(ctx)
rank=19 L23:   File "/home/niflheim/madkru/venv_folder/lib/python3.7/site-packages/click/core.py", line 1066, in invoke
rank=19 L24:     return ctx.invoke(self.callback, **ctx.params)
rank=19 L25:   File "/home/niflheim/madkru/venv_folder/lib/python3.7/site-packages/click/core.py", line 610, in invoke
rank=19 L26:     return callback(*args, **kwargs)
rank=19 L27:   File "/home/niflheim/madkru/asr/asr/core/command.py", line 372, in main
rank=19 L28:     result = self._main(**copy.deepcopy(params)) or {}
rank=19 L29:   File "/home/niflheim/madkru/asr/asr/stiffness.py", line 207, in main
rank=19 L30:     setupstrains(strain_percent=strain_percent)
rank=19 L31:   File "/home/niflheim/madkru/asr/asr/core/command.py", line 334, in __call__
rank=19 L32:     return self.main(*args, **kwargs)
rank=19 L33:   File "/home/niflheim/madkru/asr/asr/core/command.py", line 372, in main
rank=19 L34:     result = self._main(**copy.deepcopy(params)) or {}
rank=19 L35:   File "/home/niflheim/madkru/asr/asr/setup/strains.py", line 110, in main
rank=19 L36:     copyparams=copyparams, clamp_atoms=False)
rank=19 L37:   File "/home/niflheim/madkru/asr/asr/setup/strains.py", line 68, in setup_strains
rank=19 L38:     with chdir(folder):
rank=19 L39:   File "/home/modules/software/Python/3.7.4-GCCcore-8.3.0/lib/python3.7/contextlib.py", line 112, in __enter__
rank=19 L40:     return next(self.gen)
rank=19 L41:   File "/home/niflheim/madkru/asr/asr/core/utils.py", line 71, in chdir
rank=19 L42:     os.chdir(str(folder))
rank=19 L43: FileNotFoundError: [Errno 2] No such file or directory: 'strains-+1.0%-xx'
GPAW CLEANUP (node 19): <class 'FileNotFoundError'> occurred.  Calling MPI_Abort!
rank=23 L00: Traceback (most recent call last):
rank=23 L01:   File "/home/niflheim/madkru/venv_folder/bin/gpaw", line 11, in <module>
rank=23 L02:     load_entry_point('gpaw', 'console_scripts', 'gpaw')()
rank=23 L03:   File "/home/niflheim/madkru/venv_folder/gpaw/gpaw/cli/main.py", line 81, in main
rank=23 L04:     commands, hook, args)
rank=23 L05:   File "/home/niflheim/madkru/venv_folder/ase/ase/cli/main.py", line 102, in main
rank=23 L06:     f(args)
rank=23 L07:   File "/home/niflheim/madkru/venv_folder/gpaw/gpaw/cli/python.py", line 31, in run
rank=23 L08:     runpy.run_module(args.module, run_name='__main__', alter_sys=True)
rank=23 L09:   File "/home/modules/software/Python/3.7.4-GCCcore-8.3.0/lib/python3.7/runpy.py", line 205, in run_module
rank=23 L10:     return _run_module_code(code, init_globals, run_name, mod_spec)
rank=23 L11:   File "/home/modules/software/Python/3.7.4-GCCcore-8.3.0/lib/python3.7/runpy.py", line 96, in _run_module_code
rank=23 L12:     mod_name, mod_spec, pkg_name, script_name)
rank=23 L13:   File "/home/modules/software/Python/3.7.4-GCCcore-8.3.0/lib/python3.7/runpy.py", line 85, in _run_code
rank=23 L14:     exec(code, run_globals)
rank=23 L15:   File "/home/niflheim/madkru/asr/asr/stiffness.py", line 298, in <module>
rank=23 L16:     main.cli()
rank=23 L17:   File "/home/niflheim/madkru/asr/asr/core/command.py", line 326, in cli
rank=23 L18:     prog_name=f'asr run {self.name}', args=args)
rank=23 L19:   File "/home/niflheim/madkru/venv_folder/lib/python3.7/site-packages/click/core.py", line 829, in __call__
rank=23 L20:     return self.main(*args, **kwargs)
rank=23 L21:   File "/home/niflheim/madkru/venv_folder/lib/python3.7/site-packages/click/core.py", line 782, in main
rank=23 L22:     rv = self.invoke(ctx)
rank=23 L23:   File "/home/niflheim/madkru/venv_folder/lib/python3.7/site-packages/click/core.py", line 1066, in invoke
rank=23 L24:     return ctx.invoke(self.callback, **ctx.params)
rank=23 L25:   File "/home/niflheim/madkru/venv_folder/lib/python3.7/site-packages/click/core.py", line 610, in invoke
rank=23 L26:     return callback(*args, **kwargs)
rank=23 L27:   File "/home/niflheim/madkru/asr/asr/core/command.py", line 372, in main
rank=23 L28:     result = self._main(**copy.deepcopy(params)) or {}
rank=23 L29:   File "/home/niflheim/madkru/asr/asr/stiffness.py", line 207, in main
rank=23 L30:     setupstrains(strain_percent=strain_percent)
rank=23 L31:   File "/home/niflheim/madkru/asr/asr/core/command.py", line 334, in __call__
rank=23 L32:     return self.main(*args, **kwargs)
rank=23 L33:   File "/home/niflheim/madkru/asr/asr/core/command.py", line 372, in main
rank=23 L34:     result = self._main(**copy.deepcopy(params)) or {}
rank=23 L35:   File "/home/niflheim/madkru/asr/asr/setup/strains.py", line 110, in main
rank=23 L36:     copyparams=copyparams, clamp_atoms=False)
rank=23 L37:   File "/home/niflheim/madkru/asr/asr/setup/strains.py", line 68, in setup_strains
rank=23 L38:     with chdir(folder):
rank=23 L39:   File "/home/modules/software/Python/3.7.4-GCCcore-8.3.0/lib/python3.7/contextlib.py", line 112, in __enter__
rank=23 L40:     return next(self.gen)
rank=23 L41:   File "/home/niflheim/madkru/asr/asr/core/utils.py", line 71, in chdir
rank=23 L42:     os.chdir(str(folder))
rank=23 L43: FileNotFoundError: [Errno 2] No such file or directory: 'strains-+1.0%-xx'
GPAW CLEANUP (node 23): <class 'FileNotFoundError'> occurred.  Calling MPI_Abort!
rank=31 L00: Traceback (most recent call last):
rank=31 L01:   File "/home/niflheim/madkru/venv_folder/bin/gpaw", line 11, in <module>
rank=31 L02:     load_entry_point('gpaw', 'console_scripts', 'gpaw')()
rank=31 L03:   File "/home/niflheim/madkru/venv_folder/gpaw/gpaw/cli/main.py", line 81, in main
rank=31 L04:     commands, hook, args)
rank=31 L05:   File "/home/niflheim/madkru/venv_folder/ase/ase/cli/main.py", line 102, in main
rank=31 L06:     f(args)
rank=31 L07:   File "/home/niflheim/madkru/venv_folder/gpaw/gpaw/cli/python.py", line 31, in run
rank=31 L08:     runpy.run_module(args.module, run_name='__main__', alter_sys=True)
rank=31 L09:   File "/home/modules/software/Python/3.7.4-GCCcore-8.3.0/lib/python3.7/runpy.py", line 205, in run_module
rank=31 L10:     return _run_module_code(code, init_globals, run_name, mod_spec)
rank=31 L11:   File "/home/modules/software/Python/3.7.4-GCCcore-8.3.0/lib/python3.7/runpy.py", line 96, in _run_module_code
rank=31 L12:     mod_name, mod_spec, pkg_name, script_name)
rank=31 L13:   File "/home/modules/software/Python/3.7.4-GCCcore-8.3.0/lib/python3.7/runpy.py", line 85, in _run_code
rank=31 L14:     exec(code, run_globals)
rank=31 L15:   File "/home/niflheim/madkru/asr/asr/stiffness.py", line 298, in <module>
rank=31 L16:     main.cli()
rank=31 L17:   File "/home/niflheim/madkru/asr/asr/core/command.py", line 326, in cli
rank=31 L18:     prog_name=f'asr run {self.name}', args=args)
rank=31 L19:   File "/home/niflheim/madkru/venv_folder/lib/python3.7/site-packages/click/core.py", line 829, in __call__
rank=31 L20:     return self.main(*args, **kwargs)
rank=31 L21:   File "/home/niflheim/madkru/venv_folder/lib/python3.7/site-packages/click/core.py", line 782, in main
rank=31 L22:     rv = self.invoke(ctx)
rank=31 L23:   File "/home/niflheim/madkru/venv_folder/lib/python3.7/site-packages/click/core.py", line 1066, in invoke
rank=31 L24:     return ctx.invoke(self.callback, **ctx.params)
rank=31 L25:   File "/home/niflheim/madkru/venv_folder/lib/python3.7/site-packages/click/core.py", line 610, in invoke
rank=31 L26:     return callback(*args, **kwargs)
rank=31 L27:   File "/home/niflheim/madkru/asr/asr/core/command.py", line 372, in main
rank=31 L28:     result = self._main(**copy.deepcopy(params)) or {}
rank=31 L29:   File "/home/niflheim/madkru/asr/asr/stiffness.py", line 207, in main
rank=31 L30:     setupstrains(strain_percent=strain_percent)
rank=31 L31:   File "/home/niflheim/madkru/asr/asr/core/command.py", line 334, in __call__
rank=31 L32:     return self.main(*args, **kwargs)
rank=31 L33:   File "/home/niflheim/madkru/asr/asr/core/command.py", line 372, in main
rank=31 L34:     result = self._main(**copy.deepcopy(params)) or {}
rank=31 L35:   File "/home/niflheim/madkru/asr/asr/setup/strains.py", line 110, in main
rank=31 L36:     copyparams=copyparams, clamp_atoms=False)
rank=31 L37:   File "/home/niflheim/madkru/asr/asr/setup/strains.py", line 68, in setup_strains
rank=31 L38:     with chdir(folder):
rank=31 L39:   File "/home/modules/software/Python/3.7.4-GCCcore-8.3.0/lib/python3.7/contextlib.py", line 112, in __enter__
rank=31 L40:     return next(self.gen)
rank=31 L41:   File "/home/niflheim/madkru/asr/asr/core/utils.py", line 71, in chdir
rank=31 L42:     os.chdir(str(folder))
rank=31 L43: FileNotFoundError: [Errno 2] No such file or directory: 'strains-+1.0%-xx'
GPAW CLEANUP (node 31): <class 'FileNotFoundError'> occurred.  Calling MPI_Abort!
rank=20 L00: Traceback (most recent call last):
rank=20 L01:   File "/home/niflheim/madkru/venv_folder/bin/gpaw", line 11, in <module>
rank=20 L02:     load_entry_point('gpaw', 'console_scripts', 'gpaw')()
rank=20 L03:   File "/home/niflheim/madkru/venv_folder/gpaw/gpaw/cli/main.py", line 81, in main
rank=20 L04:     commands, hook, args)
rank=20 L05:   File "/home/niflheim/madkru/venv_folder/ase/ase/cli/main.py", line 102, in main
rank=20 L06:     f(args)
rank=20 L07:   File "/home/niflheim/madkru/venv_folder/gpaw/gpaw/cli/python.py", line 31, in run
rank=20 L08:     runpy.run_module(args.module, run_name='__main__', alter_sys=True)
rank=20 L09:   File "/home/modules/software/Python/3.7.4-GCCcore-8.3.0/lib/python3.7/runpy.py", line 205, in run_module
rank=20 L10:     return _run_module_code(code, init_globals, run_name, mod_spec)
rank=20 L11:   File "/home/modules/software/Python/3.7.4-GCCcore-8.3.0/lib/python3.7/runpy.py", line 96, in _run_module_code
rank=20 L12:     mod_name, mod_spec, pkg_name, script_name)
rank=20 L13:   File "/home/modules/software/Python/3.7.4-GCCcore-8.3.0/lib/python3.7/runpy.py", line 85, in _run_code
rank=20 L14:     exec(code, run_globals)
rank=20 L15:   File "/home/niflheim/madkru/asr/asr/stiffness.py", line 298, in <module>
rank=20 L16:     main.cli()
rank=20 L17:   File "/home/niflheim/madkru/asr/asr/core/command.py", line 326, in cli
rank=20 L18:     prog_name=f'asr run {self.name}', args=args)
rank=20 L19:   File "/home/niflheim/madkru/venv_folder/lib/python3.7/site-packages/click/core.py", line 829, in __call__
rank=20 L20:     return self.main(*args, **kwargs)
rank=20 L21:   File "/home/niflheim/madkru/venv_folder/lib/python3.7/site-packages/click/core.py", line 782, in main
rank=20 L22:     rv = self.invoke(ctx)
rank=20 L23:   File "/home/niflheim/madkru/venv_folder/lib/python3.7/site-packages/click/core.py", line 1066, in invoke
rank=20 L24:     return ctx.invoke(self.callback, **ctx.params)
rank=20 L25:   File "/home/niflheim/madkru/venv_folder/lib/python3.7/site-packages/click/core.py", line 610, in invoke
rank=20 L26:     return callback(*args, **kwargs)
rank=20 L27:   File "/home/niflheim/madkru/asr/asr/core/command.py", line 372, in main
rank=20 L28:     result = self._main(**copy.deepcopy(params)) or {}
rank=20 L29:   File "/home/niflheim/madkru/asr/asr/stiffness.py", line 207, in main
rank=20 L30:     setupstrains(strain_percent=strain_percent)
rank=20 L31:   File "/home/niflheim/madkru/asr/asr/core/command.py", line 334, in __call__
rank=20 L32:     return self.main(*args, **kwargs)
rank=20 L33:   File "/home/niflheim/madkru/asr/asr/core/command.py", line 372, in main
rank=20 L34:     result = self._main(**copy.deepcopy(params)) or {}
rank=20 L35:   File "/home/niflheim/madkru/asr/asr/setup/strains.py", line 110, in main
rank=20 L36:     copyparams=copyparams, clamp_atoms=False)
rank=20 L37:   File "/home/niflheim/madkru/asr/asr/setup/strains.py", line 68, in setup_strains
rank=20 L38:     with chdir(folder):
rank=20 L39:   File "/home/modules/software/Python/3.7.4-GCCcore-8.3.0/lib/python3.7/contextlib.py", line 112, in __enter__
rank=20 L40:     return next(self.gen)
rank=20 L41:   File "/home/niflheim/madkru/asr/asr/core/utils.py", line 71, in chdir
rank=20 L42:     os.chdir(str(folder))
rank=20 L43: FileNotFoundError: [Errno 2] No such file or directory: 'strains-+1.0%-xx'
GPAW CLEANUP (node 20): <class 'FileNotFoundError'> occurred.  Calling MPI_Abort!
rank=22 L00: Traceback (most recent call last):
rank=22 L01:   File "/home/niflheim/madkru/venv_folder/bin/gpaw", line 11, in <module>
rank=22 L02:     load_entry_point('gpaw', 'console_scripts', 'gpaw')()
rank=22 L03:   File "/home/niflheim/madkru/venv_folder/gpaw/gpaw/cli/main.py", line 81, in main
rank=22 L04:     commands, hook, args)
rank=22 L05:   File "/home/niflheim/madkru/venv_folder/ase/ase/cli/main.py", line 102, in main
rank=22 L06:     f(args)
rank=22 L07:   File "/home/niflheim/madkru/venv_folder/gpaw/gpaw/cli/python.py", line 31, in run
rank=22 L08:     runpy.run_module(args.module, run_name='__main__', alter_sys=True)
rank=22 L09:   File "/home/modules/software/Python/3.7.4-GCCcore-8.3.0/lib/python3.7/runpy.py", line 205, in run_module
rank=22 L10:     return _run_module_code(code, init_globals, run_name, mod_spec)
rank=22 L11:   File "/home/modules/software/Python/3.7.4-GCCcore-8.3.0/lib/python3.7/runpy.py", line 96, in _run_module_code
rank=22 L12:     mod_name, mod_spec, pkg_name, script_name)
rank=22 L13:   File "/home/modules/software/Python/3.7.4-GCCcore-8.3.0/lib/python3.7/runpy.py", line 85, in _run_code
rank=22 L14:     exec(code, run_globals)
rank=22 L15:   File "/home/niflheim/madkru/asr/asr/stiffness.py", line 298, in <module>
rank=22 L16:     main.cli()
rank=22 L17:   File "/home/niflheim/madkru/asr/asr/core/command.py", line 326, in cli
rank=22 L18:     prog_name=f'asr run {self.name}', args=args)
rank=22 L19:   File "/home/niflheim/madkru/venv_folder/lib/python3.7/site-packages/click/core.py", line 829, in __call__
rank=22 L20:     return self.main(*args, **kwargs)
rank=22 L21:   File "/home/niflheim/madkru/venv_folder/lib/python3.7/site-packages/click/core.py", line 782, in main
rank=22 L22:     rv = self.invoke(ctx)
rank=22 L23:   File "/home/niflheim/madkru/venv_folder/lib/python3.7/site-packages/click/core.py", line 1066, in invoke
rank=22 L24:     return ctx.invoke(self.callback, **ctx.params)
rank=22 L25:   File "/home/niflheim/madkru/venv_folder/lib/python3.7/site-packages/click/core.py", line 610, in invoke
rank=22 L26:     return callback(*args, **kwargs)
rank=22 L27:   File "/home/niflheim/madkru/asr/asr/core/command.py", line 372, in main
rank=22 L28:     result = self._main(**copy.deepcopy(params)) or {}
rank=22 L29:   File "/home/niflheim/madkru/asr/asr/stiffness.py", line 207, in main
rank=22 L30:     setupstrains(strain_percent=strain_percent)
rank=22 L31:   File "/home/niflheim/madkru/asr/asr/core/command.py", line 334, in __call__
rank=22 L32:     return self.main(*args, **kwargs)
rank=22 L33:   File "/home/niflheim/madkru/asr/asr/core/command.py", line 372, in main
rank=22 L34:     result = self._main(**copy.deepcopy(params)) or {}
rank=22 L35:   File "/home/niflheim/madkru/asr/asr/setup/strains.py", line 110, in main
rank=22 L36:     copyparams=copyparams, clamp_atoms=False)
rank=22 L37:   File "/home/niflheim/madkru/asr/asr/setup/strains.py", line 68, in setup_strains
rank=22 L38:     with chdir(folder):
rank=22 L39:   File "/home/modules/software/Python/3.7.4-GCCcore-8.3.0/lib/python3.7/contextlib.py", line 112, in __enter__
rank=22 L40:     return next(self.gen)
rank=22 L41:   File "/home/niflheim/madkru/asr/asr/core/utils.py", line 71, in chdir
rank=22 L42:     os.chdir(str(folder))
rank=22 L43: FileNotFoundError: [Errno 2] No such file or directory: 'strains-+1.0%-xx'
GPAW CLEANUP (node 22): <class 'FileNotFoundError'> occurred.  Calling MPI_Abort!
rank=26 L00: Traceback (most recent call last):
rank=26 L01:   File "/home/niflheim/madkru/venv_folder/bin/gpaw", line 11, in <module>
rank=26 L02:     load_entry_point('gpaw', 'console_scripts', 'gpaw')()
rank=26 L03:   File "/home/niflheim/madkru/venv_folder/gpaw/gpaw/cli/main.py", line 81, in main
rank=26 L04:     commands, hook, args)
rank=26 L05:   File "/home/niflheim/madkru/venv_folder/ase/ase/cli/main.py", line 102, in main
rank=26 L06:     f(args)
rank=26 L07:   File "/home/niflheim/madkru/venv_folder/gpaw/gpaw/cli/python.py", line 31, in run
rank=26 L08:     runpy.run_module(args.module, run_name='__main__', alter_sys=True)
rank=26 L09:   File "/home/modules/software/Python/3.7.4-GCCcore-8.3.0/lib/python3.7/runpy.py", line 205, in run_module
rank=26 L10:     return _run_module_code(code, init_globals, run_name, mod_spec)
rank=26 L11:   File "/home/modules/software/Python/3.7.4-GCCcore-8.3.0/lib/python3.7/runpy.py", line 96, in _run_module_code
rank=26 L12:     mod_name, mod_spec, pkg_name, script_name)
rank=26 L13:   File "/home/modules/software/Python/3.7.4-GCCcore-8.3.0/lib/python3.7/runpy.py", line 85, in _run_code
rank=26 L14:     exec(code, run_globals)
rank=26 L15:   File "/home/niflheim/madkru/asr/asr/stiffness.py", line 298, in <module>
rank=26 L16:     main.cli()
rank=26 L17:   File "/home/niflheim/madkru/asr/asr/core/command.py", line 326, in cli
rank=26 L18:     prog_name=f'asr run {self.name}', args=args)
rank=26 L19:   File "/home/niflheim/madkru/venv_folder/lib/python3.7/site-packages/click/core.py", line 829, in __call__
rank=26 L20:     return self.main(*args, **kwargs)
rank=26 L21:   File "/home/niflheim/madkru/venv_folder/lib/python3.7/site-packages/click/core.py", line 782, in main
rank=26 L22:     rv = self.invoke(ctx)
rank=26 L23:   File "/home/niflheim/madkru/venv_folder/lib/python3.7/site-packages/click/core.py", line 1066, in invoke
rank=26 L24:     return ctx.invoke(self.callback, **ctx.params)
rank=26 L25:   File "/home/niflheim/madkru/venv_folder/lib/python3.7/site-packages/click/core.py", line 610, in invoke
rank=26 L26:     return callback(*args, **kwargs)
rank=26 L27:   File "/home/niflheim/madkru/asr/asr/core/command.py", line 372, in main
rank=26 L28:     result = self._main(**copy.deepcopy(params)) or {}
rank=26 L29:   File "/home/niflheim/madkru/asr/asr/stiffness.py", line 207, in main
rank=26 L30:     setupstrains(strain_percent=strain_percent)
rank=26 L31:   File "/home/niflheim/madkru/asr/asr/core/command.py", line 334, in __call__
rank=26 L32:     return self.main(*args, **kwargs)
rank=26 L33:   File "/home/niflheim/madkru/asr/asr/core/command.py", line 372, in main
rank=26 L34:     result = self._main(**copy.deepcopy(params)) or {}
rank=26 L35:   File "/home/niflheim/madkru/asr/asr/setup/strains.py", line 110, in main
rank=26 L36:     copyparams=copyparams, clamp_atoms=False)
rank=26 L37:   File "/home/niflheim/madkru/asr/asr/setup/strains.py", line 68, in setup_strains
rank=26 L38:     with chdir(folder):
rank=26 L39:   File "/home/modules/software/Python/3.7.4-GCCcore-8.3.0/lib/python3.7/contextlib.py", line 112, in __enter__
rank=26 L40:     return next(self.gen)
rank=26 L41:   File "/home/niflheim/madkru/asr/asr/core/utils.py", line 71, in chdir
rank=26 L42:     os.chdir(str(folder))
rank=26 L43: FileNotFoundError: [Errno 2] No such file or directory: 'strains-+1.0%-xx'
GPAW CLEANUP (node 26): <class 'FileNotFoundError'> occurred.  Calling MPI_Abort!
rank=28 L00: Traceback (most recent call last):
rank=28 L01:   File "/home/niflheim/madkru/venv_folder/bin/gpaw", line 11, in <module>
rank=28 L02:     load_entry_point('gpaw', 'console_scripts', 'gpaw')()
rank=28 L03:   File "/home/niflheim/madkru/venv_folder/gpaw/gpaw/cli/main.py", line 81, in main
rank=28 L04:     commands, hook, args)
rank=28 L05:   File "/home/niflheim/madkru/venv_folder/ase/ase/cli/main.py", line 102, in main
rank=28 L06:     f(args)
rank=28 L07:   File "/home/niflheim/madkru/venv_folder/gpaw/gpaw/cli/python.py", line 31, in run
rank=28 L08:     runpy.run_module(args.module, run_name='__main__', alter_sys=True)
rank=28 L09:   File "/home/modules/software/Python/3.7.4-GCCcore-8.3.0/lib/python3.7/runpy.py", line 205, in run_module
rank=28 L10:     return _run_module_code(code, init_globals, run_name, mod_spec)
rank=28 L11:   File "/home/modules/software/Python/3.7.4-GCCcore-8.3.0/lib/python3.7/runpy.py", line 96, in _run_module_code
rank=28 L12:     mod_name, mod_spec, pkg_name, script_name)
rank=28 L13:   File "/home/modules/software/Python/3.7.4-GCCcore-8.3.0/lib/python3.7/runpy.py", line 85, in _run_code
rank=28 L14:     exec(code, run_globals)
rank=28 L15:   File "/home/niflheim/madkru/asr/asr/stiffness.py", line 298, in <module>
rank=28 L16:     main.cli()
rank=28 L17:   File "/home/niflheim/madkru/asr/asr/core/command.py", line 326, in cli
rank=28 L18:     prog_name=f'asr run {self.name}', args=args)
rank=28 L19:   File "/home/niflheim/madkru/venv_folder/lib/python3.7/site-packages/click/core.py", line 829, in __call__
rank=28 L20:     return self.main(*args, **kwargs)
rank=28 L21:   File "/home/niflheim/madkru/venv_folder/lib/python3.7/site-packages/click/core.py", line 782, in main
rank=28 L22:     rv = self.invoke(ctx)
rank=28 L23:   File "/home/niflheim/madkru/venv_folder/lib/python3.7/site-packages/click/core.py", line 1066, in invoke
rank=28 L24:     return ctx.invoke(self.callback, **ctx.params)
rank=28 L25:   File "/home/niflheim/madkru/venv_folder/lib/python3.7/site-packages/click/core.py", line 610, in invoke
rank=28 L26:     return callback(*args, **kwargs)
rank=28 L27:   File "/home/niflheim/madkru/asr/asr/core/command.py", line 372, in main
rank=28 L28:     result = self._main(**copy.deepcopy(params)) or {}
rank=28 L29:   File "/home/niflheim/madkru/asr/asr/stiffness.py", line 207, in main
rank=28 L30:     setupstrains(strain_percent=strain_percent)
rank=28 L31:   File "/home/niflheim/madkru/asr/asr/core/command.py", line 334, in __call__
rank=28 L32:     return self.main(*args, **kwargs)
rank=28 L33:   File "/home/niflheim/madkru/asr/asr/core/command.py", line 372, in main
rank=28 L34:     result = self._main(**copy.deepcopy(params)) or {}
rank=28 L35:   File "/home/niflheim/madkru/asr/asr/setup/strains.py", line 110, in main
rank=28 L36:     copyparams=copyparams, clamp_atoms=False)
rank=28 L37:   File "/home/niflheim/madkru/asr/asr/setup/strains.py", line 68, in setup_strains
rank=28 L38:     with chdir(folder):
rank=28 L39:   File "/home/modules/software/Python/3.7.4-GCCcore-8.3.0/lib/python3.7/contextlib.py", line 112, in __enter__
rank=28 L40:     return next(self.gen)
rank=28 L41:   File "/home/niflheim/madkru/asr/asr/core/utils.py", line 71, in chdir
rank=28 L42:     os.chdir(str(folder))
rank=28 L43: FileNotFoundError: [Errno 2] No such file or directory: 'strains-+1.0%-xx'
GPAW CLEANUP (node 28): <class 'FileNotFoundError'> occurred.  Calling MPI_Abort!
rank=17 L00: Traceback (most recent call last):
rank=17 L01:   File "/home/niflheim/madkru/venv_folder/bin/gpaw", line 11, in <module>
rank=17 L02:     load_entry_point('gpaw', 'console_scripts', 'gpaw')()
rank=17 L03:   File "/home/niflheim/madkru/venv_folder/gpaw/gpaw/cli/main.py", line 81, in main
rank=17 L04:     commands, hook, args)
rank=17 L05:   File "/home/niflheim/madkru/venv_folder/ase/ase/cli/main.py", line 102, in main
rank=17 L06:     f(args)
rank=17 L07:   File "/home/niflheim/madkru/venv_folder/gpaw/gpaw/cli/python.py", line 31, in run
rank=17 L08:     runpy.run_module(args.module, run_name='__main__', alter_sys=True)
rank=17 L09:   File "/home/modules/software/Python/3.7.4-GCCcore-8.3.0/lib/python3.7/runpy.py", line 205, in run_module
rank=17 L10:     return _run_module_code(code, init_globals, run_name, mod_spec)
rank=17 L11:   File "/home/modules/software/Python/3.7.4-GCCcore-8.3.0/lib/python3.7/runpy.py", line 96, in _run_module_code
rank=17 L12:     mod_name, mod_spec, pkg_name, script_name)
rank=17 L13:   File "/home/modules/software/Python/3.7.4-GCCcore-8.3.0/lib/python3.7/runpy.py", line 85, in _run_code
rank=17 L14:     exec(code, run_globals)
rank=17 L15:   File "/home/niflheim/madkru/asr/asr/stiffness.py", line 298, in <module>
rank=17 L16:     main.cli()
rank=17 L17:   File "/home/niflheim/madkru/asr/asr/core/command.py", line 326, in cli
rank=17 L18:     prog_name=f'asr run {self.name}', args=args)
rank=17 L19:   File "/home/niflheim/madkru/venv_folder/lib/python3.7/site-packages/click/core.py", line 829, in __call__
rank=17 L20:     return self.main(*args, **kwargs)
rank=17 L21:   File "/home/niflheim/madkru/venv_folder/lib/python3.7/site-packages/click/core.py", line 782, in main
rank=17 L22:     rv = self.invoke(ctx)
rank=17 L23:   File "/home/niflheim/madkru/venv_folder/lib/python3.7/site-packages/click/core.py", line 1066, in invoke
rank=17 L24:     return ctx.invoke(self.callback, **ctx.params)
rank=17 L25:   File "/home/niflheim/madkru/venv_folder/lib/python3.7/site-packages/click/core.py", line 610, in invoke
rank=17 L26:     return callback(*args, **kwargs)
rank=17 L27:   File "/home/niflheim/madkru/asr/asr/core/command.py", line 372, in main
rank=17 L28:     result = self._main(**copy.deepcopy(params)) or {}
rank=17 L29:   File "/home/niflheim/madkru/asr/asr/stiffness.py", line 207, in main
rank=17 L30:     setupstrains(strain_percent=strain_percent)
rank=17 L31:   File "/home/niflheim/madkru/asr/asr/core/command.py", line 334, in __call__
rank=17 L32:     return self.main(*args, **kwargs)
rank=17 L33:   File "/home/niflheim/madkru/asr/asr/core/command.py", line 372, in main
rank=17 L34:     result = self._main(**copy.deepcopy(params)) or {}
rank=17 L35:   File "/home/niflheim/madkru/asr/asr/setup/strains.py", line 110, in main
rank=17 L36:     copyparams=copyparams, clamp_atoms=False)
rank=17 L37:   File "/home/niflheim/madkru/asr/asr/setup/strains.py", line 68, in setup_strains
rank=17 L38:     with chdir(folder):
rank=17 L39:   File "/home/modules/software/Python/3.7.4-GCCcore-8.3.0/lib/python3.7/contextlib.py", line 112, in __enter__
rank=17 L40:     return next(self.gen)
rank=17 L41:   File "/home/niflheim/madkru/asr/asr/core/utils.py", line 71, in chdir
rank=17 L42:     os.chdir(str(folder))
rank=17 L43: FileNotFoundError: [Errno 2] No such file or directory: 'strains-+1.0%-xx'
GPAW CLEANUP (node 17): <class 'FileNotFoundError'> occurred.  Calling MPI_Abort!
--------------------------------------------------------------------------
MPI_ABORT was invoked on rank 24 in communicator MPI_COMM_WORLD
with errorcode 42.

NOTE: invoking MPI_ABORT causes Open MPI to kill all MPI processes.
You may or may not see output from other processes, depending on
exactly when Open MPI kills them.
--------------------------------------------------------------------------
--------------------------------------------------------------------------
An MPI communication peer process has unexpectedly disconnected.  This
usually indicates a failure in the peer process (e.g., a crash or
otherwise exiting without calling MPI_FINALIZE first).

Although this local MPI process will likely now behave unpredictably
(it may even hang or crash), the root cause of this problem is the
failure of the peer -- that is what you need to investigate.  For
example, there may be a core file that you can examine.  More
generally: such peer hangups are frequently caused by application bugs
or other external events.

  Local host: g069
  Local PID:  65518
  Peer host:  g072
--------------------------------------------------------------------------
[g069.nifl.fysik.dtu.dk:65495] 15 more processes have sent help message help-mpi-api.txt / mpi-abort
[g069.nifl.fysik.dtu.dk:65495] Set MCA parameter "orte_base_help_aggregate" to 0 to see all help / error messages
[g069.nifl.fysik.dtu.dk:65495] 15 more processes have sent help message help-mpi-btl-tcp.txt / peer hung up
