Running asr.stiffness(strain_percent=1.0)
Running asr.setup.strains(strain_percent=1.0, kptdensity=6.0, copyparams=True)
Running asr.setup.params(params={'asr.relax': {'calculator': {'kpts': {'size': array([4, 7, 9]), 'gamma': True}, None: None}, 'fixcell': True, 'allow_symmetry_breaking': True, 'fmax': 0.008}})
Waiting for ~1sec on existence of params.json on all ranks
Waiting for ~1sec on existence of params.json on all ranks
Waiting for ~1sec on existence of params.json on all ranks
Waiting for ~1sec on existence of params.json on all ranks
Waiting for ~1sec on existence of params.json on all ranks
Waiting for ~1sec on existence of params.json on all ranks
Waiting for ~1sec on existence of params.json on all ranks
Waiting for ~1sec on existence of params.json on all ranks
Waiting for ~1sec on existence of params.json on all ranks
Waiting for ~1sec on existence of params.json on all ranks
Waiting for ~1sec on existence of params.json on all ranks
Waiting for ~1sec on existence of params.json on all ranks
Waiting for ~1sec on existence of params.json on all ranks
Waiting for ~1sec on existence of params.json on all ranks
Waiting for ~1sec on existence of params.json on all ranks
Waiting for ~1sec on existence of params.json on all ranks
Waiting for ~2sec on existence of params.json on all ranks
Waiting for ~2sec on existence of params.json on all ranks
Waiting for ~2sec on existence of params.json on all ranks
Waiting for ~2sec on existence of params.json on all ranks
Waiting for ~2sec on existence of params.json on all ranks
Waiting for ~2sec on existence of params.json on all ranks
Waiting for ~2sec on existence of params.json on all ranks
Waiting for ~2sec on existence of params.json on all ranks
Waiting for ~2sec on existence of params.json on all ranks
Waiting for ~2sec on existence of params.json on all ranks
Waiting for ~2sec on existence of params.json on all ranks
Waiting for ~2sec on existence of params.json on all ranks
Waiting for ~2sec on existence of params.json on all ranks
Waiting for ~2sec on existence of params.json on all ranks
Waiting for ~2sec on existence of params.json on all ranks
Waiting for ~2sec on existence of params.json on all ranks
Waiting for ~3sec on existence of params.json on all ranks
Waiting for ~3sec on existence of params.json on all ranks
Waiting for ~3sec on existence of params.json on all ranks
Waiting for ~3sec on existence of params.json on all ranks
Waiting for ~3sec on existence of params.json on all ranks
Waiting for ~3sec on existence of params.json on all ranks
Waiting for ~3sec on existence of params.json on all ranks
Waiting for ~3sec on existence of params.json on all ranks
Waiting for ~3sec on existence of params.json on all ranks
Waiting for ~3sec on existence of params.json on all ranks
Waiting for ~3sec on existence of params.json on all ranks
Waiting for ~3sec on existence of params.json on all ranks
Waiting for ~3sec on existence of params.json on all ranks
Waiting for ~3sec on existence of params.json on all ranks
Waiting for ~3sec on existence of params.json on all ranks
Waiting for ~3sec on existence of params.json on all ranks
Waiting for ~4sec on existence of params.json on all ranks
Waiting for ~4sec on existence of params.json on all ranks
Waiting for ~4sec on existence of params.json on all ranks
Waiting for ~4sec on existence of params.json on all ranks
Waiting for ~4sec on existence of params.json on all ranks
Waiting for ~4sec on existence of params.json on all ranks
Waiting for ~4sec on existence of params.json on all ranks
Waiting for ~4sec on existence of params.json on all ranks
Waiting for ~4sec on existence of params.json on all ranks
Waiting for ~4sec on existence of params.json on all ranks
Waiting for ~4sec on existence of params.json on all ranks
Waiting for ~4sec on existence of params.json on all ranks
Waiting for ~4sec on existence of params.json on all ranks
Waiting for ~4sec on existence of params.json on all ranks
Waiting for ~4sec on existence of params.json on all ranks
Waiting for ~4sec on existence of params.json on all ranks
Waiting for ~5sec on existence of params.json on all ranks
Waiting for ~5sec on existence of params.json on all ranks
Waiting for ~5sec on existence of params.json on all ranks
Waiting for ~5sec on existence of params.json on all ranks
Waiting for ~5sec on existence of params.json on all ranks
Waiting for ~5sec on existence of params.json on all ranks
Waiting for ~5sec on existence of params.json on all ranks
Waiting for ~5sec on existence of params.json on all ranks
Waiting for ~5sec on existence of params.json on all ranks
Waiting for ~5sec on existence of params.json on all ranks
Waiting for ~5sec on existence of params.json on all ranks
Waiting for ~5sec on existence of params.json on all ranks
Waiting for ~5sec on existence of params.json on all ranks
Waiting for ~5sec on existence of params.json on all ranks
Waiting for ~5sec on existence of params.json on all ranks
Waiting for ~5sec on existence of params.json on all ranks
Waiting for ~6sec on existence of params.json on all ranks
Waiting for ~6sec on existence of params.json on all ranks
Waiting for ~6sec on existence of params.json on all ranks
Waiting for ~6sec on existence of params.json on all ranks
Waiting for ~6sec on existence of params.json on all ranks
Waiting for ~6sec on existence of params.json on all ranks
Waiting for ~6sec on existence of params.json on all ranks
Waiting for ~6sec on existence of params.json on all ranks
Waiting for ~6sec on existence of params.json on all ranks
Waiting for ~6sec on existence of params.json on all ranks
Waiting for ~6sec on existence of params.json on all ranks
Waiting for ~6sec on existence of params.json on all ranks
Waiting for ~6sec on existence of params.json on all ranks
Waiting for ~6sec on existence of params.json on all ranks
Waiting for ~6sec on existence of params.json on all ranks
Waiting for ~6sec on existence of params.json on all ranks
Waiting for ~7sec on existence of params.json on all ranks
Waiting for ~7sec on existence of params.json on all ranks
Waiting for ~7sec on existence of params.json on all ranks
Waiting for ~7sec on existence of params.json on all ranks
Waiting for ~7sec on existence of params.json on all ranks
Waiting for ~7sec on existence of params.json on all ranks
Waiting for ~7sec on existence of params.json on all ranks
Waiting for ~7sec on existence of params.json on all ranks
Waiting for ~7sec on existence of params.json on all ranks
Waiting for ~7sec on existence of params.json on all ranks
Waiting for ~7sec on existence of params.json on all ranks
Waiting for ~7sec on existence of params.json on all ranks
Waiting for ~7sec on existence of params.json on all ranks
Waiting for ~7sec on existence of params.json on all ranks
Waiting for ~7sec on existence of params.json on all ranks
Waiting for ~7sec on existence of params.json on all ranks
Waiting for ~8sec on existence of params.json on all ranks
Waiting for ~8sec on existence of params.json on all ranks
Waiting for ~8sec on existence of params.json on all ranks
Waiting for ~8sec on existence of params.json on all ranks
Waiting for ~8sec on existence of params.json on all ranks
Waiting for ~8sec on existence of params.json on all ranks
Waiting for ~8sec on existence of params.json on all ranks
Waiting for ~8sec on existence of params.json on all ranks
Waiting for ~8sec on existence of params.json on all ranks
Waiting for ~8sec on existence of params.json on all ranks
Waiting for ~8sec on existence of params.json on all ranks
Waiting for ~8sec on existence of params.json on all ranks
Waiting for ~8sec on existence of params.json on all ranks
Waiting for ~8sec on existence of params.json on all ranks
Waiting for ~8sec on existence of params.json on all ranks
Waiting for ~8sec on existence of params.json on all ranks
Waiting for ~9sec on existence of params.json on all ranks
Waiting for ~9sec on existence of params.json on all ranks
Waiting for ~9sec on existence of params.json on all ranks
Waiting for ~9sec on existence of params.json on all ranks
Waiting for ~9sec on existence of params.json on all ranks
Waiting for ~9sec on existence of params.json on all ranks
Waiting for ~9sec on existence of params.json on all ranks
Waiting for ~9sec on existence of params.json on all ranks
Waiting for ~9sec on existence of params.json on all ranks
Waiting for ~9sec on existence of params.json on all ranks
Waiting for ~9sec on existence of params.json on all ranks
Waiting for ~9sec on existence of params.json on all ranks
Waiting for ~9sec on existence of params.json on all ranks
Waiting for ~9sec on existence of params.json on all ranks
Waiting for ~9sec on existence of params.json on all ranks
Waiting for ~9sec on existence of params.json on all ranks
Waiting for ~10sec on existence of params.json on all ranks
Waiting for ~10sec on existence of params.json on all ranks
Waiting for ~10sec on existence of params.json on all ranks
Waiting for ~10sec on existence of params.json on all ranks
Waiting for ~10sec on existence of params.json on all ranks
Waiting for ~10sec on existence of params.json on all ranks
Waiting for ~10sec on existence of params.json on all ranks
Waiting for ~10sec on existence of params.json on all ranks
Waiting for ~10sec on existence of params.json on all ranks
Waiting for ~10sec on existence of params.json on all ranks
Waiting for ~10sec on existence of params.json on all ranks
Waiting for ~10sec on existence of params.json on all ranks
Waiting for ~10sec on existence of params.json on all ranks
Waiting for ~10sec on existence of params.json on all ranks
Waiting for ~10sec on existence of params.json on all ranks
Waiting for ~10sec on existence of params.json on all ranks
Waiting for ~11sec on existence of params.json on all ranks
Waiting for ~11sec on existence of params.json on all ranks
Waiting for ~11sec on existence of params.json on all ranks
Waiting for ~11sec on existence of params.json on all ranks
Waiting for ~11sec on existence of params.json on all ranks
Waiting for ~11sec on existence of params.json on all ranks
Waiting for ~11sec on existence of params.json on all ranks
Waiting for ~11sec on existence of params.json on all ranks
Waiting for ~11sec on existence of params.json on all ranks
Waiting for ~11sec on existence of params.json on all ranks
Waiting for ~11sec on existence of params.json on all ranks
Waiting for ~11sec on existence of params.json on all ranks
Waiting for ~11sec on existence of params.json on all ranks
Waiting for ~11sec on existence of params.json on all ranks
Waiting for ~11sec on existence of params.json on all ranks
Waiting for ~11sec on existence of params.json on all ranks
Waiting for ~12sec on existence of params.json on all ranks
Waiting for ~12sec on existence of params.json on all ranks
Waiting for ~12sec on existence of params.json on all ranks
Waiting for ~12sec on existence of params.json on all ranks
Waiting for ~12sec on existence of params.json on all ranks
Waiting for ~12sec on existence of params.json on all ranks
Waiting for ~12sec on existence of params.json on all ranks
Waiting for ~12sec on existence of params.json on all ranks
Waiting for ~12sec on existence of params.json on all ranks
Waiting for ~12sec on existence of params.json on all ranks
Waiting for ~12sec on existence of params.json on all ranks
Waiting for ~12sec on existence of params.json on all ranks
Waiting for ~12sec on existence of params.json on all ranks
Waiting for ~12sec on existence of params.json on all ranks
Waiting for ~12sec on existence of params.json on all ranks
Waiting for ~12sec on existence of params.json on all ranks
Waiting for ~13sec on existence of params.json on all ranks
Waiting for ~13sec on existence of params.json on all ranks
Waiting for ~13sec on existence of params.json on all ranks
Waiting for ~13sec on existence of params.json on all ranks
Waiting for ~13sec on existence of params.json on all ranks
Waiting for ~13sec on existence of params.json on all ranks
Waiting for ~13sec on existence of params.json on all ranks
Waiting for ~13sec on existence of params.json on all ranks
Waiting for ~13sec on existence of params.json on all ranks
Waiting for ~13sec on existence of params.json on all ranks
Waiting for ~13sec on existence of params.json on all ranks
Waiting for ~13sec on existence of params.json on all ranks
Waiting for ~13sec on existence of params.json on all ranks
Waiting for ~13sec on existence of params.json on all ranks
Waiting for ~13sec on existence of params.json on all ranks
Waiting for ~13sec on existence of params.json on all ranks
Waiting for ~14sec on existence of params.json on all ranks
Waiting for ~14sec on existence of params.json on all ranks
Waiting for ~14sec on existence of params.json on all ranks
Waiting for ~14sec on existence of params.json on all ranks
Waiting for ~14sec on existence of params.json on all ranks
Waiting for ~14sec on existence of params.json on all ranks
Waiting for ~14sec on existence of params.json on all ranks
Waiting for ~14sec on existence of params.json on all ranks
Waiting for ~14sec on existence of params.json on all ranks
Waiting for ~14sec on existence of params.json on all ranks
Waiting for ~14sec on existence of params.json on all ranks
Waiting for ~14sec on existence of params.json on all ranks
Waiting for ~14sec on existence of params.json on all ranks
Waiting for ~14sec on existence of params.json on all ranks
Waiting for ~14sec on existence of params.json on all ranks
Waiting for ~14sec on existence of params.json on all ranks
Waiting for ~15sec on existence of params.json on all ranks
Waiting for ~15sec on existence of params.json on all ranks
Waiting for ~15sec on existence of params.json on all ranks
Waiting for ~15sec on existence of params.json on all ranks
Waiting for ~15sec on existence of params.json on all ranks
Waiting for ~15sec on existence of params.json on all ranks
Waiting for ~15sec on existence of params.json on all ranks
Waiting for ~15sec on existence of params.json on all ranks
Waiting for ~15sec on existence of params.json on all ranks
Waiting for ~15sec on existence of params.json on all ranks
Waiting for ~15sec on existence of params.json on all ranks
Waiting for ~15sec on existence of params.json on all ranks
Waiting for ~15sec on existence of params.json on all ranks
Waiting for ~15sec on existence of params.json on all ranks
Waiting for ~15sec on existence of params.json on all ranks
Waiting for ~15sec on existence of params.json on all ranks
Waiting for ~16sec on existence of params.json on all ranks
Waiting for ~16sec on existence of params.json on all ranks
Waiting for ~16sec on existence of params.json on all ranks
Waiting for ~16sec on existence of params.json on all ranks
Waiting for ~16sec on existence of params.json on all ranks
Waiting for ~16sec on existence of params.json on all ranks
Waiting for ~16sec on existence of params.json on all ranks
Waiting for ~16sec on existence of params.json on all ranks
Waiting for ~16sec on existence of params.json on all ranks
Waiting for ~16sec on existence of params.json on all ranks
Waiting for ~16sec on existence of params.json on all ranks
Waiting for ~16sec on existence of params.json on all ranks
Waiting for ~16sec on existence of params.json on all ranks
Waiting for ~16sec on existence of params.json on all ranks
Waiting for ~16sec on existence of params.json on all ranks
Waiting for ~16sec on existence of params.json on all ranks
Waiting for ~17sec on existence of params.json on all ranks
Waiting for ~17sec on existence of params.json on all ranks
Waiting for ~17sec on existence of params.json on all ranks
Waiting for ~17sec on existence of params.json on all ranks
Waiting for ~17sec on existence of params.json on all ranks
Waiting for ~17sec on existence of params.json on all ranks
Waiting for ~17sec on existence of params.json on all ranks
Waiting for ~17sec on existence of params.json on all ranks
Waiting for ~17sec on existence of params.json on all ranks
Waiting for ~17sec on existence of params.json on all ranks
Waiting for ~17sec on existence of params.json on all ranks
Waiting for ~17sec on existence of params.json on all ranks
Waiting for ~17sec on existence of params.json on all ranks
Waiting for ~17sec on existence of params.json on all ranks
Waiting for ~17sec on existence of params.json on all ranks
Waiting for ~17sec on existence of params.json on all ranks
Waiting for ~18sec on existence of params.json on all ranks
Waiting for ~18sec on existence of params.json on all ranks
Waiting for ~18sec on existence of params.json on all ranks
Waiting for ~18sec on existence of params.json on all ranks
Waiting for ~18sec on existence of params.json on all ranks
Waiting for ~18sec on existence of params.json on all ranks
Waiting for ~18sec on existence of params.json on all ranks
Waiting for ~18sec on existence of params.json on all ranks
Waiting for ~18sec on existence of params.json on all ranks
Waiting for ~18sec on existence of params.json on all ranks
Waiting for ~18sec on existence of params.json on all ranks
Waiting for ~18sec on existence of params.json on all ranks
Waiting for ~18sec on existence of params.json on all ranks
Waiting for ~18sec on existence of params.json on all ranks
Waiting for ~18sec on existence of params.json on all ranks
Waiting for ~18sec on existence of params.json on all ranks
Waiting for ~19sec on existence of params.json on all ranks
Waiting for ~19sec on existence of params.json on all ranks
Waiting for ~19sec on existence of params.json on all ranks
Waiting for ~19sec on existence of params.json on all ranks
Waiting for ~19sec on existence of params.json on all ranks
Waiting for ~19sec on existence of params.json on all ranks
Waiting for ~19sec on existence of params.json on all ranks
Waiting for ~19sec on existence of params.json on all ranks
Waiting for ~19sec on existence of params.json on all ranks
Waiting for ~19sec on existence of params.json on all ranks
Waiting for ~19sec on existence of params.json on all ranks
Waiting for ~19sec on existence of params.json on all ranks
Waiting for ~19sec on existence of params.json on all ranks
Waiting for ~19sec on existence of params.json on all ranks
Waiting for ~19sec on existence of params.json on all ranks
Waiting for ~19sec on existence of params.json on all ranks
Waiting for ~20sec on existence of params.json on all ranks
Waiting for ~20sec on existence of params.json on all ranks
Waiting for ~20sec on existence of params.json on all ranks
Waiting for ~20sec on existence of params.json on all ranks
Waiting for ~20sec on existence of params.json on all ranks
Waiting for ~20sec on existence of params.json on all ranks
Waiting for ~20sec on existence of params.json on all ranks
Waiting for ~20sec on existence of params.json on all ranks
Waiting for ~20sec on existence of params.json on all ranks
Waiting for ~20sec on existence of params.json on all ranks
Waiting for ~20sec on existence of params.json on all ranks
Waiting for ~20sec on existence of params.json on all ranks
Waiting for ~20sec on existence of params.json on all ranks
Waiting for ~20sec on existence of params.json on all ranks
Waiting for ~20sec on existence of params.json on all ranks
Waiting for ~20sec on existence of params.json on all ranks
Waiting for ~21sec on existence of params.json on all ranks
Waiting for ~21sec on existence of params.json on all ranks
Waiting for ~21sec on existence of params.json on all ranks
Waiting for ~21sec on existence of params.json on all ranks
Waiting for ~21sec on existence of params.json on all ranks
Waiting for ~21sec on existence of params.json on all ranks
Waiting for ~21sec on existence of params.json on all ranks
Waiting for ~21sec on existence of params.json on all ranks
Waiting for ~21sec on existence of params.json on all ranks
Waiting for ~21sec on existence of params.json on all ranks
Waiting for ~21sec on existence of params.json on all ranks
Waiting for ~21sec on existence of params.json on all ranks
Waiting for ~21sec on existence of params.json on all ranks
Waiting for ~21sec on existence of params.json on all ranks
Waiting for ~21sec on existence of params.json on all ranks
Waiting for ~21sec on existence of params.json on all ranks
Waiting for ~22sec on existence of params.json on all ranks
Waiting for ~22sec on existence of params.json on all ranks
Waiting for ~22sec on existence of params.json on all ranks
Waiting for ~22sec on existence of params.json on all ranks
Waiting for ~22sec on existence of params.json on all ranks
Waiting for ~22sec on existence of params.json on all ranks
Waiting for ~22sec on existence of params.json on all ranks
Waiting for ~22sec on existence of params.json on all ranks
Waiting for ~22sec on existence of params.json on all ranks
Waiting for ~22sec on existence of params.json on all ranks
Waiting for ~22sec on existence of params.json on all ranks
Waiting for ~22sec on existence of params.json on all ranks
Waiting for ~22sec on existence of params.json on all ranks
Waiting for ~22sec on existence of params.json on all ranks
Waiting for ~22sec on existence of params.json on all ranks
Waiting for ~22sec on existence of params.json on all ranks
Waiting for ~23sec on existence of params.json on all ranks
Waiting for ~23sec on existence of params.json on all ranks
Waiting for ~23sec on existence of params.json on all ranks
Waiting for ~23sec on existence of params.json on all ranks
Waiting for ~23sec on existence of params.json on all ranks
Waiting for ~23sec on existence of params.json on all ranks
Waiting for ~23sec on existence of params.json on all ranks
Waiting for ~23sec on existence of params.json on all ranks
Waiting for ~23sec on existence of params.json on all ranks
Waiting for ~23sec on existence of params.json on all ranks
Waiting for ~23sec on existence of params.json on all ranks
Waiting for ~23sec on existence of params.json on all ranks
Waiting for ~23sec on existence of params.json on all ranks
Waiting for ~23sec on existence of params.json on all ranks
Waiting for ~23sec on existence of params.json on all ranks
Waiting for ~23sec on existence of params.json on all ranks
Waiting for ~24sec on existence of params.json on all ranks
Waiting for ~24sec on existence of params.json on all ranks
Waiting for ~24sec on existence of params.json on all ranks
Waiting for ~24sec on existence of params.json on all ranks
Waiting for ~24sec on existence of params.json on all ranks
Waiting for ~24sec on existence of params.json on all ranks
Waiting for ~24sec on existence of params.json on all ranks
Waiting for ~24sec on existence of params.json on all ranks
Waiting for ~24sec on existence of params.json on all ranks
Waiting for ~24sec on existence of params.json on all ranks
Waiting for ~24sec on existence of params.json on all ranks
Waiting for ~24sec on existence of params.json on all ranks
Waiting for ~24sec on existence of params.json on all ranks
Waiting for ~24sec on existence of params.json on all ranks
Waiting for ~24sec on existence of params.json on all ranks
Waiting for ~24sec on existence of params.json on all ranks
Waiting for ~25sec on existence of params.json on all ranks
Waiting for ~25sec on existence of params.json on all ranks
Waiting for ~25sec on existence of params.json on all ranks
Waiting for ~25sec on existence of params.json on all ranks
Waiting for ~25sec on existence of params.json on all ranks
Waiting for ~25sec on existence of params.json on all ranks
Waiting for ~25sec on existence of params.json on all ranks
Waiting for ~25sec on existence of params.json on all ranks
Waiting for ~25sec on existence of params.json on all ranks
Waiting for ~25sec on existence of params.json on all ranks
Waiting for ~25sec on existence of params.json on all ranks
Waiting for ~25sec on existence of params.json on all ranks
Waiting for ~25sec on existence of params.json on all ranks
Waiting for ~25sec on existence of params.json on all ranks
Waiting for ~25sec on existence of params.json on all ranks
Waiting for ~25sec on existence of params.json on all ranks
Waiting for ~26sec on existence of params.json on all ranks
Waiting for ~26sec on existence of params.json on all ranks
Waiting for ~26sec on existence of params.json on all ranks
Waiting for ~26sec on existence of params.json on all ranks
Waiting for ~26sec on existence of params.json on all ranks
Waiting for ~26sec on existence of params.json on all ranks
Waiting for ~26sec on existence of params.json on all ranks
Waiting for ~26sec on existence of params.json on all ranks
Waiting for ~26sec on existence of params.json on all ranks
Waiting for ~26sec on existence of params.json on all ranks
Waiting for ~26sec on existence of params.json on all ranks
Waiting for ~26sec on existence of params.json on all ranks
Waiting for ~26sec on existence of params.json on all ranks
Waiting for ~26sec on existence of params.json on all ranks
Waiting for ~26sec on existence of params.json on all ranks
Waiting for ~26sec on existence of params.json on all ranks
Waiting for ~27sec on existence of params.json on all ranks
Waiting for ~27sec on existence of params.json on all ranks
Waiting for ~27sec on existence of params.json on all ranks
Waiting for ~27sec on existence of params.json on all ranks
Waiting for ~27sec on existence of params.json on all ranks
Waiting for ~27sec on existence of params.json on all ranks
Waiting for ~27sec on existence of params.json on all ranks
Waiting for ~27sec on existence of params.json on all ranks
Waiting for ~27sec on existence of params.json on all ranks
Waiting for ~27sec on existence of params.json on all ranks
Waiting for ~27sec on existence of params.json on all ranks
Waiting for ~27sec on existence of params.json on all ranks
Waiting for ~27sec on existence of params.json on all ranks
Waiting for ~27sec on existence of params.json on all ranks
Waiting for ~27sec on existence of params.json on all ranks
Waiting for ~27sec on existence of params.json on all ranks
Waiting for ~28sec on existence of params.json on all ranks
Waiting for ~28sec on existence of params.json on all ranks
Waiting for ~28sec on existence of params.json on all ranks
Waiting for ~28sec on existence of params.json on all ranks
Waiting for ~28sec on existence of params.json on all ranks
Waiting for ~28sec on existence of params.json on all ranks
Waiting for ~28sec on existence of params.json on all ranks
Waiting for ~28sec on existence of params.json on all ranks
Waiting for ~28sec on existence of params.json on all ranks
Waiting for ~28sec on existence of params.json on all ranks
Waiting for ~28sec on existence of params.json on all ranks
Waiting for ~28sec on existence of params.json on all ranks
Waiting for ~28sec on existence of params.json on all ranks
Waiting for ~28sec on existence of params.json on all ranks
Waiting for ~28sec on existence of params.json on all ranks
Waiting for ~28sec on existence of params.json on all ranks
Waiting for ~1sec on existence of results-asr.setup.params.json on all ranks
Waiting for ~1sec on existence of results-asr.setup.params.json on all ranks
Waiting for ~1sec on existence of results-asr.setup.params.json on all ranks
Waiting for ~1sec on existence of results-asr.setup.params.json on all ranks
Waiting for ~1sec on existence of results-asr.setup.params.json on all ranks
Waiting for ~1sec on existence of results-asr.setup.params.json on all ranks
Waiting for ~1sec on existence of results-asr.setup.params.json on all ranks
Waiting for ~1sec on existence of results-asr.setup.params.json on all ranks
Waiting for ~1sec on existence of results-asr.setup.params.json on all ranks
Waiting for ~1sec on existence of results-asr.setup.params.json on all ranks
Waiting for ~1sec on existence of results-asr.setup.params.json on all ranks
Waiting for ~1sec on existence of results-asr.setup.params.json on all ranks
Waiting for ~1sec on existence of results-asr.setup.params.json on all ranks
Waiting for ~1sec on existence of results-asr.setup.params.json on all ranks
Waiting for ~1sec on existence of results-asr.setup.params.json on all ranks
Waiting for ~1sec on existence of results-asr.setup.params.json on all ranks
Waiting for ~2sec on existence of results-asr.setup.params.json on all ranks
Waiting for ~2sec on existence of results-asr.setup.params.json on all ranks
Waiting for ~2sec on existence of results-asr.setup.params.json on all ranks
Waiting for ~2sec on existence of results-asr.setup.params.json on all ranks
Waiting for ~2sec on existence of results-asr.setup.params.json on all ranks
Waiting for ~2sec on existence of results-asr.setup.params.json on all ranks
Waiting for ~2sec on existence of results-asr.setup.params.json on all ranks
Waiting for ~2sec on existence of results-asr.setup.params.json on all ranks
Waiting for ~2sec on existence of results-asr.setup.params.json on all ranks
Waiting for ~2sec on existence of results-asr.setup.params.json on all ranks
Waiting for ~2sec on existence of results-asr.setup.params.json on all ranks
Waiting for ~2sec on existence of results-asr.setup.params.json on all ranks
Waiting for ~2sec on existence of results-asr.setup.params.json on all ranks
Waiting for ~2sec on existence of results-asr.setup.params.json on all ranks
Waiting for ~2sec on existence of results-asr.setup.params.json on all ranks
Waiting for ~2sec on existence of results-asr.setup.params.json on all ranks
Waiting for ~3sec on existence of results-asr.setup.params.json on all ranks
Waiting for ~3sec on existence of results-asr.setup.params.json on all ranks
Waiting for ~3sec on existence of results-asr.setup.params.json on all ranks
Waiting for ~3sec on existence of results-asr.setup.params.json on all ranks
Waiting for ~3sec on existence of results-asr.setup.params.json on all ranks
Waiting for ~3sec on existence of results-asr.setup.params.json on all ranks
Waiting for ~3sec on existence of results-asr.setup.params.json on all ranks
Waiting for ~3sec on existence of results-asr.setup.params.json on all ranks
Waiting for ~3sec on existence of results-asr.setup.params.json on all ranks
Waiting for ~3sec on existence of results-asr.setup.params.json on all ranks
Waiting for ~3sec on existence of results-asr.setup.params.json on all ranks
Waiting for ~3sec on existence of results-asr.setup.params.json on all ranks
Waiting for ~3sec on existence of results-asr.setup.params.json on all ranks
Waiting for ~3sec on existence of results-asr.setup.params.json on all ranks
Waiting for ~3sec on existence of results-asr.setup.params.json on all ranks
Waiting for ~3sec on existence of results-asr.setup.params.json on all ranks
Waiting for ~4sec on existence of results-asr.setup.params.json on all ranks
Waiting for ~4sec on existence of results-asr.setup.params.json on all ranks
Waiting for ~4sec on existence of results-asr.setup.params.json on all ranks
Waiting for ~4sec on existence of results-asr.setup.params.json on all ranks
Waiting for ~4sec on existence of results-asr.setup.params.json on all ranks
Waiting for ~4sec on existence of results-asr.setup.params.json on all ranks
Waiting for ~4sec on existence of results-asr.setup.params.json on all ranks
Waiting for ~4sec on existence of results-asr.setup.params.json on all ranks
Waiting for ~4sec on existence of results-asr.setup.params.json on all ranks
Waiting for ~4sec on existence of results-asr.setup.params.json on all ranks
Waiting for ~4sec on existence of results-asr.setup.params.json on all ranks
Waiting for ~4sec on existence of results-asr.setup.params.json on all ranks
Waiting for ~4sec on existence of results-asr.setup.params.json on all ranks
Waiting for ~4sec on existence of results-asr.setup.params.json on all ranks
Waiting for ~4sec on existence of results-asr.setup.params.json on all ranks
Waiting for ~4sec on existence of results-asr.setup.params.json on all ranks
Waiting for ~5sec on existence of results-asr.setup.params.json on all ranks
Waiting for ~5sec on existence of results-asr.setup.params.json on all ranks
Waiting for ~5sec on existence of results-asr.setup.params.json on all ranks
Waiting for ~5sec on existence of results-asr.setup.params.json on all ranks
Waiting for ~5sec on existence of results-asr.setup.params.json on all ranks
Waiting for ~5sec on existence of results-asr.setup.params.json on all ranks
Waiting for ~5sec on existence of results-asr.setup.params.json on all ranks
Waiting for ~5sec on existence of results-asr.setup.params.json on all ranks
Waiting for ~5sec on existence of results-asr.setup.params.json on all ranks
Waiting for ~5sec on existence of results-asr.setup.params.json on all ranks
Waiting for ~5sec on existence of results-asr.setup.params.json on all ranks
Waiting for ~5sec on existence of results-asr.setup.params.json on all ranks
Waiting for ~5sec on existence of results-asr.setup.params.json on all ranks
Waiting for ~5sec on existence of results-asr.setup.params.json on all ranks
Waiting for ~5sec on existence of results-asr.setup.params.json on all ranks
Waiting for ~5sec on existence of results-asr.setup.params.json on all ranks
Waiting for ~6sec on existence of results-asr.setup.params.json on all ranks
Waiting for ~6sec on existence of results-asr.setup.params.json on all ranks
Waiting for ~6sec on existence of results-asr.setup.params.json on all ranks
Waiting for ~6sec on existence of results-asr.setup.params.json on all ranks
Waiting for ~6sec on existence of results-asr.setup.params.json on all ranks
Waiting for ~6sec on existence of results-asr.setup.params.json on all ranks
Waiting for ~6sec on existence of results-asr.setup.params.json on all ranks
Waiting for ~6sec on existence of results-asr.setup.params.json on all ranks
Waiting for ~6sec on existence of results-asr.setup.params.json on all ranks
Waiting for ~6sec on existence of results-asr.setup.params.json on all ranks
Waiting for ~6sec on existence of results-asr.setup.params.json on all ranks
Waiting for ~6sec on existence of results-asr.setup.params.json on all ranks
Waiting for ~6sec on existence of results-asr.setup.params.json on all ranks
Waiting for ~6sec on existence of results-asr.setup.params.json on all ranks
Waiting for ~6sec on existence of results-asr.setup.params.json on all ranks
Waiting for ~6sec on existence of results-asr.setup.params.json on all ranks
Waiting for ~7sec on existence of results-asr.setup.params.json on all ranks
Waiting for ~7sec on existence of results-asr.setup.params.json on all ranks
Waiting for ~7sec on existence of results-asr.setup.params.json on all ranks
Waiting for ~7sec on existence of results-asr.setup.params.json on all ranks
Waiting for ~7sec on existence of results-asr.setup.params.json on all ranks
Waiting for ~7sec on existence of results-asr.setup.params.json on all ranks
Waiting for ~7sec on existence of results-asr.setup.params.json on all ranks
Waiting for ~7sec on existence of results-asr.setup.params.json on all ranks
Waiting for ~7sec on existence of results-asr.setup.params.json on all ranks
Waiting for ~7sec on existence of results-asr.setup.params.json on all ranks
Waiting for ~7sec on existence of results-asr.setup.params.json on all ranks
Waiting for ~7sec on existence of results-asr.setup.params.json on all ranks
Waiting for ~7sec on existence of results-asr.setup.params.json on all ranks
Waiting for ~7sec on existence of results-asr.setup.params.json on all ranks
Waiting for ~7sec on existence of results-asr.setup.params.json on all ranks
Waiting for ~7sec on existence of results-asr.setup.params.json on all ranks
Waiting for ~8sec on existence of results-asr.setup.params.json on all ranks
Waiting for ~8sec on existence of results-asr.setup.params.json on all ranks
Waiting for ~8sec on existence of results-asr.setup.params.json on all ranks
Waiting for ~8sec on existence of results-asr.setup.params.json on all ranks
Waiting for ~8sec on existence of results-asr.setup.params.json on all ranks
Waiting for ~8sec on existence of results-asr.setup.params.json on all ranks
Waiting for ~8sec on existence of results-asr.setup.params.json on all ranks
Waiting for ~8sec on existence of results-asr.setup.params.json on all ranks
Waiting for ~8sec on existence of results-asr.setup.params.json on all ranks
Waiting for ~8sec on existence of results-asr.setup.params.json on all ranks
Waiting for ~8sec on existence of results-asr.setup.params.json on all ranks
Waiting for ~8sec on existence of results-asr.setup.params.json on all ranks
Waiting for ~8sec on existence of results-asr.setup.params.json on all ranks
Waiting for ~8sec on existence of results-asr.setup.params.json on all ranks
Waiting for ~8sec on existence of results-asr.setup.params.json on all ranks
Waiting for ~8sec on existence of results-asr.setup.params.json on all ranks
Waiting for ~9sec on existence of results-asr.setup.params.json on all ranks
Waiting for ~9sec on existence of results-asr.setup.params.json on all ranks
Waiting for ~9sec on existence of results-asr.setup.params.json on all ranks
Waiting for ~9sec on existence of results-asr.setup.params.json on all ranks
Waiting for ~9sec on existence of results-asr.setup.params.json on all ranks
Waiting for ~9sec on existence of results-asr.setup.params.json on all ranks
Waiting for ~9sec on existence of results-asr.setup.params.json on all ranks
Waiting for ~9sec on existence of results-asr.setup.params.json on all ranks
Waiting for ~9sec on existence of results-asr.setup.params.json on all ranks
Waiting for ~9sec on existence of results-asr.setup.params.json on all ranks
Waiting for ~9sec on existence of results-asr.setup.params.json on all ranks
Waiting for ~9sec on existence of results-asr.setup.params.json on all ranks
Waiting for ~9sec on existence of results-asr.setup.params.json on all ranks
Waiting for ~9sec on existence of results-asr.setup.params.json on all ranks
Waiting for ~9sec on existence of results-asr.setup.params.json on all ranks
Waiting for ~9sec on existence of results-asr.setup.params.json on all ranks
Waiting for ~10sec on existence of results-asr.setup.params.json on all ranks
Waiting for ~10sec on existence of results-asr.setup.params.json on all ranks
Waiting for ~10sec on existence of results-asr.setup.params.json on all ranks
Waiting for ~10sec on existence of results-asr.setup.params.json on all ranks
Waiting for ~10sec on existence of results-asr.setup.params.json on all ranks
Waiting for ~10sec on existence of results-asr.setup.params.json on all ranks
Waiting for ~10sec on existence of results-asr.setup.params.json on all ranks
Waiting for ~10sec on existence of results-asr.setup.params.json on all ranks
Waiting for ~10sec on existence of results-asr.setup.params.json on all ranks
Waiting for ~10sec on existence of results-asr.setup.params.json on all ranks
Waiting for ~10sec on existence of results-asr.setup.params.json on all ranks
Waiting for ~10sec on existence of results-asr.setup.params.json on all ranks
Waiting for ~10sec on existence of results-asr.setup.params.json on all ranks
Waiting for ~10sec on existence of results-asr.setup.params.json on all ranks
Waiting for ~10sec on existence of results-asr.setup.params.json on all ranks
Waiting for ~10sec on existence of results-asr.setup.params.json on all ranks
Waiting for ~11sec on existence of results-asr.setup.params.json on all ranks
Waiting for ~11sec on existence of results-asr.setup.params.json on all ranks
Waiting for ~11sec on existence of results-asr.setup.params.json on all ranks
Waiting for ~11sec on existence of results-asr.setup.params.json on all ranks
Waiting for ~11sec on existence of results-asr.setup.params.json on all ranks
Waiting for ~11sec on existence of results-asr.setup.params.json on all ranks
Waiting for ~11sec on existence of results-asr.setup.params.json on all ranks
Waiting for ~11sec on existence of results-asr.setup.params.json on all ranks
Waiting for ~11sec on existence of results-asr.setup.params.json on all ranks
Waiting for ~11sec on existence of results-asr.setup.params.json on all ranks
Waiting for ~11sec on existence of results-asr.setup.params.json on all ranks
Waiting for ~11sec on existence of results-asr.setup.params.json on all ranks
Waiting for ~11sec on existence of results-asr.setup.params.json on all ranks
Waiting for ~11sec on existence of results-asr.setup.params.json on all ranks
Waiting for ~11sec on existence of results-asr.setup.params.json on all ranks
Waiting for ~11sec on existence of results-asr.setup.params.json on all ranks
Waiting for ~12sec on existence of results-asr.setup.params.json on all ranks
Waiting for ~12sec on existence of results-asr.setup.params.json on all ranks
Waiting for ~12sec on existence of results-asr.setup.params.json on all ranks
Waiting for ~12sec on existence of results-asr.setup.params.json on all ranks
Waiting for ~12sec on existence of results-asr.setup.params.json on all ranks
Waiting for ~12sec on existence of results-asr.setup.params.json on all ranks
Waiting for ~12sec on existence of results-asr.setup.params.json on all ranks
Waiting for ~12sec on existence of results-asr.setup.params.json on all ranks
Waiting for ~12sec on existence of results-asr.setup.params.json on all ranks
Waiting for ~12sec on existence of results-asr.setup.params.json on all ranks
Waiting for ~12sec on existence of results-asr.setup.params.json on all ranks
Waiting for ~12sec on existence of results-asr.setup.params.json on all ranks
Waiting for ~12sec on existence of results-asr.setup.params.json on all ranks
Waiting for ~12sec on existence of results-asr.setup.params.json on all ranks
Waiting for ~12sec on existence of results-asr.setup.params.json on all ranks
Waiting for ~12sec on existence of results-asr.setup.params.json on all ranks
Waiting for ~13sec on existence of results-asr.setup.params.json on all ranks
Waiting for ~13sec on existence of results-asr.setup.params.json on all ranks
Waiting for ~13sec on existence of results-asr.setup.params.json on all ranks
Waiting for ~13sec on existence of results-asr.setup.params.json on all ranks
Waiting for ~13sec on existence of results-asr.setup.params.json on all ranks
Waiting for ~13sec on existence of results-asr.setup.params.json on all ranks
Waiting for ~13sec on existence of results-asr.setup.params.json on all ranks
Waiting for ~13sec on existence of results-asr.setup.params.json on all ranks
Waiting for ~13sec on existence of results-asr.setup.params.json on all ranks
Waiting for ~13sec on existence of results-asr.setup.params.json on all ranks
Waiting for ~13sec on existence of results-asr.setup.params.json on all ranks
Waiting for ~13sec on existence of results-asr.setup.params.json on all ranks
Waiting for ~13sec on existence of results-asr.setup.params.json on all ranks
Waiting for ~13sec on existence of results-asr.setup.params.json on all ranks
Waiting for ~13sec on existence of results-asr.setup.params.json on all ranks
Waiting for ~13sec on existence of results-asr.setup.params.json on all ranks
Waiting for ~14sec on existence of results-asr.setup.params.json on all ranks
Waiting for ~14sec on existence of results-asr.setup.params.json on all ranks
Waiting for ~14sec on existence of results-asr.setup.params.json on all ranks
Waiting for ~14sec on existence of results-asr.setup.params.json on all ranks
Waiting for ~14sec on existence of results-asr.setup.params.json on all ranks
Waiting for ~14sec on existence of results-asr.setup.params.json on all ranks
Waiting for ~14sec on existence of results-asr.setup.params.json on all ranks
Waiting for ~14sec on existence of results-asr.setup.params.json on all ranks
Waiting for ~14sec on existence of results-asr.setup.params.json on all ranks
Waiting for ~14sec on existence of results-asr.setup.params.json on all ranks
Waiting for ~14sec on existence of results-asr.setup.params.json on all ranks
Waiting for ~14sec on existence of results-asr.setup.params.json on all ranks
Waiting for ~14sec on existence of results-asr.setup.params.json on all ranks
Waiting for ~14sec on existence of results-asr.setup.params.json on all ranks
Waiting for ~14sec on existence of results-asr.setup.params.json on all ranks
Waiting for ~14sec on existence of results-asr.setup.params.json on all ranks
Waiting for ~15sec on existence of results-asr.setup.params.json on all ranks
Waiting for ~15sec on existence of results-asr.setup.params.json on all ranks
Waiting for ~15sec on existence of results-asr.setup.params.json on all ranks
Waiting for ~15sec on existence of results-asr.setup.params.json on all ranks
Waiting for ~15sec on existence of results-asr.setup.params.json on all ranks
Waiting for ~15sec on existence of results-asr.setup.params.json on all ranks
Waiting for ~15sec on existence of results-asr.setup.params.json on all ranks
Waiting for ~15sec on existence of results-asr.setup.params.json on all ranks
Waiting for ~15sec on existence of results-asr.setup.params.json on all ranks
Waiting for ~15sec on existence of results-asr.setup.params.json on all ranks
Waiting for ~15sec on existence of results-asr.setup.params.json on all ranks
Waiting for ~15sec on existence of results-asr.setup.params.json on all ranks
Waiting for ~15sec on existence of results-asr.setup.params.json on all ranks
Waiting for ~15sec on existence of results-asr.setup.params.json on all ranks
Waiting for ~15sec on existence of results-asr.setup.params.json on all ranks
Waiting for ~15sec on existence of results-asr.setup.params.json on all ranks
Waiting for ~16sec on existence of results-asr.setup.params.json on all ranks
Waiting for ~16sec on existence of results-asr.setup.params.json on all ranks
Waiting for ~16sec on existence of results-asr.setup.params.json on all ranks
Waiting for ~16sec on existence of results-asr.setup.params.json on all ranks
Waiting for ~16sec on existence of results-asr.setup.params.json on all ranks
Waiting for ~16sec on existence of results-asr.setup.params.json on all ranks
Waiting for ~16sec on existence of results-asr.setup.params.json on all ranks
Waiting for ~16sec on existence of results-asr.setup.params.json on all ranks
Waiting for ~16sec on existence of results-asr.setup.params.json on all ranks
Waiting for ~16sec on existence of results-asr.setup.params.json on all ranks
Waiting for ~16sec on existence of results-asr.setup.params.json on all ranks
Waiting for ~16sec on existence of results-asr.setup.params.json on all ranks
Waiting for ~16sec on existence of results-asr.setup.params.json on all ranks
Waiting for ~16sec on existence of results-asr.setup.params.json on all ranks
Waiting for ~16sec on existence of results-asr.setup.params.json on all ranks
Waiting for ~16sec on existence of results-asr.setup.params.json on all ranks
Waiting for ~17sec on existence of results-asr.setup.params.json on all ranks
Waiting for ~17sec on existence of results-asr.setup.params.json on all ranks
Waiting for ~17sec on existence of results-asr.setup.params.json on all ranks
Waiting for ~17sec on existence of results-asr.setup.params.json on all ranks
Waiting for ~17sec on existence of results-asr.setup.params.json on all ranks
Waiting for ~17sec on existence of results-asr.setup.params.json on all ranks
Waiting for ~17sec on existence of results-asr.setup.params.json on all ranks
Waiting for ~17sec on existence of results-asr.setup.params.json on all ranks
Waiting for ~17sec on existence of results-asr.setup.params.json on all ranks
Waiting for ~17sec on existence of results-asr.setup.params.json on all ranks
Waiting for ~17sec on existence of results-asr.setup.params.json on all ranks
Waiting for ~17sec on existence of results-asr.setup.params.json on all ranks
Waiting for ~17sec on existence of results-asr.setup.params.json on all ranks
Waiting for ~17sec on existence of results-asr.setup.params.json on all ranks
Waiting for ~17sec on existence of results-asr.setup.params.json on all ranks
Waiting for ~17sec on existence of results-asr.setup.params.json on all ranks
Waiting for ~18sec on existence of results-asr.setup.params.json on all ranks
Waiting for ~18sec on existence of results-asr.setup.params.json on all ranks
Waiting for ~18sec on existence of results-asr.setup.params.json on all ranks
Waiting for ~18sec on existence of results-asr.setup.params.json on all ranks
Waiting for ~18sec on existence of results-asr.setup.params.json on all ranks
Waiting for ~18sec on existence of results-asr.setup.params.json on all ranks
Waiting for ~18sec on existence of results-asr.setup.params.json on all ranks
Waiting for ~18sec on existence of results-asr.setup.params.json on all ranks
Waiting for ~18sec on existence of results-asr.setup.params.json on all ranks
Waiting for ~18sec on existence of results-asr.setup.params.json on all ranks
Waiting for ~18sec on existence of results-asr.setup.params.json on all ranks
Waiting for ~18sec on existence of results-asr.setup.params.json on all ranks
Waiting for ~18sec on existence of results-asr.setup.params.json on all ranks
Waiting for ~18sec on existence of results-asr.setup.params.json on all ranks
Waiting for ~18sec on existence of results-asr.setup.params.json on all ranks
Waiting for ~18sec on existence of results-asr.setup.params.json on all ranks
Waiting for ~19sec on existence of results-asr.setup.params.json on all ranks
Waiting for ~19sec on existence of results-asr.setup.params.json on all ranks
Waiting for ~19sec on existence of results-asr.setup.params.json on all ranks
Waiting for ~19sec on existence of results-asr.setup.params.json on all ranks
Waiting for ~19sec on existence of results-asr.setup.params.json on all ranks
Waiting for ~19sec on existence of results-asr.setup.params.json on all ranks
Waiting for ~19sec on existence of results-asr.setup.params.json on all ranks
Waiting for ~19sec on existence of results-asr.setup.params.json on all ranks
Waiting for ~19sec on existence of results-asr.setup.params.json on all ranks
Waiting for ~19sec on existence of results-asr.setup.params.json on all ranks
Waiting for ~19sec on existence of results-asr.setup.params.json on all ranks
Waiting for ~19sec on existence of results-asr.setup.params.json on all ranks
Waiting for ~19sec on existence of results-asr.setup.params.json on all ranks
Waiting for ~19sec on existence of results-asr.setup.params.json on all ranks
Waiting for ~19sec on existence of results-asr.setup.params.json on all ranks
Waiting for ~19sec on existence of results-asr.setup.params.json on all ranks
Waiting for ~20sec on existence of results-asr.setup.params.json on all ranks
Waiting for ~20sec on existence of results-asr.setup.params.json on all ranks
Waiting for ~20sec on existence of results-asr.setup.params.json on all ranks
Waiting for ~20sec on existence of results-asr.setup.params.json on all ranks
Waiting for ~20sec on existence of results-asr.setup.params.json on all ranks
Waiting for ~20sec on existence of results-asr.setup.params.json on all ranks
Waiting for ~20sec on existence of results-asr.setup.params.json on all ranks
Waiting for ~20sec on existence of results-asr.setup.params.json on all ranks
Waiting for ~20sec on existence of results-asr.setup.params.json on all ranks
Waiting for ~20sec on existence of results-asr.setup.params.json on all ranks
Waiting for ~20sec on existence of results-asr.setup.params.json on all ranks
Waiting for ~20sec on existence of results-asr.setup.params.json on all ranks
Waiting for ~20sec on existence of results-asr.setup.params.json on all ranks
Waiting for ~20sec on existence of results-asr.setup.params.json on all ranks
Waiting for ~20sec on existence of results-asr.setup.params.json on all ranks
Waiting for ~20sec on existence of results-asr.setup.params.json on all ranks
Waiting for ~21sec on existence of results-asr.setup.params.json on all ranks
Waiting for ~21sec on existence of results-asr.setup.params.json on all ranks
Waiting for ~21sec on existence of results-asr.setup.params.json on all ranks
Waiting for ~21sec on existence of results-asr.setup.params.json on all ranks
Waiting for ~21sec on existence of results-asr.setup.params.json on all ranks
Waiting for ~21sec on existence of results-asr.setup.params.json on all ranks
Waiting for ~21sec on existence of results-asr.setup.params.json on all ranks
Waiting for ~21sec on existence of results-asr.setup.params.json on all ranks
Waiting for ~21sec on existence of results-asr.setup.params.json on all ranks
Waiting for ~21sec on existence of results-asr.setup.params.json on all ranks
Waiting for ~21sec on existence of results-asr.setup.params.json on all ranks
Waiting for ~21sec on existence of results-asr.setup.params.json on all ranks
Waiting for ~21sec on existence of results-asr.setup.params.json on all ranks
Waiting for ~21sec on existence of results-asr.setup.params.json on all ranks
Waiting for ~21sec on existence of results-asr.setup.params.json on all ranks
Waiting for ~21sec on existence of results-asr.setup.params.json on all ranks
Waiting for ~22sec on existence of results-asr.setup.params.json on all ranks
Waiting for ~22sec on existence of results-asr.setup.params.json on all ranks
Waiting for ~22sec on existence of results-asr.setup.params.json on all ranks
Waiting for ~22sec on existence of results-asr.setup.params.json on all ranks
Waiting for ~22sec on existence of results-asr.setup.params.json on all ranks
Waiting for ~22sec on existence of results-asr.setup.params.json on all ranks
Waiting for ~22sec on existence of results-asr.setup.params.json on all ranks
Waiting for ~22sec on existence of results-asr.setup.params.json on all ranks
Waiting for ~22sec on existence of results-asr.setup.params.json on all ranks
Waiting for ~22sec on existence of results-asr.setup.params.json on all ranks
Waiting for ~22sec on existence of results-asr.setup.params.json on all ranks
Waiting for ~22sec on existence of results-asr.setup.params.json on all ranks
Waiting for ~22sec on existence of results-asr.setup.params.json on all ranks
Waiting for ~22sec on existence of results-asr.setup.params.json on all ranks
Waiting for ~22sec on existence of results-asr.setup.params.json on all ranks
Waiting for ~22sec on existence of results-asr.setup.params.json on all ranks
Waiting for ~23sec on existence of results-asr.setup.params.json on all ranks
Waiting for ~23sec on existence of results-asr.setup.params.json on all ranks
Waiting for ~23sec on existence of results-asr.setup.params.json on all ranks
Waiting for ~23sec on existence of results-asr.setup.params.json on all ranks
Waiting for ~23sec on existence of results-asr.setup.params.json on all ranks
Waiting for ~23sec on existence of results-asr.setup.params.json on all ranks
Waiting for ~23sec on existence of results-asr.setup.params.json on all ranks
Waiting for ~23sec on existence of results-asr.setup.params.json on all ranks
Waiting for ~23sec on existence of results-asr.setup.params.json on all ranks
Waiting for ~23sec on existence of results-asr.setup.params.json on all ranks
Waiting for ~23sec on existence of results-asr.setup.params.json on all ranks
Waiting for ~23sec on existence of results-asr.setup.params.json on all ranks
Waiting for ~23sec on existence of results-asr.setup.params.json on all ranks
Waiting for ~23sec on existence of results-asr.setup.params.json on all ranks
Waiting for ~23sec on existence of results-asr.setup.params.json on all ranks
Waiting for ~23sec on existence of results-asr.setup.params.json on all ranks
Waiting for ~24sec on existence of results-asr.setup.params.json on all ranks
Waiting for ~24sec on existence of results-asr.setup.params.json on all ranks
Waiting for ~24sec on existence of results-asr.setup.params.json on all ranks
Waiting for ~24sec on existence of results-asr.setup.params.json on all ranks
Waiting for ~24sec on existence of results-asr.setup.params.json on all ranks
Waiting for ~24sec on existence of results-asr.setup.params.json on all ranks
Waiting for ~24sec on existence of results-asr.setup.params.json on all ranks
Waiting for ~24sec on existence of results-asr.setup.params.json on all ranks
Waiting for ~24sec on existence of results-asr.setup.params.json on all ranks
Waiting for ~24sec on existence of results-asr.setup.params.json on all ranks
Waiting for ~24sec on existence of results-asr.setup.params.json on all ranks
Waiting for ~24sec on existence of results-asr.setup.params.json on all ranks
Waiting for ~24sec on existence of results-asr.setup.params.json on all ranks
Waiting for ~24sec on existence of results-asr.setup.params.json on all ranks
Waiting for ~24sec on existence of results-asr.setup.params.json on all ranks
Waiting for ~24sec on existence of results-asr.setup.params.json on all ranks
Waiting for ~25sec on existence of results-asr.setup.params.json on all ranks
Waiting for ~25sec on existence of results-asr.setup.params.json on all ranks
Waiting for ~25sec on existence of results-asr.setup.params.json on all ranks
Waiting for ~25sec on existence of results-asr.setup.params.json on all ranks
Waiting for ~25sec on existence of results-asr.setup.params.json on all ranks
Waiting for ~25sec on existence of results-asr.setup.params.json on all ranks
Waiting for ~25sec on existence of results-asr.setup.params.json on all ranks
Waiting for ~25sec on existence of results-asr.setup.params.json on all ranks
Waiting for ~25sec on existence of results-asr.setup.params.json on all ranks
Waiting for ~25sec on existence of results-asr.setup.params.json on all ranks
Waiting for ~25sec on existence of results-asr.setup.params.json on all ranks
Waiting for ~25sec on existence of results-asr.setup.params.json on all ranks
Waiting for ~25sec on existence of results-asr.setup.params.json on all ranks
Waiting for ~25sec on existence of results-asr.setup.params.json on all ranks
Waiting for ~25sec on existence of results-asr.setup.params.json on all ranks
Waiting for ~25sec on existence of results-asr.setup.params.json on all ranks
Waiting for ~26sec on existence of results-asr.setup.params.json on all ranks
Waiting for ~26sec on existence of results-asr.setup.params.json on all ranks
Waiting for ~26sec on existence of results-asr.setup.params.json on all ranks
Waiting for ~26sec on existence of results-asr.setup.params.json on all ranks
Waiting for ~26sec on existence of results-asr.setup.params.json on all ranks
Waiting for ~26sec on existence of results-asr.setup.params.json on all ranks
Waiting for ~26sec on existence of results-asr.setup.params.json on all ranks
Waiting for ~26sec on existence of results-asr.setup.params.json on all ranks
Waiting for ~26sec on existence of results-asr.setup.params.json on all ranks
Waiting for ~26sec on existence of results-asr.setup.params.json on all ranks
Waiting for ~26sec on existence of results-asr.setup.params.json on all ranks
Waiting for ~26sec on existence of results-asr.setup.params.json on all ranks
Waiting for ~26sec on existence of results-asr.setup.params.json on all ranks
Waiting for ~26sec on existence of results-asr.setup.params.json on all ranks
Waiting for ~26sec on existence of results-asr.setup.params.json on all ranks
Waiting for ~26sec on existence of results-asr.setup.params.json on all ranks
Waiting for ~27sec on existence of results-asr.setup.params.json on all ranks
Waiting for ~27sec on existence of results-asr.setup.params.json on all ranks
Waiting for ~27sec on existence of results-asr.setup.params.json on all ranks
Waiting for ~27sec on existence of results-asr.setup.params.json on all ranks
Waiting for ~27sec on existence of results-asr.setup.params.json on all ranks
Waiting for ~27sec on existence of results-asr.setup.params.json on all ranks
Waiting for ~27sec on existence of results-asr.setup.params.json on all ranks
Waiting for ~27sec on existence of results-asr.setup.params.json on all ranks
Waiting for ~27sec on existence of results-asr.setup.params.json on all ranks
Waiting for ~27sec on existence of results-asr.setup.params.json on all ranks
Waiting for ~27sec on existence of results-asr.setup.params.json on all ranks
Waiting for ~27sec on existence of results-asr.setup.params.json on all ranks
Waiting for ~27sec on existence of results-asr.setup.params.json on all ranks
Waiting for ~27sec on existence of results-asr.setup.params.json on all ranks
Waiting for ~27sec on existence of results-asr.setup.params.json on all ranks
Waiting for ~27sec on existence of results-asr.setup.params.json on all ranks
Waiting for ~28sec on existence of results-asr.setup.params.json on all ranks
Waiting for ~28sec on existence of results-asr.setup.params.json on all ranks
Waiting for ~28sec on existence of results-asr.setup.params.json on all ranks
Waiting for ~28sec on existence of results-asr.setup.params.json on all ranks
Waiting for ~28sec on existence of results-asr.setup.params.json on all ranks
Waiting for ~28sec on existence of results-asr.setup.params.json on all ranks
Waiting for ~28sec on existence of results-asr.setup.params.json on all ranks
Waiting for ~28sec on existence of results-asr.setup.params.json on all ranks
Waiting for ~28sec on existence of results-asr.setup.params.json on all ranks
Waiting for ~28sec on existence of results-asr.setup.params.json on all ranks
Waiting for ~28sec on existence of results-asr.setup.params.json on all ranks
Waiting for ~28sec on existence of results-asr.setup.params.json on all ranks
Waiting for ~28sec on existence of results-asr.setup.params.json on all ranks
Waiting for ~28sec on existence of results-asr.setup.params.json on all ranks
Waiting for ~28sec on existence of results-asr.setup.params.json on all ranks
Waiting for ~28sec on existence of results-asr.setup.params.json on all ranks
Waiting for ~29sec on existence of results-asr.setup.params.json on all ranks
Waiting for ~29sec on existence of results-asr.setup.params.json on all ranks
Waiting for ~29sec on existence of results-asr.setup.params.json on all ranks
Waiting for ~29sec on existence of results-asr.setup.params.json on all ranks
Waiting for ~29sec on existence of results-asr.setup.params.json on all ranks
Waiting for ~29sec on existence of results-asr.setup.params.json on all ranks
Waiting for ~29sec on existence of results-asr.setup.params.json on all ranks
Waiting for ~29sec on existence of results-asr.setup.params.json on all ranks
Waiting for ~29sec on existence of results-asr.setup.params.json on all ranks
Waiting for ~29sec on existence of results-asr.setup.params.json on all ranks
Waiting for ~29sec on existence of results-asr.setup.params.json on all ranks
Waiting for ~29sec on existence of results-asr.setup.params.json on all ranks
Waiting for ~29sec on existence of results-asr.setup.params.json on all ranks
Waiting for ~29sec on existence of results-asr.setup.params.json on all ranks
Waiting for ~29sec on existence of results-asr.setup.params.json on all ranks
Waiting for ~29sec on existence of results-asr.setup.params.json on all ranks
Running asr.setup.params(params={'asr.relax': {'calculator': {'kpts': {'size': array([4, 7, 9]), 'gamma': True}, None: None}, 'fixcell': True, 'allow_symmetry_breaking': True, 'fmax': 0.008}})
