[g093.nifl.fysik.dtu.dk:06455] mca_base_component_repository_open: unable to open mca_oob_ud: libosmcomp.so.3: cannot open shared object file: No such file or directory (ignored)
[g093.nifl.fysik.dtu.dk:06469] mca_base_component_repository_open: unable to open mca_oob_ud: libosmcomp.so.3: cannot open shared object file: No such file or directory (ignored)
[g093.nifl.fysik.dtu.dk:06483] mca_base_component_repository_open: unable to open mca_oob_ud: libosmcomp.so.3: cannot open shared object file: No such file or directory (ignored)
[g093.nifl.fysik.dtu.dk:06472] mca_base_component_repository_open: unable to open mca_oob_ud: libosmcomp.so.3: cannot open shared object file: No such file or directory (ignored)
[g093.nifl.fysik.dtu.dk:06476] mca_base_component_repository_open: unable to open mca_oob_ud: libosmcomp.so.3: cannot open shared object file: No such file or directory (ignored)
[g093.nifl.fysik.dtu.dk:06479] mca_base_component_repository_open: unable to open mca_oob_ud: libosmcomp.so.3: cannot open shared object file: No such file or directory (ignored)
[g093.nifl.fysik.dtu.dk:06474] mca_base_component_repository_open: unable to open mca_oob_ud: libosmcomp.so.3: cannot open shared object file: No such file or directory (ignored)
[g093.nifl.fysik.dtu.dk:06481] mca_base_component_repository_open: unable to open mca_oob_ud: libosmcomp.so.3: cannot open shared object file: No such file or directory (ignored)
[g093.nifl.fysik.dtu.dk:06470] mca_base_component_repository_open: unable to open mca_oob_ud: libosmcomp.so.3: cannot open shared object file: No such file or directory (ignored)
[g093.nifl.fysik.dtu.dk:06475] mca_base_component_repository_open: unable to open mca_oob_ud: libosmcomp.so.3: cannot open shared object file: No such file or directory (ignored)
[g093.nifl.fysik.dtu.dk:06473] mca_base_component_repository_open: unable to open mca_oob_ud: libosmcomp.so.3: cannot open shared object file: No such file or directory (ignored)
[g093.nifl.fysik.dtu.dk:06477] mca_base_component_repository_open: unable to open mca_oob_ud: libosmcomp.so.3: cannot open shared object file: No such file or directory (ignored)
[g093.nifl.fysik.dtu.dk:06468] mca_base_component_repository_open: unable to open mca_oob_ud: libosmcomp.so.3: cannot open shared object file: No such file or directory (ignored)
[g093.nifl.fysik.dtu.dk:06471] mca_base_component_repository_open: unable to open mca_oob_ud: libosmcomp.so.3: cannot open shared object file: No such file or directory (ignored)
[g093.nifl.fysik.dtu.dk:06482] mca_base_component_repository_open: unable to open mca_oob_ud: libosmcomp.so.3: cannot open shared object file: No such file or directory (ignored)
[g093.nifl.fysik.dtu.dk:06480] mca_base_component_repository_open: unable to open mca_oob_ud: libosmcomp.so.3: cannot open shared object file: No such file or directory (ignored)
[g093.nifl.fysik.dtu.dk:06478] mca_base_component_repository_open: unable to open mca_oob_ud: libosmcomp.so.3: cannot open shared object file: No such file or directory (ignored)
[g093.nifl.fysik.dtu.dk:06480] mca_base_component_repository_open: unable to open mca_btl_openib: libosmcomp.so.3: cannot open shared object file: No such file or directory (ignored)
[g093.nifl.fysik.dtu.dk:06474] mca_base_component_repository_open: unable to open mca_btl_openib: libosmcomp.so.3: cannot open shared object file: No such file or directory (ignored)
[g093.nifl.fysik.dtu.dk:06470] mca_base_component_repository_open: unable to open mca_btl_openib: libosmcomp.so.3: cannot open shared object file: No such file or directory (ignored)
[g093.nifl.fysik.dtu.dk:06476] mca_base_component_repository_open: unable to open mca_btl_openib: libosmcomp.so.3: cannot open shared object file: No such file or directory (ignored)
[g093.nifl.fysik.dtu.dk:06482] mca_base_component_repository_open: unable to open mca_btl_openib: libosmcomp.so.3: cannot open shared object file: No such file or directory (ignored)
[g093.nifl.fysik.dtu.dk:06472] mca_base_component_repository_open: unable to open mca_btl_openib: libosmcomp.so.3: cannot open shared object file: No such file or directory (ignored)
[g093.nifl.fysik.dtu.dk:06468] mca_base_component_repository_open: unable to open mca_btl_openib: libosmcomp.so.3: cannot open shared object file: No such file or directory (ignored)
[g093.nifl.fysik.dtu.dk:06469] mca_base_component_repository_open: unable to open mca_btl_openib: libosmcomp.so.3: cannot open shared object file: No such file or directory (ignored)
[g093.nifl.fysik.dtu.dk:06479] mca_base_component_repository_open: unable to open mca_btl_openib: libosmcomp.so.3: cannot open shared object file: No such file or directory (ignored)
[g093.nifl.fysik.dtu.dk:06483] mca_base_component_repository_open: unable to open mca_btl_openib: libosmcomp.so.3: cannot open shared object file: No such file or directory (ignored)
[g093.nifl.fysik.dtu.dk:06475] mca_base_component_repository_open: unable to open mca_btl_openib: libosmcomp.so.3: cannot open shared object file: No such file or directory (ignored)
[g093.nifl.fysik.dtu.dk:06471] mca_base_component_repository_open: unable to open mca_btl_openib: libosmcomp.so.3: cannot open shared object file: No such file or directory (ignored)
[g093.nifl.fysik.dtu.dk:06477] mca_base_component_repository_open: unable to open mca_btl_openib: libosmcomp.so.3: cannot open shared object file: No such file or directory (ignored)
[g093.nifl.fysik.dtu.dk:06473] mca_base_component_repository_open: unable to open mca_btl_openib: libosmcomp.so.3: cannot open shared object file: No such file or directory (ignored)
[g093.nifl.fysik.dtu.dk:06481] mca_base_component_repository_open: unable to open mca_btl_openib: libosmcomp.so.3: cannot open shared object file: No such file or directory (ignored)
[g093.nifl.fysik.dtu.dk:06478] mca_base_component_repository_open: unable to open mca_btl_openib: libosmcomp.so.3: cannot open shared object file: No such file or directory (ignored)
[g097.nifl.fysik.dtu.dk:53146] mca_base_component_repository_open: unable to open mca_oob_ud: libosmcomp.so.3: cannot open shared object file: No such file or directory (ignored)
[g097.nifl.fysik.dtu.dk:53139] mca_base_component_repository_open: unable to open mca_oob_ud: libosmcomp.so.3: cannot open shared object file: No such file or directory (ignored)
[g097.nifl.fysik.dtu.dk:53145] mca_base_component_repository_open: unable to open mca_oob_ud: libosmcomp.so.3: cannot open shared object file: No such file or directory (ignored)
[g097.nifl.fysik.dtu.dk:53148] mca_base_component_repository_open: unable to open mca_oob_ud: libosmcomp.so.3: cannot open shared object file: No such file or directory (ignored)
[g097.nifl.fysik.dtu.dk:53137] mca_base_component_repository_open: unable to open mca_oob_ud: libosmcomp.so.3: cannot open shared object file: No such file or directory (ignored)
[g097.nifl.fysik.dtu.dk:53138] mca_base_component_repository_open: unable to open mca_oob_ud: libosmcomp.so.3: cannot open shared object file: No such file or directory (ignored)
[g097.nifl.fysik.dtu.dk:53136] mca_base_component_repository_open: unable to open mca_oob_ud: libosmcomp.so.3: cannot open shared object file: No such file or directory (ignored)
[g097.nifl.fysik.dtu.dk:53143] mca_base_component_repository_open: unable to open mca_oob_ud: libosmcomp.so.3: cannot open shared object file: No such file or directory (ignored)
[g097.nifl.fysik.dtu.dk:53144] mca_base_component_repository_open: unable to open mca_oob_ud: libosmcomp.so.3: cannot open shared object file: No such file or directory (ignored)
[g097.nifl.fysik.dtu.dk:53140] mca_base_component_repository_open: unable to open mca_oob_ud: libosmcomp.so.3: cannot open shared object file: No such file or directory (ignored)
[g097.nifl.fysik.dtu.dk:53153] mca_base_component_repository_open: unable to open mca_oob_ud: libosmcomp.so.3: cannot open shared object file: No such file or directory (ignored)
[g097.nifl.fysik.dtu.dk:53152] mca_base_component_repository_open: unable to open mca_oob_ud: libosmcomp.so.3: cannot open shared object file: No such file or directory (ignored)
[g097.nifl.fysik.dtu.dk:53141] mca_base_component_repository_open: unable to open mca_oob_ud: libosmcomp.so.3: cannot open shared object file: No such file or directory (ignored)
[g097.nifl.fysik.dtu.dk:53142] mca_base_component_repository_open: unable to open mca_oob_ud: libosmcomp.so.3: cannot open shared object file: No such file or directory (ignored)
[g097.nifl.fysik.dtu.dk:53151] mca_base_component_repository_open: unable to open mca_oob_ud: libosmcomp.so.3: cannot open shared object file: No such file or directory (ignored)
[g097.nifl.fysik.dtu.dk:53150] mca_base_component_repository_open: unable to open mca_oob_ud: libosmcomp.so.3: cannot open shared object file: No such file or directory (ignored)
[g097.nifl.fysik.dtu.dk:53142] mca_base_component_repository_open: unable to open mca_btl_openib: libosmcomp.so.3: cannot open shared object file: No such file or directory (ignored)
[g097.nifl.fysik.dtu.dk:53144] mca_base_component_repository_open: unable to open mca_btl_openib: libosmcomp.so.3: cannot open shared object file: No such file or directory (ignored)
[g097.nifl.fysik.dtu.dk:53152] mca_base_component_repository_open: unable to open mca_btl_openib: libosmcomp.so.3: cannot open shared object file: No such file or directory (ignored)
[g097.nifl.fysik.dtu.dk:53150] mca_base_component_repository_open: unable to open mca_btl_openib: libosmcomp.so.3: cannot open shared object file: No such file or directory (ignored)
[g097.nifl.fysik.dtu.dk:53136] mca_base_component_repository_open: unable to open mca_btl_openib: libosmcomp.so.3: cannot open shared object file: No such file or directory (ignored)
[g097.nifl.fysik.dtu.dk:53140] mca_base_component_repository_open: unable to open mca_btl_openib: libosmcomp.so.3: cannot open shared object file: No such file or directory (ignored)
[g097.nifl.fysik.dtu.dk:53139] mca_base_component_repository_open: unable to open mca_btl_openib: libosmcomp.so.3: cannot open shared object file: No such file or directory (ignored)
[g097.nifl.fysik.dtu.dk:53145] mca_base_component_repository_open: unable to open mca_btl_openib: libosmcomp.so.3: cannot open shared object file: No such file or directory (ignored)
[g097.nifl.fysik.dtu.dk:53137] mca_base_component_repository_open: unable to open mca_btl_openib: libosmcomp.so.3: cannot open shared object file: No such file or directory (ignored)
[g097.nifl.fysik.dtu.dk:53141] mca_base_component_repository_open: unable to open mca_btl_openib: libosmcomp.so.3: cannot open shared object file: No such file or directory (ignored)
[g097.nifl.fysik.dtu.dk:53143] mca_base_component_repository_open: unable to open mca_btl_openib: libosmcomp.so.3: cannot open shared object file: No such file or directory (ignored)
[g097.nifl.fysik.dtu.dk:53151] mca_base_component_repository_open: unable to open mca_btl_openib: libosmcomp.so.3: cannot open shared object file: No such file or directory (ignored)
[g097.nifl.fysik.dtu.dk:53153] mca_base_component_repository_open: unable to open mca_btl_openib: libosmcomp.so.3: cannot open shared object file: No such file or directory (ignored)
[g097.nifl.fysik.dtu.dk:53148] mca_base_component_repository_open: unable to open mca_btl_openib: libosmcomp.so.3: cannot open shared object file: No such file or directory (ignored)
[g097.nifl.fysik.dtu.dk:53138] mca_base_component_repository_open: unable to open mca_btl_openib: libosmcomp.so.3: cannot open shared object file: No such file or directory (ignored)
[g097.nifl.fysik.dtu.dk:53146] mca_base_component_repository_open: unable to open mca_btl_openib: libosmcomp.so.3: cannot open shared object file: No such file or directory (ignored)
rank=02 L00: Traceback (most recent call last):
rank=02 L01:   File "/home/niflheim/madkru/venv_folder/bin/gpaw", line 11, in <module>
rank=02 L02:     load_entry_point('gpaw', 'console_scripts', 'gpaw')()
rank=02 L03:   File "/home/niflheim/madkru/venv_folder/gpaw/gpaw/cli/main.py", line 81, in main
rank=02 L04:     commands, hook, args)
rank=02 L05:   File "/home/niflheim/madkru/venv_folder/ase/ase/cli/main.py", line 102, in main
rank=02 L06:     f(args)
rank=02 L07:   File "/home/niflheim/madkru/venv_folder/gpaw/gpaw/cli/python.py", line 34, in run
rank=02 L08:     runpy.run_path(args.arguments[0], run_name='__main__')
rank=02 L09:   File "/home/modules/software/Python/3.7.4-GCCcore-8.3.0/lib/python3.7/runpy.py", line 263, in run_path
rank=02 L10:     pkg_name=pkg_name, script_name=fname)
rank=02 L11:   File "/home/modules/software/Python/3.7.4-GCCcore-8.3.0/lib/python3.7/runpy.py", line 96, in _run_module_code
rank=02 L12:     mod_name, mod_spec, pkg_name, script_name)
rank=02 L13:   File "/home/modules/software/Python/3.7.4-GCCcore-8.3.0/lib/python3.7/runpy.py", line 85, in _run_code
rank=02 L14:     exec(code, run_globals)
rank=02 L15:   File "relax_material.py", line 24, in <module>
rank=02 L16:     uf = UnitCellFilter(structure, mask=[1, 1, 1, 1, 1, 1])
rank=02 L17: NameError: name 'UnitCellFilter' is not defined
GPAW CLEANUP (node 2): <class 'NameError'> occurred.  Calling MPI_Abort!
rank=05 L00: Traceback (most recent call last):
rank=05 L01:   File "/home/niflheim/madkru/venv_folder/bin/gpaw", line 11, in <module>
rank=05 L02:     load_entry_point('gpaw', 'console_scripts', 'gpaw')()
rank=05 L03:   File "/home/niflheim/madkru/venv_folder/gpaw/gpaw/cli/main.py", line 81, in main
rank=05 L04:     commands, hook, args)
rank=05 L05:   File "/home/niflheim/madkru/venv_folder/ase/ase/cli/main.py", line 102, in main
rank=05 L06:     f(args)
rank=05 L07:   File "/home/niflheim/madkru/venv_folder/gpaw/gpaw/cli/python.py", line 34, in run
rank=05 L08:     runpy.run_path(args.arguments[0], run_name='__main__')
rank=05 L09:   File "/home/modules/software/Python/3.7.4-GCCcore-8.3.0/lib/python3.7/runpy.py", line 263, in run_path
rank=05 L10:     pkg_name=pkg_name, script_name=fname)
rank=05 L11:   File "/home/modules/software/Python/3.7.4-GCCcore-8.3.0/lib/python3.7/runpy.py", line 96, in _run_module_code
rank=05 L12:     mod_name, mod_spec, pkg_name, script_name)
rank=05 L13:   File "/home/modules/software/Python/3.7.4-GCCcore-8.3.0/lib/python3.7/runpy.py", line 85, in _run_code
rank=05 L14:     exec(code, run_globals)
rank=05 L15:   File "relax_material.py", line 24, in <module>
rank=05 L16:     uf = UnitCellFilter(structure, mask=[1, 1, 1, 1, 1, 1])
rank=05 L17: NameError: name 'UnitCellFilter' is not defined
GPAW CLEANUP (node 5): <class 'NameError'> occurred.  Calling MPI_Abort!
rank=06 L00: Traceback (most recent call last):
rank=06 L01:   File "/home/niflheim/madkru/venv_folder/bin/gpaw", line 11, in <module>
rank=06 L02:     load_entry_point('gpaw', 'console_scripts', 'gpaw')()
rank=06 L03:   File "/home/niflheim/madkru/venv_folder/gpaw/gpaw/cli/main.py", line 81, in main
rank=06 L04:     commands, hook, args)
rank=06 L05:   File "/home/niflheim/madkru/venv_folder/ase/ase/cli/main.py", line 102, in main
rank=06 L06:     f(args)
rank=06 L07:   File "/home/niflheim/madkru/venv_folder/gpaw/gpaw/cli/python.py", line 34, in run
rank=06 L08:     runpy.run_path(args.arguments[0], run_name='__main__')
rank=06 L09:   File "/home/modules/software/Python/3.7.4-GCCcore-8.3.0/lib/python3.7/runpy.py", line 263, in run_path
rank=06 L10:     pkg_name=pkg_name, script_name=fname)
rank=06 L11:   File "/home/modules/software/Python/3.7.4-GCCcore-8.3.0/lib/python3.7/runpy.py", line 96, in _run_module_code
rank=06 L12:     mod_name, mod_spec, pkg_name, script_name)
rank=06 L13:   File "/home/modules/software/Python/3.7.4-GCCcore-8.3.0/lib/python3.7/runpy.py", line 85, in _run_code
rank=06 L14:     exec(code, run_globals)
rank=06 L15:   File "relax_material.py", line 24, in <module>
rank=06 L16:     uf = UnitCellFilter(structure, mask=[1, 1, 1, 1, 1, 1])
rank=06 L17: NameError: name 'UnitCellFilter' is not defined
GPAW CLEANUP (node 6): <class 'NameError'> occurred.  Calling MPI_Abort!
rank=03 L00: Traceback (most recent call last):
rank=03 L01:   File "/home/niflheim/madkru/venv_folder/bin/gpaw", line 11, in <module>
rank=03 L02:     load_entry_point('gpaw', 'console_scripts', 'gpaw')()
rank=03 L03:   File "/home/niflheim/madkru/venv_folder/gpaw/gpaw/cli/main.py", line 81, in main
rank=03 L04:     commands, hook, args)
rank=03 L05:   File "/home/niflheim/madkru/venv_folder/ase/ase/cli/main.py", line 102, in main
rank=03 L06:     f(args)
rank=03 L07:   File "/home/niflheim/madkru/venv_folder/gpaw/gpaw/cli/python.py", line 34, in run
rank=03 L08:     runpy.run_path(args.arguments[0], run_name='__main__')
rank=03 L09:   File "/home/modules/software/Python/3.7.4-GCCcore-8.3.0/lib/python3.7/runpy.py", line 263, in run_path
rank=03 L10:     pkg_name=pkg_name, script_name=fname)
rank=03 L11:   File "/home/modules/software/Python/3.7.4-GCCcore-8.3.0/lib/python3.7/runpy.py", line 96, in _run_module_code
rank=03 L12:     mod_name, mod_spec, pkg_name, script_name)
rank=03 L13:   File "/home/modules/software/Python/3.7.4-GCCcore-8.3.0/lib/python3.7/runpy.py", line 85, in _run_code
rank=03 L14:     exec(code, run_globals)
rank=03 L15:   File "relax_material.py", line 24, in <module>
rank=03 L16:     uf = UnitCellFilter(structure, mask=[1, 1, 1, 1, 1, 1])
rank=03 L17: NameError: name 'UnitCellFilter' is not defined
GPAW CLEANUP (node 3): <class 'NameError'> occurred.  Calling MPI_Abort!
rank=01 L00: Traceback (most recent call last):
rank=01 L01:   File "/home/niflheim/madkru/venv_folder/bin/gpaw", line 11, in <module>
rank=01 L02:     load_entry_point('gpaw', 'console_scripts', 'gpaw')()
rank=01 L03:   File "/home/niflheim/madkru/venv_folder/gpaw/gpaw/cli/main.py", line 81, in main
rank=01 L04:     commands, hook, args)
rank=01 L05:   File "/home/niflheim/madkru/venv_folder/ase/ase/cli/main.py", line 102, in main
rank=01 L06:     f(args)
rank=01 L07:   File "/home/niflheim/madkru/venv_folder/gpaw/gpaw/cli/python.py", line 34, in run
rank=01 L08:     runpy.run_path(args.arguments[0], run_name='__main__')
rank=01 L09:   File "/home/modules/software/Python/3.7.4-GCCcore-8.3.0/lib/python3.7/runpy.py", line 263, in run_path
rank=01 L10:     pkg_name=pkg_name, script_name=fname)
rank=01 L11:   File "/home/modules/software/Python/3.7.4-GCCcore-8.3.0/lib/python3.7/runpy.py", line 96, in _run_module_code
rank=01 L12:     mod_name, mod_spec, pkg_name, script_name)
rank=01 L13:   File "/home/modules/software/Python/3.7.4-GCCcore-8.3.0/lib/python3.7/runpy.py", line 85, in _run_code
rank=01 L14:     exec(code, run_globals)
rank=01 L15:   File "relax_material.py", line 24, in <module>
rank=01 L16:     uf = UnitCellFilter(structure, mask=[1, 1, 1, 1, 1, 1])
rank=01 L17: NameError: name 'UnitCellFilter' is not defined
GPAW CLEANUP (node 1): <class 'NameError'> occurred.  Calling MPI_Abort!
rank=04 L00: Traceback (most recent call last):
rank=04 L01:   File "/home/niflheim/madkru/venv_folder/bin/gpaw", line 11, in <module>
rank=04 L02:     load_entry_point('gpaw', 'console_scripts', 'gpaw')()
rank=04 L03:   File "/home/niflheim/madkru/venv_folder/gpaw/gpaw/cli/main.py", line 81, in main
rank=04 L04:     commands, hook, args)
rank=04 L05:   File "/home/niflheim/madkru/venv_folder/ase/ase/cli/main.py", line 102, in main
rank=04 L06:     f(args)
rank=04 L07:   File "/home/niflheim/madkru/venv_folder/gpaw/gpaw/cli/python.py", line 34, in run
rank=04 L08:     runpy.run_path(args.arguments[0], run_name='__main__')
rank=04 L09:   File "/home/modules/software/Python/3.7.4-GCCcore-8.3.0/lib/python3.7/runpy.py", line 263, in run_path
rank=04 L10:     pkg_name=pkg_name, script_name=fname)
rank=04 L11:   File "/home/modules/software/Python/3.7.4-GCCcore-8.3.0/lib/python3.7/runpy.py", line 96, in _run_module_code
rank=04 L12:     mod_name, mod_spec, pkg_name, script_name)
rank=04 L13:   File "/home/modules/software/Python/3.7.4-GCCcore-8.3.0/lib/python3.7/runpy.py", line 85, in _run_code
rank=04 L14:     exec(code, run_globals)
rank=04 L15:   File "relax_material.py", line 24, in <module>
rank=04 L16:     uf = UnitCellFilter(structure, mask=[1, 1, 1, 1, 1, 1])
rank=04 L17: NameError: name 'UnitCellFilter' is not defined
GPAW CLEANUP (node 4): <class 'NameError'> occurred.  Calling MPI_Abort!
rank=09 L00: Traceback (most recent call last):
rank=09 L01:   File "/home/niflheim/madkru/venv_folder/bin/gpaw", line 11, in <module>
rank=09 L02:     load_entry_point('gpaw', 'console_scripts', 'gpaw')()
rank=09 L03:   File "/home/niflheim/madkru/venv_folder/gpaw/gpaw/cli/main.py", line 81, in main
rank=09 L04:     commands, hook, args)
rank=09 L05:   File "/home/niflheim/madkru/venv_folder/ase/ase/cli/main.py", line 102, in main
rank=09 L06:     f(args)
rank=09 L07:   File "/home/niflheim/madkru/venv_folder/gpaw/gpaw/cli/python.py", line 34, in run
rank=09 L08:     runpy.run_path(args.arguments[0], run_name='__main__')
rank=09 L09:   File "/home/modules/software/Python/3.7.4-GCCcore-8.3.0/lib/python3.7/runpy.py", line 263, in run_path
rank=09 L10:     pkg_name=pkg_name, script_name=fname)
rank=09 L11:   File "/home/modules/software/Python/3.7.4-GCCcore-8.3.0/lib/python3.7/runpy.py", line 96, in _run_module_code
rank=09 L12:     mod_name, mod_spec, pkg_name, script_name)
rank=09 L13:   File "/home/modules/software/Python/3.7.4-GCCcore-8.3.0/lib/python3.7/runpy.py", line 85, in _run_code
rank=09 L14:     exec(code, run_globals)
rank=09 L15:   File "relax_material.py", line 24, in <module>
rank=09 L16:     uf = UnitCellFilter(structure, mask=[1, 1, 1, 1, 1, 1])
rank=09 L17: NameError: name 'UnitCellFilter' is not defined
GPAW CLEANUP (node 9): <class 'NameError'> occurred.  Calling MPI_Abort!
rank=10 L00: Traceback (most recent call last):
rank=10 L01:   File "/home/niflheim/madkru/venv_folder/bin/gpaw", line 11, in <module>
rank=10 L02:     load_entry_point('gpaw', 'console_scripts', 'gpaw')()
rank=10 L03:   File "/home/niflheim/madkru/venv_folder/gpaw/gpaw/cli/main.py", line 81, in main
rank=10 L04:     commands, hook, args)
rank=10 L05:   File "/home/niflheim/madkru/venv_folder/ase/ase/cli/main.py", line 102, in main
rank=10 L06:     f(args)
rank=10 L07:   File "/home/niflheim/madkru/venv_folder/gpaw/gpaw/cli/python.py", line 34, in run
rank=10 L08:     runpy.run_path(args.arguments[0], run_name='__main__')
rank=10 L09:   File "/home/modules/software/Python/3.7.4-GCCcore-8.3.0/lib/python3.7/runpy.py", line 263, in run_path
rank=10 L10:     pkg_name=pkg_name, script_name=fname)
rank=10 L11:   File "/home/modules/software/Python/3.7.4-GCCcore-8.3.0/lib/python3.7/runpy.py", line 96, in _run_module_code
rank=10 L12:     mod_name, mod_spec, pkg_name, script_name)
rank=10 L13:   File "/home/modules/software/Python/3.7.4-GCCcore-8.3.0/lib/python3.7/runpy.py", line 85, in _run_code
rank=10 L14:     exec(code, run_globals)
rank=10 L15:   File "relax_material.py", line 24, in <module>
rank=10 L16:     uf = UnitCellFilter(structure, mask=[1, 1, 1, 1, 1, 1])
rank=10 L17: NameError: name 'UnitCellFilter' is not defined
GPAW CLEANUP (node 10): <class 'NameError'> occurred.  Calling MPI_Abort!
rank=13 L00: Traceback (most recent call last):
rank=13 L01:   File "/home/niflheim/madkru/venv_folder/bin/gpaw", line 11, in <module>
rank=13 L02:     load_entry_point('gpaw', 'console_scripts', 'gpaw')()
rank=13 L03:   File "/home/niflheim/madkru/venv_folder/gpaw/gpaw/cli/main.py", line 81, in main
rank=13 L04:     commands, hook, args)
rank=13 L05:   File "/home/niflheim/madkru/venv_folder/ase/ase/cli/main.py", line 102, in main
rank=13 L06:     f(args)
rank=13 L07:   File "/home/niflheim/madkru/venv_folder/gpaw/gpaw/cli/python.py", line 34, in run
rank=13 L08:     runpy.run_path(args.arguments[0], run_name='__main__')
rank=13 L09:   File "/home/modules/software/Python/3.7.4-GCCcore-8.3.0/lib/python3.7/runpy.py", line 263, in run_path
rank=13 L10:     pkg_name=pkg_name, script_name=fname)
rank=13 L11:   File "/home/modules/software/Python/3.7.4-GCCcore-8.3.0/lib/python3.7/runpy.py", line 96, in _run_module_code
rank=13 L12:     mod_name, mod_spec, pkg_name, script_name)
rank=13 L13:   File "/home/modules/software/Python/3.7.4-GCCcore-8.3.0/lib/python3.7/runpy.py", line 85, in _run_code
rank=13 L14:     exec(code, run_globals)
rank=13 L15:   File "relax_material.py", line 24, in <module>
rank=13 L16:     uf = UnitCellFilter(structure, mask=[1, 1, 1, 1, 1, 1])
rank=13 L17: NameError: name 'UnitCellFilter' is not defined
GPAW CLEANUP (node 13): <class 'NameError'> occurred.  Calling MPI_Abort!
rank=11 L00: Traceback (most recent call last):
rank=11 L01:   File "/home/niflheim/madkru/venv_folder/bin/gpaw", line 11, in <module>
rank=11 L02:     load_entry_point('gpaw', 'console_scripts', 'gpaw')()
rank=11 L03:   File "/home/niflheim/madkru/venv_folder/gpaw/gpaw/cli/main.py", line 81, in main
rank=11 L04:     commands, hook, args)
rank=11 L05:   File "/home/niflheim/madkru/venv_folder/ase/ase/cli/main.py", line 102, in main
rank=11 L06:     f(args)
rank=11 L07:   File "/home/niflheim/madkru/venv_folder/gpaw/gpaw/cli/python.py", line 34, in run
rank=11 L08:     runpy.run_path(args.arguments[0], run_name='__main__')
rank=11 L09:   File "/home/modules/software/Python/3.7.4-GCCcore-8.3.0/lib/python3.7/runpy.py", line 263, in run_path
rank=11 L10:     pkg_name=pkg_name, script_name=fname)
rank=11 L11:   File "/home/modules/software/Python/3.7.4-GCCcore-8.3.0/lib/python3.7/runpy.py", line 96, in _run_module_code
rank=11 L12:     mod_name, mod_spec, pkg_name, script_name)
rank=11 L13:   File "/home/modules/software/Python/3.7.4-GCCcore-8.3.0/lib/python3.7/runpy.py", line 85, in _run_code
rank=11 L14:     exec(code, run_globals)
rank=11 L15:   File "relax_material.py", line 24, in <module>
rank=11 L16:     uf = UnitCellFilter(structure, mask=[1, 1, 1, 1, 1, 1])
rank=11 L17: NameError: name 'UnitCellFilter' is not defined
GPAW CLEANUP (node 11): <class 'NameError'> occurred.  Calling MPI_Abort!
rank=12 L00: Traceback (most recent call last):
rank=12 L01:   File "/home/niflheim/madkru/venv_folder/bin/gpaw", line 11, in <module>
rank=12 L02:     load_entry_point('gpaw', 'console_scripts', 'gpaw')()
rank=12 L03:   File "/home/niflheim/madkru/venv_folder/gpaw/gpaw/cli/main.py", line 81, in main
rank=12 L04:     commands, hook, args)
rank=12 L05:   File "/home/niflheim/madkru/venv_folder/ase/ase/cli/main.py", line 102, in main
rank=12 L06:     f(args)
rank=12 L07:   File "/home/niflheim/madkru/venv_folder/gpaw/gpaw/cli/python.py", line 34, in run
rank=12 L08:     runpy.run_path(args.arguments[0], run_name='__main__')
rank=12 L09:   File "/home/modules/software/Python/3.7.4-GCCcore-8.3.0/lib/python3.7/runpy.py", line 263, in run_path
rank=12 L10:     pkg_name=pkg_name, script_name=fname)
rank=12 L11:   File "/home/modules/software/Python/3.7.4-GCCcore-8.3.0/lib/python3.7/runpy.py", line 96, in _run_module_code
rank=12 L12:     mod_name, mod_spec, pkg_name, script_name)
rank=12 L13:   File "/home/modules/software/Python/3.7.4-GCCcore-8.3.0/lib/python3.7/runpy.py", line 85, in _run_code
rank=12 L14:     exec(code, run_globals)
rank=12 L15:   File "relax_material.py", line 24, in <module>
rank=12 L16:     uf = UnitCellFilter(structure, mask=[1, 1, 1, 1, 1, 1])
rank=12 L17: NameError: name 'UnitCellFilter' is not defined
GPAW CLEANUP (node 12): <class 'NameError'> occurred.  Calling MPI_Abort!
rank=07 L00: Traceback (most recent call last):
rank=07 L01:   File "/home/niflheim/madkru/venv_folder/bin/gpaw", line 11, in <module>
rank=07 L02:     load_entry_point('gpaw', 'console_scripts', 'gpaw')()
rank=07 L03:   File "/home/niflheim/madkru/venv_folder/gpaw/gpaw/cli/main.py", line 81, in main
rank=07 L04:     commands, hook, args)
rank=07 L05:   File "/home/niflheim/madkru/venv_folder/ase/ase/cli/main.py", line 102, in main
rank=07 L06:     f(args)
rank=07 L07:   File "/home/niflheim/madkru/venv_folder/gpaw/gpaw/cli/python.py", line 34, in run
rank=07 L08:     runpy.run_path(args.arguments[0], run_name='__main__')
rank=07 L09:   File "/home/modules/software/Python/3.7.4-GCCcore-8.3.0/lib/python3.7/runpy.py", line 263, in run_path
rank=07 L10:     pkg_name=pkg_name, script_name=fname)
rank=07 L11:   File "/home/modules/software/Python/3.7.4-GCCcore-8.3.0/lib/python3.7/runpy.py", line 96, in _run_module_code
rank=07 L12:     mod_name, mod_spec, pkg_name, script_name)
rank=07 L13:   File "/home/modules/software/Python/3.7.4-GCCcore-8.3.0/lib/python3.7/runpy.py", line 85, in _run_code
rank=07 L14:     exec(code, run_globals)
rank=07 L15:   File "relax_material.py", line 24, in <module>
rank=07 L16:     uf = UnitCellFilter(structure, mask=[1, 1, 1, 1, 1, 1])
rank=07 L17: NameError: name 'UnitCellFilter' is not defined
GPAW CLEANUP (node 7): <class 'NameError'> occurred.  Calling MPI_Abort!
rank=14 L00: Traceback (most recent call last):
rank=14 L01:   File "/home/niflheim/madkru/venv_folder/bin/gpaw", line 11, in <module>
rank=14 L02:     load_entry_point('gpaw', 'console_scripts', 'gpaw')()
rank=14 L03:   File "/home/niflheim/madkru/venv_folder/gpaw/gpaw/cli/main.py", line 81, in main
rank=14 L04:     commands, hook, args)
rank=14 L05:   File "/home/niflheim/madkru/venv_folder/ase/ase/cli/main.py", line 102, in main
rank=14 L06:     f(args)
rank=14 L07:   File "/home/niflheim/madkru/venv_folder/gpaw/gpaw/cli/python.py", line 34, in run
rank=14 L08:     runpy.run_path(args.arguments[0], run_name='__main__')
rank=14 L09:   File "/home/modules/software/Python/3.7.4-GCCcore-8.3.0/lib/python3.7/runpy.py", line 263, in run_path
rank=14 L10:     pkg_name=pkg_name, script_name=fname)
rank=14 L11:   File "/home/modules/software/Python/3.7.4-GCCcore-8.3.0/lib/python3.7/runpy.py", line 96, in _run_module_code
rank=14 L12:     mod_name, mod_spec, pkg_name, script_name)
rank=14 L13:   File "/home/modules/software/Python/3.7.4-GCCcore-8.3.0/lib/python3.7/runpy.py", line 85, in _run_code
rank=14 L14:     exec(code, run_globals)
rank=14 L15:   File "relax_material.py", line 24, in <module>
rank=14 L16:     uf = UnitCellFilter(structure, mask=[1, 1, 1, 1, 1, 1])
rank=14 L17: NameError: name 'UnitCellFilter' is not defined
GPAW CLEANUP (node 14): <class 'NameError'> occurred.  Calling MPI_Abort!
rank=08 L00: Traceback (most recent call last):
rank=08 L01:   File "/home/niflheim/madkru/venv_folder/bin/gpaw", line 11, in <module>
rank=08 L02:     load_entry_point('gpaw', 'console_scripts', 'gpaw')()
rank=08 L03:   File "/home/niflheim/madkru/venv_folder/gpaw/gpaw/cli/main.py", line 81, in main
rank=08 L04:     commands, hook, args)
rank=08 L05:   File "/home/niflheim/madkru/venv_folder/ase/ase/cli/main.py", line 102, in main
rank=08 L06:     f(args)
rank=08 L07:   File "/home/niflheim/madkru/venv_folder/gpaw/gpaw/cli/python.py", line 34, in run
rank=08 L08:     runpy.run_path(args.arguments[0], run_name='__main__')
rank=08 L09:   File "/home/modules/software/Python/3.7.4-GCCcore-8.3.0/lib/python3.7/runpy.py", line 263, in run_path
rank=08 L10:     pkg_name=pkg_name, script_name=fname)
rank=08 L11:   File "/home/modules/software/Python/3.7.4-GCCcore-8.3.0/lib/python3.7/runpy.py", line 96, in _run_module_code
rank=08 L12:     mod_name, mod_spec, pkg_name, script_name)
rank=08 L13:   File "/home/modules/software/Python/3.7.4-GCCcore-8.3.0/lib/python3.7/runpy.py", line 85, in _run_code
rank=08 L14:     exec(code, run_globals)
rank=08 L15:   File "relax_material.py", line 24, in <module>
rank=08 L16:     uf = UnitCellFilter(structure, mask=[1, 1, 1, 1, 1, 1])
rank=08 L17: NameError: name 'UnitCellFilter' is not defined
GPAW CLEANUP (node 8): <class 'NameError'> occurred.  Calling MPI_Abort!
rank=15 L00: Traceback (most recent call last):
rank=15 L01:   File "/home/niflheim/madkru/venv_folder/bin/gpaw", line 11, in <module>
rank=15 L02:     load_entry_point('gpaw', 'console_scripts', 'gpaw')()
rank=15 L03:   File "/home/niflheim/madkru/venv_folder/gpaw/gpaw/cli/main.py", line 81, in main
rank=15 L04:     commands, hook, args)
rank=15 L05:   File "/home/niflheim/madkru/venv_folder/ase/ase/cli/main.py", line 102, in main
rank=15 L06:     f(args)
rank=15 L07:   File "/home/niflheim/madkru/venv_folder/gpaw/gpaw/cli/python.py", line 34, in run
rank=15 L08:     runpy.run_path(args.arguments[0], run_name='__main__')
rank=15 L09:   File "/home/modules/software/Python/3.7.4-GCCcore-8.3.0/lib/python3.7/runpy.py", line 263, in run_path
rank=15 L10:     pkg_name=pkg_name, script_name=fname)
rank=15 L11:   File "/home/modules/software/Python/3.7.4-GCCcore-8.3.0/lib/python3.7/runpy.py", line 96, in _run_module_code
rank=15 L12:     mod_name, mod_spec, pkg_name, script_name)
rank=15 L13:   File "/home/modules/software/Python/3.7.4-GCCcore-8.3.0/lib/python3.7/runpy.py", line 85, in _run_code
rank=15 L14:     exec(code, run_globals)
rank=15 L15:   File "relax_material.py", line 24, in <module>
rank=15 L16:     uf = UnitCellFilter(structure, mask=[1, 1, 1, 1, 1, 1])
rank=15 L17: NameError: name 'UnitCellFilter' is not defined
GPAW CLEANUP (node 15): <class 'NameError'> occurred.  Calling MPI_Abort!
rank=00 L00: Traceback (most recent call last):
rank=00 L01:   File "/home/niflheim/madkru/venv_folder/bin/gpaw", line 11, in <module>
rank=00 L02:     load_entry_point('gpaw', 'console_scripts', 'gpaw')()
rank=00 L03:   File "/home/niflheim/madkru/venv_folder/gpaw/gpaw/cli/main.py", line 81, in main
rank=00 L04:     commands, hook, args)
rank=00 L05:   File "/home/niflheim/madkru/venv_folder/ase/ase/cli/main.py", line 102, in main
rank=00 L06:     f(args)
rank=00 L07:   File "/home/niflheim/madkru/venv_folder/gpaw/gpaw/cli/python.py", line 34, in run
rank=00 L08:     runpy.run_path(args.arguments[0], run_name='__main__')
rank=00 L09:   File "/home/modules/software/Python/3.7.4-GCCcore-8.3.0/lib/python3.7/runpy.py", line 263, in run_path
rank=00 L10:     pkg_name=pkg_name, script_name=fname)
rank=00 L11:   File "/home/modules/software/Python/3.7.4-GCCcore-8.3.0/lib/python3.7/runpy.py", line 96, in _run_module_code
rank=00 L12:     mod_name, mod_spec, pkg_name, script_name)
rank=00 L13:   File "/home/modules/software/Python/3.7.4-GCCcore-8.3.0/lib/python3.7/runpy.py", line 85, in _run_code
rank=00 L14:     exec(code, run_globals)
rank=00 L15:   File "relax_material.py", line 24, in <module>
rank=00 L16:     uf = UnitCellFilter(structure, mask=[1, 1, 1, 1, 1, 1])
rank=00 L17: NameError: name 'UnitCellFilter' is not defined
GPAW CLEANUP (node 0): <class 'NameError'> occurred.  Calling MPI_Abort!
rank=22 L00: Traceback (most recent call last):
rank=22 L01:   File "/home/niflheim/madkru/venv_folder/bin/gpaw", line 11, in <module>
rank=22 L02:     load_entry_point('gpaw', 'console_scripts', 'gpaw')()
rank=22 L03:   File "/home/niflheim/madkru/venv_folder/gpaw/gpaw/cli/main.py", line 81, in main
rank=22 L04:     commands, hook, args)
rank=22 L05:   File "/home/niflheim/madkru/venv_folder/ase/ase/cli/main.py", line 102, in main
rank=22 L06:     f(args)
rank=22 L07:   File "/home/niflheim/madkru/venv_folder/gpaw/gpaw/cli/python.py", line 34, in run
rank=22 L08:     runpy.run_path(args.arguments[0], run_name='__main__')
rank=22 L09:   File "/home/modules/software/Python/3.7.4-GCCcore-8.3.0/lib/python3.7/runpy.py", line 263, in run_path
rank=22 L10:     pkg_name=pkg_name, script_name=fname)
rank=22 L11:   File "/home/modules/software/Python/3.7.4-GCCcore-8.3.0/lib/python3.7/runpy.py", line 96, in _run_module_code
rank=22 L12:     mod_name, mod_spec, pkg_name, script_name)
rank=22 L13:   File "/home/modules/software/Python/3.7.4-GCCcore-8.3.0/lib/python3.7/runpy.py", line 85, in _run_code
rank=22 L14:     exec(code, run_globals)
rank=22 L15:   File "relax_material.py", line 24, in <module>
rank=22 L16:     uf = UnitCellFilter(structure, mask=[1, 1, 1, 1, 1, 1])
rank=22 L17: NameError: name 'UnitCellFilter' is not defined
GPAW CLEANUP (node 22): <class 'NameError'> occurred.  Calling MPI_Abort!
rank=17 L00: Traceback (most recent call last):
rank=17 L01:   File "/home/niflheim/madkru/venv_folder/bin/gpaw", line 11, in <module>
rank=17 L02:     load_entry_point('gpaw', 'console_scripts', 'gpaw')()
rank=17 L03:   File "/home/niflheim/madkru/venv_folder/gpaw/gpaw/cli/main.py", line 81, in main
rank=17 L04:     commands, hook, args)
rank=17 L05:   File "/home/niflheim/madkru/venv_folder/ase/ase/cli/main.py", line 102, in main
rank=17 L06:     f(args)
rank=17 L07:   File "/home/niflheim/madkru/venv_folder/gpaw/gpaw/cli/python.py", line 34, in run
rank=17 L08:     runpy.run_path(args.arguments[0], run_name='__main__')
rank=17 L09:   File "/home/modules/software/Python/3.7.4-GCCcore-8.3.0/lib/python3.7/runpy.py", line 263, in run_path
rank=17 L10:     pkg_name=pkg_name, script_name=fname)
rank=17 L11:   File "/home/modules/software/Python/3.7.4-GCCcore-8.3.0/lib/python3.7/runpy.py", line 96, in _run_module_code
rank=17 L12:     mod_name, mod_spec, pkg_name, script_name)
rank=17 L13:   File "/home/modules/software/Python/3.7.4-GCCcore-8.3.0/lib/python3.7/runpy.py", line 85, in _run_code
rank=17 L14:     exec(code, run_globals)
rank=17 L15:   File "relax_material.py", line 24, in <module>
rank=17 L16:     uf = UnitCellFilter(structure, mask=[1, 1, 1, 1, 1, 1])
rank=17 L17: NameError: name 'UnitCellFilter' is not defined
GPAW CLEANUP (node 17): <class 'NameError'> occurred.  Calling MPI_Abort!
rank=16 L00: Traceback (most recent call last):
rank=16 L01:   File "/home/niflheim/madkru/venv_folder/bin/gpaw", line 11, in <module>
rank=16 L02:     load_entry_point('gpaw', 'console_scripts', 'gpaw')()
rank=16 L03:   File "/home/niflheim/madkru/venv_folder/gpaw/gpaw/cli/main.py", line 81, in main
rank=16 L04:     commands, hook, args)
rank=16 L05:   File "/home/niflheim/madkru/venv_folder/ase/ase/cli/main.py", line 102, in main
rank=16 L06:     f(args)
rank=16 L07:   File "/home/niflheim/madkru/venv_folder/gpaw/gpaw/cli/python.py", line 34, in run
rank=16 L08:     runpy.run_path(args.arguments[0], run_name='__main__')
rank=16 L09:   File "/home/modules/software/Python/3.7.4-GCCcore-8.3.0/lib/python3.7/runpy.py", line 263, in run_path
rank=16 L10:     pkg_name=pkg_name, script_name=fname)
rank=16 L11:   File "/home/modules/software/Python/3.7.4-GCCcore-8.3.0/lib/python3.7/runpy.py", line 96, in _run_module_code
rank=16 L12:     mod_name, mod_spec, pkg_name, script_name)
rank=16 L13:   File "/home/modules/software/Python/3.7.4-GCCcore-8.3.0/lib/python3.7/runpy.py", line 85, in _run_code
rank=16 L14:     exec(code, run_globals)
rank=16 L15:   File "relax_material.py", line 24, in <module>
rank=16 L16:     uf = UnitCellFilter(structure, mask=[1, 1, 1, 1, 1, 1])
rank=16 L17: NameError: name 'UnitCellFilter' is not defined
GPAW CLEANUP (node 16): <class 'NameError'> occurred.  Calling MPI_Abort!
rank=27 L00: Traceback (most recent call last):
rank=27 L01:   File "/home/niflheim/madkru/venv_folder/bin/gpaw", line 11, in <module>
rank=27 L02:     load_entry_point('gpaw', 'console_scripts', 'gpaw')()
rank=27 L03:   File "/home/niflheim/madkru/venv_folder/gpaw/gpaw/cli/main.py", line 81, in main
rank=27 L04:     commands, hook, args)
rank=27 L05:   File "/home/niflheim/madkru/venv_folder/ase/ase/cli/main.py", line 102, in main
rank=27 L06:     f(args)
rank=27 L07:   File "/home/niflheim/madkru/venv_folder/gpaw/gpaw/cli/python.py", line 34, in run
rank=27 L08:     runpy.run_path(args.arguments[0], run_name='__main__')
rank=27 L09:   File "/home/modules/software/Python/3.7.4-GCCcore-8.3.0/lib/python3.7/runpy.py", line 263, in run_path
rank=27 L10:     pkg_name=pkg_name, script_name=fname)
rank=27 L11:   File "/home/modules/software/Python/3.7.4-GCCcore-8.3.0/lib/python3.7/runpy.py", line 96, in _run_module_code
rank=27 L12:     mod_name, mod_spec, pkg_name, script_name)
rank=27 L13:   File "/home/modules/software/Python/3.7.4-GCCcore-8.3.0/lib/python3.7/runpy.py", line 85, in _run_code
rank=27 L14:     exec(code, run_globals)
rank=27 L15:   File "relax_material.py", line 24, in <module>
rank=27 L16:     uf = UnitCellFilter(structure, mask=[1, 1, 1, 1, 1, 1])
rank=27 L17: NameError: name 'UnitCellFilter' is not defined
GPAW CLEANUP (node 27): <class 'NameError'> occurred.  Calling MPI_Abort!
rank=25 L00: Traceback (most recent call last):
rank=25 L01:   File "/home/niflheim/madkru/venv_folder/bin/gpaw", line 11, in <module>
rank=25 L02:     load_entry_point('gpaw', 'console_scripts', 'gpaw')()
rank=25 L03:   File "/home/niflheim/madkru/venv_folder/gpaw/gpaw/cli/main.py", line 81, in main
rank=25 L04:     commands, hook, args)
rank=25 L05:   File "/home/niflheim/madkru/venv_folder/ase/ase/cli/main.py", line 102, in main
rank=25 L06:     f(args)
rank=25 L07:   File "/home/niflheim/madkru/venv_folder/gpaw/gpaw/cli/python.py", line 34, in run
rank=25 L08:     runpy.run_path(args.arguments[0], run_name='__main__')
rank=25 L09:   File "/home/modules/software/Python/3.7.4-GCCcore-8.3.0/lib/python3.7/runpy.py", line 263, in run_path
rank=25 L10:     pkg_name=pkg_name, script_name=fname)
rank=25 L11:   File "/home/modules/software/Python/3.7.4-GCCcore-8.3.0/lib/python3.7/runpy.py", line 96, in _run_module_code
rank=25 L12:     mod_name, mod_spec, pkg_name, script_name)
rank=25 L13:   File "/home/modules/software/Python/3.7.4-GCCcore-8.3.0/lib/python3.7/runpy.py", line 85, in _run_code
rank=25 L14:     exec(code, run_globals)
rank=25 L15:   File "relax_material.py", line 24, in <module>
rank=25 L16:     uf = UnitCellFilter(structure, mask=[1, 1, 1, 1, 1, 1])
rank=25 L17: NameError: name 'UnitCellFilter' is not defined
GPAW CLEANUP (node 25): <class 'NameError'> occurred.  Calling MPI_Abort!
rank=24 L00: Traceback (most recent call last):
rank=24 L01:   File "/home/niflheim/madkru/venv_folder/bin/gpaw", line 11, in <module>
rank=24 L02:     load_entry_point('gpaw', 'console_scripts', 'gpaw')()
rank=24 L03:   File "/home/niflheim/madkru/venv_folder/gpaw/gpaw/cli/main.py", line 81, in main
rank=24 L04:     commands, hook, args)
rank=24 L05:   File "/home/niflheim/madkru/venv_folder/ase/ase/cli/main.py", line 102, in main
rank=24 L06:     f(args)
rank=24 L07:   File "/home/niflheim/madkru/venv_folder/gpaw/gpaw/cli/python.py", line 34, in run
rank=24 L08:     runpy.run_path(args.arguments[0], run_name='__main__')
rank=24 L09:   File "/home/modules/software/Python/3.7.4-GCCcore-8.3.0/lib/python3.7/runpy.py", line 263, in run_path
rank=24 L10:     pkg_name=pkg_name, script_name=fname)
rank=24 L11:   File "/home/modules/software/Python/3.7.4-GCCcore-8.3.0/lib/python3.7/runpy.py", line 96, in _run_module_code
rank=24 L12:     mod_name, mod_spec, pkg_name, script_name)
rank=24 L13:   File "/home/modules/software/Python/3.7.4-GCCcore-8.3.0/lib/python3.7/runpy.py", line 85, in _run_code
rank=24 L14:     exec(code, run_globals)
rank=24 L15:   File "relax_material.py", line 24, in <module>
rank=24 L16:     uf = UnitCellFilter(structure, mask=[1, 1, 1, 1, 1, 1])
rank=24 L17: NameError: name 'UnitCellFilter' is not defined
GPAW CLEANUP (node 24): <class 'NameError'> occurred.  Calling MPI_Abort!
rank=21 L00: Traceback (most recent call last):
rank=21 L01:   File "/home/niflheim/madkru/venv_folder/bin/gpaw", line 11, in <module>
rank=21 L02:     load_entry_point('gpaw', 'console_scripts', 'gpaw')()
rank=21 L03:   File "/home/niflheim/madkru/venv_folder/gpaw/gpaw/cli/main.py", line 81, in main
rank=21 L04:     commands, hook, args)
rank=21 L05:   File "/home/niflheim/madkru/venv_folder/ase/ase/cli/main.py", line 102, in main
rank=21 L06:     f(args)
rank=21 L07:   File "/home/niflheim/madkru/venv_folder/gpaw/gpaw/cli/python.py", line 34, in run
rank=21 L08:     runpy.run_path(args.arguments[0], run_name='__main__')
rank=21 L09:   File "/home/modules/software/Python/3.7.4-GCCcore-8.3.0/lib/python3.7/runpy.py", line 263, in run_path
rank=21 L10:     pkg_name=pkg_name, script_name=fname)
rank=21 L11:   File "/home/modules/software/Python/3.7.4-GCCcore-8.3.0/lib/python3.7/runpy.py", line 96, in _run_module_code
rank=21 L12:     mod_name, mod_spec, pkg_name, script_name)
rank=21 L13:   File "/home/modules/software/Python/3.7.4-GCCcore-8.3.0/lib/python3.7/runpy.py", line 85, in _run_code
rank=21 L14:     exec(code, run_globals)
rank=21 L15:   File "relax_material.py", line 24, in <module>
rank=21 L16:     uf = UnitCellFilter(structure, mask=[1, 1, 1, 1, 1, 1])
rank=21 L17: NameError: name 'UnitCellFilter' is not defined
GPAW CLEANUP (node 21): <class 'NameError'> occurred.  Calling MPI_Abort!
rank=26 L00: Traceback (most recent call last):
rank=26 L01:   File "/home/niflheim/madkru/venv_folder/bin/gpaw", line 11, in <module>
rank=26 L02:     load_entry_point('gpaw', 'console_scripts', 'gpaw')()
rank=26 L03:   File "/home/niflheim/madkru/venv_folder/gpaw/gpaw/cli/main.py", line 81, in main
rank=26 L04:     commands, hook, args)
rank=26 L05:   File "/home/niflheim/madkru/venv_folder/ase/ase/cli/main.py", line 102, in main
rank=26 L06:     f(args)
rank=26 L07:   File "/home/niflheim/madkru/venv_folder/gpaw/gpaw/cli/python.py", line 34, in run
rank=26 L08:     runpy.run_path(args.arguments[0], run_name='__main__')
rank=26 L09:   File "/home/modules/software/Python/3.7.4-GCCcore-8.3.0/lib/python3.7/runpy.py", line 263, in run_path
rank=26 L10:     pkg_name=pkg_name, script_name=fname)
rank=26 L11:   File "/home/modules/software/Python/3.7.4-GCCcore-8.3.0/lib/python3.7/runpy.py", line 96, in _run_module_code
rank=26 L12:     mod_name, mod_spec, pkg_name, script_name)
rank=26 L13:   File "/home/modules/software/Python/3.7.4-GCCcore-8.3.0/lib/python3.7/runpy.py", line 85, in _run_code
rank=26 L14:     exec(code, run_globals)
rank=26 L15:   File "relax_material.py", line 24, in <module>
rank=26 L16:     uf = UnitCellFilter(structure, mask=[1, 1, 1, 1, 1, 1])
rank=26 L17: NameError: name 'UnitCellFilter' is not defined
GPAW CLEANUP (node 26): <class 'NameError'> occurred.  Calling MPI_Abort!
rank=31 L00: Traceback (most recent call last):
rank=31 L01:   File "/home/niflheim/madkru/venv_folder/bin/gpaw", line 11, in <module>
rank=31 L02:     load_entry_point('gpaw', 'console_scripts', 'gpaw')()
rank=31 L03:   File "/home/niflheim/madkru/venv_folder/gpaw/gpaw/cli/main.py", line 81, in main
rank=31 L04:     commands, hook, args)
rank=31 L05:   File "/home/niflheim/madkru/venv_folder/ase/ase/cli/main.py", line 102, in main
rank=31 L06:     f(args)
rank=31 L07:   File "/home/niflheim/madkru/venv_folder/gpaw/gpaw/cli/python.py", line 34, in run
rank=31 L08:     runpy.run_path(args.arguments[0], run_name='__main__')
rank=31 L09:   File "/home/modules/software/Python/3.7.4-GCCcore-8.3.0/lib/python3.7/runpy.py", line 263, in run_path
rank=31 L10:     pkg_name=pkg_name, script_name=fname)
rank=31 L11:   File "/home/modules/software/Python/3.7.4-GCCcore-8.3.0/lib/python3.7/runpy.py", line 96, in _run_module_code
rank=31 L12:     mod_name, mod_spec, pkg_name, script_name)
rank=31 L13:   File "/home/modules/software/Python/3.7.4-GCCcore-8.3.0/lib/python3.7/runpy.py", line 85, in _run_code
rank=31 L14:     exec(code, run_globals)
rank=31 L15:   File "relax_material.py", line 24, in <module>
rank=31 L16:     uf = UnitCellFilter(structure, mask=[1, 1, 1, 1, 1, 1])
rank=31 L17: NameError: name 'UnitCellFilter' is not defined
GPAW CLEANUP (node 31): <class 'NameError'> occurred.  Calling MPI_Abort!
rank=18 L00: Traceback (most recent call last):
rank=18 L01:   File "/home/niflheim/madkru/venv_folder/bin/gpaw", line 11, in <module>
rank=18 L02:     load_entry_point('gpaw', 'console_scripts', 'gpaw')()
rank=18 L03:   File "/home/niflheim/madkru/venv_folder/gpaw/gpaw/cli/main.py", line 81, in main
rank=18 L04:     commands, hook, args)
rank=18 L05:   File "/home/niflheim/madkru/venv_folder/ase/ase/cli/main.py", line 102, in main
rank=18 L06:     f(args)
rank=18 L07:   File "/home/niflheim/madkru/venv_folder/gpaw/gpaw/cli/python.py", line 34, in run
rank=18 L08:     runpy.run_path(args.arguments[0], run_name='__main__')
rank=18 L09:   File "/home/modules/software/Python/3.7.4-GCCcore-8.3.0/lib/python3.7/runpy.py", line 263, in run_path
rank=18 L10:     pkg_name=pkg_name, script_name=fname)
rank=18 L11:   File "/home/modules/software/Python/3.7.4-GCCcore-8.3.0/lib/python3.7/runpy.py", line 96, in _run_module_code
rank=18 L12:     mod_name, mod_spec, pkg_name, script_name)
rank=18 L13:   File "/home/modules/software/Python/3.7.4-GCCcore-8.3.0/lib/python3.7/runpy.py", line 85, in _run_code
rank=18 L14:     exec(code, run_globals)
rank=18 L15:   File "relax_material.py", line 24, in <module>
rank=18 L16:     uf = UnitCellFilter(structure, mask=[1, 1, 1, 1, 1, 1])
rank=18 L17: NameError: name 'UnitCellFilter' is not defined
GPAW CLEANUP (node 18): <class 'NameError'> occurred.  Calling MPI_Abort!
rank=29 L00: Traceback (most recent call last):
rank=29 L01:   File "/home/niflheim/madkru/venv_folder/bin/gpaw", line 11, in <module>
rank=29 L02:     load_entry_point('gpaw', 'console_scripts', 'gpaw')()
rank=29 L03:   File "/home/niflheim/madkru/venv_folder/gpaw/gpaw/cli/main.py", line 81, in main
rank=29 L04:     commands, hook, args)
rank=29 L05:   File "/home/niflheim/madkru/venv_folder/ase/ase/cli/main.py", line 102, in main
rank=29 L06:     f(args)
rank=29 L07:   File "/home/niflheim/madkru/venv_folder/gpaw/gpaw/cli/python.py", line 34, in run
rank=29 L08:     runpy.run_path(args.arguments[0], run_name='__main__')
rank=29 L09:   File "/home/modules/software/Python/3.7.4-GCCcore-8.3.0/lib/python3.7/runpy.py", line 263, in run_path
rank=29 L10:     pkg_name=pkg_name, script_name=fname)
rank=29 L11:   File "/home/modules/software/Python/3.7.4-GCCcore-8.3.0/lib/python3.7/runpy.py", line 96, in _run_module_code
rank=29 L12:     mod_name, mod_spec, pkg_name, script_name)
rank=29 L13:   File "/home/modules/software/Python/3.7.4-GCCcore-8.3.0/lib/python3.7/runpy.py", line 85, in _run_code
rank=29 L14:     exec(code, run_globals)
rank=29 L15:   File "relax_material.py", line 24, in <module>
rank=29 L16:     uf = UnitCellFilter(structure, mask=[1, 1, 1, 1, 1, 1])
rank=29 L17: NameError: name 'UnitCellFilter' is not defined
GPAW CLEANUP (node 29): <class 'NameError'> occurred.  Calling MPI_Abort!
rank=28 L00: Traceback (most recent call last):
rank=28 L01:   File "/home/niflheim/madkru/venv_folder/bin/gpaw", line 11, in <module>
rank=28 L02:     load_entry_point('gpaw', 'console_scripts', 'gpaw')()
rank=28 L03:   File "/home/niflheim/madkru/venv_folder/gpaw/gpaw/cli/main.py", line 81, in main
rank=28 L04:     commands, hook, args)
rank=28 L05:   File "/home/niflheim/madkru/venv_folder/ase/ase/cli/main.py", line 102, in main
rank=28 L06:     f(args)
rank=28 L07:   File "/home/niflheim/madkru/venv_folder/gpaw/gpaw/cli/python.py", line 34, in run
rank=28 L08:     runpy.run_path(args.arguments[0], run_name='__main__')
rank=28 L09:   File "/home/modules/software/Python/3.7.4-GCCcore-8.3.0/lib/python3.7/runpy.py", line 263, in run_path
rank=28 L10:     pkg_name=pkg_name, script_name=fname)
rank=28 L11:   File "/home/modules/software/Python/3.7.4-GCCcore-8.3.0/lib/python3.7/runpy.py", line 96, in _run_module_code
rank=28 L12:     mod_name, mod_spec, pkg_name, script_name)
rank=28 L13:   File "/home/modules/software/Python/3.7.4-GCCcore-8.3.0/lib/python3.7/runpy.py", line 85, in _run_code
rank=28 L14:     exec(code, run_globals)
rank=28 L15:   File "relax_material.py", line 24, in <module>
rank=28 L16:     uf = UnitCellFilter(structure, mask=[1, 1, 1, 1, 1, 1])
rank=28 L17: NameError: name 'UnitCellFilter' is not defined
GPAW CLEANUP (node 28): <class 'NameError'> occurred.  Calling MPI_Abort!
rank=19 L00: Traceback (most recent call last):
rank=19 L01:   File "/home/niflheim/madkru/venv_folder/bin/gpaw", line 11, in <module>
rank=19 L02:     load_entry_point('gpaw', 'console_scripts', 'gpaw')()
rank=19 L03:   File "/home/niflheim/madkru/venv_folder/gpaw/gpaw/cli/main.py", line 81, in main
rank=19 L04:     commands, hook, args)
rank=19 L05:   File "/home/niflheim/madkru/venv_folder/ase/ase/cli/main.py", line 102, in main
rank=19 L06:     f(args)
rank=19 L07:   File "/home/niflheim/madkru/venv_folder/gpaw/gpaw/cli/python.py", line 34, in run
rank=19 L08:     runpy.run_path(args.arguments[0], run_name='__main__')
rank=19 L09:   File "/home/modules/software/Python/3.7.4-GCCcore-8.3.0/lib/python3.7/runpy.py", line 263, in run_path
rank=19 L10:     pkg_name=pkg_name, script_name=fname)
rank=19 L11:   File "/home/modules/software/Python/3.7.4-GCCcore-8.3.0/lib/python3.7/runpy.py", line 96, in _run_module_code
rank=19 L12:     mod_name, mod_spec, pkg_name, script_name)
rank=19 L13:   File "/home/modules/software/Python/3.7.4-GCCcore-8.3.0/lib/python3.7/runpy.py", line 85, in _run_code
rank=19 L14:     exec(code, run_globals)
rank=19 L15:   File "relax_material.py", line 24, in <module>
rank=19 L16:     uf = UnitCellFilter(structure, mask=[1, 1, 1, 1, 1, 1])
rank=19 L17: NameError: name 'UnitCellFilter' is not defined
GPAW CLEANUP (node 19): <class 'NameError'> occurred.  Calling MPI_Abort!
rank=23 L00: Traceback (most recent call last):
rank=23 L01:   File "/home/niflheim/madkru/venv_folder/bin/gpaw", line 11, in <module>
rank=23 L02:     load_entry_point('gpaw', 'console_scripts', 'gpaw')()
rank=23 L03:   File "/home/niflheim/madkru/venv_folder/gpaw/gpaw/cli/main.py", line 81, in main
rank=23 L04:     commands, hook, args)
rank=23 L05:   File "/home/niflheim/madkru/venv_folder/ase/ase/cli/main.py", line 102, in main
rank=23 L06:     f(args)
rank=23 L07:   File "/home/niflheim/madkru/venv_folder/gpaw/gpaw/cli/python.py", line 34, in run
rank=23 L08:     runpy.run_path(args.arguments[0], run_name='__main__')
rank=23 L09:   File "/home/modules/software/Python/3.7.4-GCCcore-8.3.0/lib/python3.7/runpy.py", line 263, in run_path
rank=23 L10:     pkg_name=pkg_name, script_name=fname)
rank=23 L11:   File "/home/modules/software/Python/3.7.4-GCCcore-8.3.0/lib/python3.7/runpy.py", line 96, in _run_module_code
rank=23 L12:     mod_name, mod_spec, pkg_name, script_name)
rank=23 L13:   File "/home/modules/software/Python/3.7.4-GCCcore-8.3.0/lib/python3.7/runpy.py", line 85, in _run_code
rank=23 L14:     exec(code, run_globals)
rank=23 L15:   File "relax_material.py", line 24, in <module>
rank=23 L16:     uf = UnitCellFilter(structure, mask=[1, 1, 1, 1, 1, 1])
rank=23 L17: NameError: name 'UnitCellFilter' is not defined
GPAW CLEANUP (node 23): <class 'NameError'> occurred.  Calling MPI_Abort!
rank=20 L00: Traceback (most recent call last):
rank=20 L01:   File "/home/niflheim/madkru/venv_folder/bin/gpaw", line 11, in <module>
rank=20 L02:     load_entry_point('gpaw', 'console_scripts', 'gpaw')()
rank=20 L03:   File "/home/niflheim/madkru/venv_folder/gpaw/gpaw/cli/main.py", line 81, in main
rank=20 L04:     commands, hook, args)
rank=20 L05:   File "/home/niflheim/madkru/venv_folder/ase/ase/cli/main.py", line 102, in main
rank=20 L06:     f(args)
rank=20 L07:   File "/home/niflheim/madkru/venv_folder/gpaw/gpaw/cli/python.py", line 34, in run
rank=20 L08:     runpy.run_path(args.arguments[0], run_name='__main__')
rank=20 L09:   File "/home/modules/software/Python/3.7.4-GCCcore-8.3.0/lib/python3.7/runpy.py", line 263, in run_path
rank=20 L10:     pkg_name=pkg_name, script_name=fname)
rank=20 L11:   File "/home/modules/software/Python/3.7.4-GCCcore-8.3.0/lib/python3.7/runpy.py", line 96, in _run_module_code
rank=20 L12:     mod_name, mod_spec, pkg_name, script_name)
rank=20 L13:   File "/home/modules/software/Python/3.7.4-GCCcore-8.3.0/lib/python3.7/runpy.py", line 85, in _run_code
rank=20 L14:     exec(code, run_globals)
rank=20 L15:   File "relax_material.py", line 24, in <module>
rank=20 L16:     uf = UnitCellFilter(structure, mask=[1, 1, 1, 1, 1, 1])
rank=20 L17: NameError: name 'UnitCellFilter' is not defined
GPAW CLEANUP (node 20): <class 'NameError'> occurred.  Calling MPI_Abort!
rank=30 L00: Traceback (most recent call last):
rank=30 L01:   File "/home/niflheim/madkru/venv_folder/bin/gpaw", line 11, in <module>
rank=30 L02:     load_entry_point('gpaw', 'console_scripts', 'gpaw')()
rank=30 L03:   File "/home/niflheim/madkru/venv_folder/gpaw/gpaw/cli/main.py", line 81, in main
rank=30 L04:     commands, hook, args)
rank=30 L05:   File "/home/niflheim/madkru/venv_folder/ase/ase/cli/main.py", line 102, in main
rank=30 L06:     f(args)
rank=30 L07:   File "/home/niflheim/madkru/venv_folder/gpaw/gpaw/cli/python.py", line 34, in run
rank=30 L08:     runpy.run_path(args.arguments[0], run_name='__main__')
rank=30 L09:   File "/home/modules/software/Python/3.7.4-GCCcore-8.3.0/lib/python3.7/runpy.py", line 263, in run_path
rank=30 L10:     pkg_name=pkg_name, script_name=fname)
rank=30 L11:   File "/home/modules/software/Python/3.7.4-GCCcore-8.3.0/lib/python3.7/runpy.py", line 96, in _run_module_code
rank=30 L12:     mod_name, mod_spec, pkg_name, script_name)
rank=30 L13:   File "/home/modules/software/Python/3.7.4-GCCcore-8.3.0/lib/python3.7/runpy.py", line 85, in _run_code
rank=30 L14:     exec(code, run_globals)
rank=30 L15:   File "relax_material.py", line 24, in <module>
rank=30 L16:     uf = UnitCellFilter(structure, mask=[1, 1, 1, 1, 1, 1])
rank=30 L17: NameError: name 'UnitCellFilter' is not defined
GPAW CLEANUP (node 30): <class 'NameError'> occurred.  Calling MPI_Abort!
--------------------------------------------------------------------------
MPI_ABORT was invoked on rank 2 in communicator MPI_COMM_WORLD
with errorcode 42.

NOTE: invoking MPI_ABORT causes Open MPI to kill all MPI processes.
You may or may not see output from other processes, depending on
exactly when Open MPI kills them.
--------------------------------------------------------------------------
[g093.nifl.fysik.dtu.dk:06455] 21 more processes have sent help message help-mpi-api.txt / mpi-abort
[g093.nifl.fysik.dtu.dk:06455] Set MCA parameter "orte_base_help_aggregate" to 0 to see all help / error messages
